[0.210s] Invoking command in '/home/pi4b/PBL5/uros_ws/build/saye_bringup': AMENT_PREFIX_PATH=/home/pi4b/PBL5/uros_ws/install/saye_description:${AMENT_PREFIX_PATH} CMAKE_PREFIX_PATH=/home/pi4b/PBL5/uros_ws/install/saye_description:/home/pi4b/PBL5/uros_ws/install/ydlidar_robot_bringup:/home/pi4b/PBL5/uros_ws/install/robot_bringup:/home/pi4b/PBL5/uros_ws/install/micro_ros_setup:/home/pi4b/PBL5/uros_ws/install/micro_ros_agent:/home/pi4b/PBL5/uros_ws/install/micro_ros_msgs:/home/pi4b/PBL5/ydlidar_ws/install/ydlidar_ros2_driver:/home/pi4b/PBL5/ydlidar_ws/install/slam_gmapping:/home/pi4b/PBL5/ydlidar_ws/install/openslam_gmapping:/opt/ros/humble /usr/bin/cmake /home/pi4b/PBL5/uros_ws/src/ackermann-vehicle-gzsim-ros2/saye_bringup -DAMENT_CMAKE_SYMLINK_INSTALL=1 -DCMAKE_INSTALL_PREFIX=/home/pi4b/PBL5/uros_ws/install/saye_bringup
[0.676s] -- The C compiler identification is GNU 11.4.0
[1.327s] -- The CXX compiler identification is GNU 11.4.0
[1.434s] -- Detecting C compiler ABI info
[2.223s] -- Detecting C compiler ABI info - done
[2.295s] -- Check for working C compiler: /usr/bin/cc - skipped
[2.301s] -- Detecting C compile features
[2.303s] -- Detecting C compile features - done
[2.336s] -- Detecting CXX compiler ABI info
[3.285s] -- Detecting CXX compiler ABI info - done
[3.351s] -- Check for working CXX compiler: /usr/bin/c++ - skipped
[3.357s] -- Detecting CXX compile features
[3.376s] -- Detecting CXX compile features - done
[3.451s] -- Found ament_cmake: 1.3.14 (/opt/ros/humble/share/ament_cmake/cmake)
[5.574s] -- Found Python3: /usr/bin/python3 (found version "3.10.12") found components: Interpreter 
[6.413s] -- Override CMake install command with custom implementation using symlinks instead of copying resources
[7.360s] -- Found saye_description: 0.0.0 (/home/pi4b/PBL5/uros_ws/install/saye_description/share/saye_description/cmake)
[7.397s] -- Found ament_lint_auto: 0.12.15 (/opt/ros/humble/share/ament_lint_auto/cmake)
[8.327s] -- Configuring done
[8.394s] -- Generating done
[8.448s] -- Build files have been written to: /home/pi4b/PBL5/uros_ws/build/saye_bringup
[8.518s] Invoked command in '/home/pi4b/PBL5/uros_ws/build/saye_bringup' returned '0': AMENT_PREFIX_PATH=/home/pi4b/PBL5/uros_ws/install/saye_description:${AMENT_PREFIX_PATH} CMAKE_PREFIX_PATH=/home/pi4b/PBL5/uros_ws/install/saye_description:/home/pi4b/PBL5/uros_ws/install/ydlidar_robot_bringup:/home/pi4b/PBL5/uros_ws/install/robot_bringup:/home/pi4b/PBL5/uros_ws/install/micro_ros_setup:/home/pi4b/PBL5/uros_ws/install/micro_ros_agent:/home/pi4b/PBL5/uros_ws/install/micro_ros_msgs:/home/pi4b/PBL5/ydlidar_ws/install/ydlidar_ros2_driver:/home/pi4b/PBL5/ydlidar_ws/install/slam_gmapping:/home/pi4b/PBL5/ydlidar_ws/install/openslam_gmapping:/opt/ros/humble /usr/bin/cmake /home/pi4b/PBL5/uros_ws/src/ackermann-vehicle-gzsim-ros2/saye_bringup -DAMENT_CMAKE_SYMLINK_INSTALL=1 -DCMAKE_INSTALL_PREFIX=/home/pi4b/PBL5/uros_ws/install/saye_bringup
[8.520s] Invoking command in '/home/pi4b/PBL5/uros_ws/build/saye_bringup': AMENT_PREFIX_PATH=/home/pi4b/PBL5/uros_ws/install/saye_description:${AMENT_PREFIX_PATH} CMAKE_PREFIX_PATH=/home/pi4b/PBL5/uros_ws/install/saye_description:/home/pi4b/PBL5/uros_ws/install/ydlidar_robot_bringup:/home/pi4b/PBL5/uros_ws/install/robot_bringup:/home/pi4b/PBL5/uros_ws/install/micro_ros_setup:/home/pi4b/PBL5/uros_ws/install/micro_ros_agent:/home/pi4b/PBL5/uros_ws/install/micro_ros_msgs:/home/pi4b/PBL5/ydlidar_ws/install/ydlidar_ros2_driver:/home/pi4b/PBL5/ydlidar_ws/install/slam_gmapping:/home/pi4b/PBL5/ydlidar_ws/install/openslam_gmapping:/opt/ros/humble /usr/bin/cmake --build /home/pi4b/PBL5/uros_ws/build/saye_bringup -- -j4 -l4
[9.061s] Invoked command in '/home/pi4b/PBL5/uros_ws/build/saye_bringup' returned '0': AMENT_PREFIX_PATH=/home/pi4b/PBL5/uros_ws/install/saye_description:${AMENT_PREFIX_PATH} CMAKE_PREFIX_PATH=/home/pi4b/PBL5/uros_ws/install/saye_description:/home/pi4b/PBL5/uros_ws/install/ydlidar_robot_bringup:/home/pi4b/PBL5/uros_ws/install/robot_bringup:/home/pi4b/PBL5/uros_ws/install/micro_ros_setup:/home/pi4b/PBL5/uros_ws/install/micro_ros_agent:/home/pi4b/PBL5/uros_ws/install/micro_ros_msgs:/home/pi4b/PBL5/ydlidar_ws/install/ydlidar_ros2_driver:/home/pi4b/PBL5/ydlidar_ws/install/slam_gmapping:/home/pi4b/PBL5/ydlidar_ws/install/openslam_gmapping:/opt/ros/humble /usr/bin/cmake --build /home/pi4b/PBL5/uros_ws/build/saye_bringup -- -j4 -l4
[9.063s] Invoking command in '/home/pi4b/PBL5/uros_ws/build/saye_bringup': AMENT_PREFIX_PATH=/home/pi4b/PBL5/uros_ws/install/saye_description:${AMENT_PREFIX_PATH} CMAKE_PREFIX_PATH=/home/pi4b/PBL5/uros_ws/install/saye_description:/home/pi4b/PBL5/uros_ws/install/ydlidar_robot_bringup:/home/pi4b/PBL5/uros_ws/install/robot_bringup:/home/pi4b/PBL5/uros_ws/install/micro_ros_setup:/home/pi4b/PBL5/uros_ws/install/micro_ros_agent:/home/pi4b/PBL5/uros_ws/install/micro_ros_msgs:/home/pi4b/PBL5/ydlidar_ws/install/ydlidar_ros2_driver:/home/pi4b/PBL5/ydlidar_ws/install/slam_gmapping:/home/pi4b/PBL5/ydlidar_ws/install/openslam_gmapping:/opt/ros/humble /usr/bin/cmake --install /home/pi4b/PBL5/uros_ws/build/saye_bringup
[9.193s] -- Install configuration: ""
[9.205s] -- Execute custom install script
[9.220s] -- Symlinking: /home/pi4b/PBL5/uros_ws/install/saye_bringup/share/saye_bringup//launch/amcl.launch.py
[9.306s] -- Symlinking: /home/pi4b/PBL5/uros_ws/install/saye_bringup/share/saye_bringup//launch/navigation_bringup.launch.py
[9.380s] -- Symlinking: /home/pi4b/PBL5/uros_ws/install/saye_bringup/share/saye_bringup//launch/saye_spawn.launch.py
[9.473s] -- Symlinking: /home/pi4b/PBL5/uros_ws/install/saye_bringup/share/saye_bringup//launch/slam.launch.py
[9.525s] -- Symlinking: /home/pi4b/PBL5/uros_ws/install/saye_bringup/share/saye_bringup//maps/map.pgm
[9.601s] -- Symlinking: /home/pi4b/PBL5/uros_ws/install/saye_bringup/share/saye_bringup//maps/map.yaml
[9.687s] -- Symlinking: /home/pi4b/PBL5/uros_ws/install/saye_bringup/share/saye_bringup//rviz/navigation.rviz
[9.773s] -- Symlinking: /home/pi4b/PBL5/uros_ws/install/saye_bringup/share/saye_bringup//rviz/saye.rviz
[9.855s] -- Symlinking: /home/pi4b/PBL5/uros_ws/install/saye_bringup/share/saye_bringup//config/amcl.yaml
[9.916s] -- Symlinking: /home/pi4b/PBL5/uros_ws/install/saye_bringup/share/saye_bringup//config/nav2_params.yaml
[9.961s] -- Symlinking: /home/pi4b/PBL5/uros_ws/install/saye_bringup/share/saye_bringup//config/navigation.yaml
[10.049s] -- Symlinking: /home/pi4b/PBL5/uros_ws/install/saye_bringup/share/saye_bringup//config/ros_gz_bridge.yaml
[10.113s] -- Symlinking: /home/pi4b/PBL5/uros_ws/install/saye_bringup/share/saye_bringup//config/slam.yaml
[10.193s] -- Symlinking: /home/pi4b/PBL5/uros_ws/install/saye_bringup/share/ament_index/resource_index/package_run_dependencies/saye_bringup
[10.257s] -- Symlinking: /home/pi4b/PBL5/uros_ws/install/saye_bringup/share/ament_index/resource_index/parent_prefix_path/saye_bringup
[10.322s] -- Symlinking: /home/pi4b/PBL5/uros_ws/install/saye_bringup/share/saye_bringup/environment/ament_prefix_path.sh
[10.436s] -- Symlinking: /home/pi4b/PBL5/uros_ws/install/saye_bringup/share/saye_bringup/environment/ament_prefix_path.dsv
[10.516s] -- Symlinking: /home/pi4b/PBL5/uros_ws/install/saye_bringup/share/saye_bringup/environment/path.sh
[10.658s] -- Symlinking: /home/pi4b/PBL5/uros_ws/install/saye_bringup/share/saye_bringup/environment/path.dsv
[10.797s] -- Symlinking: /home/pi4b/PBL5/uros_ws/install/saye_bringup/share/saye_bringup/local_setup.bash
[10.930s] -- Symlinking: /home/pi4b/PBL5/uros_ws/install/saye_bringup/share/saye_bringup/local_setup.sh
[11.065s] -- Symlinking: /home/pi4b/PBL5/uros_ws/install/saye_bringup/share/saye_bringup/local_setup.zsh
[11.194s] -- Symlinking: /home/pi4b/PBL5/uros_ws/install/saye_bringup/share/saye_bringup/local_setup.dsv
[11.324s] -- Symlinking: /home/pi4b/PBL5/uros_ws/install/saye_bringup/share/saye_bringup/package.dsv
[11.418s] -- Symlinking: /home/pi4b/PBL5/uros_ws/install/saye_bringup/share/ament_index/resource_index/packages/saye_bringup
[11.550s] -- Symlinking: /home/pi4b/PBL5/uros_ws/install/saye_bringup/share/saye_bringup/cmake/saye_bringupConfig.cmake
[11.646s] -- Symlinking: /home/pi4b/PBL5/uros_ws/install/saye_bringup/share/saye_bringup/cmake/saye_bringupConfig-version.cmake
[11.733s] -- Symlinking: /home/pi4b/PBL5/uros_ws/install/saye_bringup/share/saye_bringup/package.xml
[11.912s] Invoked command in '/home/pi4b/PBL5/uros_ws/build/saye_bringup' returned '0': AMENT_PREFIX_PATH=/home/pi4b/PBL5/uros_ws/install/saye_description:${AMENT_PREFIX_PATH} CMAKE_PREFIX_PATH=/home/pi4b/PBL5/uros_ws/install/saye_description:/home/pi4b/PBL5/uros_ws/install/ydlidar_robot_bringup:/home/pi4b/PBL5/uros_ws/install/robot_bringup:/home/pi4b/PBL5/uros_ws/install/micro_ros_setup:/home/pi4b/PBL5/uros_ws/install/micro_ros_agent:/home/pi4b/PBL5/uros_ws/install/micro_ros_msgs:/home/pi4b/PBL5/ydlidar_ws/install/ydlidar_ros2_driver:/home/pi4b/PBL5/ydlidar_ws/install/slam_gmapping:/home/pi4b/PBL5/ydlidar_ws/install/openslam_gmapping:/opt/ros/humble /usr/bin/cmake --install /home/pi4b/PBL5/uros_ws/build/saye_bringup
