[0.084s] Invoking command in '/home/pi4b/PBL5/uros_ws/build/saye_control': CMAKE_PREFIX_PATH=/home/pi4b/PBL5/uros_ws/install/saye_msgs:/home/pi4b/PBL5/uros_ws/install/ydlidar_robot_bringup:/home/pi4b/PBL5/uros_ws/install/saye_control:/home/pi4b/PBL5/uros_ws/install/saye_bringup:/home/pi4b/PBL5/uros_ws/install/saye_description:/home/pi4b/PBL5/uros_ws/install/micro_ros_setup:/home/pi4b/PBL5/uros_ws/install/micro_ros_agent:/home/pi4b/PBL5/uros_ws/install/micro_ros_msgs:/home/pi4b/PBL5/ydlidar_ws/install/ydlidar_ros2_driver:/home/pi4b/PBL5/ydlidar_ws/install/slam_gmapping:/home/pi4b/PBL5/ydlidar_ws/install/openslam_gmapping:/opt/ros/humble /usr/bin/cmake /home/pi4b/PBL5/uros_ws/src/ackermann-vehicle-gzsim-ros2/saye_control -DAMENT_CMAKE_SYMLINK_INSTALL=1 -DCMAKE_INSTALL_PREFIX=/home/pi4b/PBL5/uros_ws/install/saye_control
[0.756s] -- The C compiler identification is GNU 11.4.0
[1.462s] -- The CXX compiler identification is GNU 11.4.0
[1.503s] -- Detecting C compiler ABI info
[1.902s] -- Detecting C compiler ABI info - done
[1.928s] -- Check for working C compiler: /usr/bin/cc - skipped
[1.933s] -- Detecting C compile features
[1.935s] -- Detecting C compile features - done
[1.952s] -- Detecting CXX compiler ABI info
[2.365s] -- Detecting CXX compiler ABI info - done
[2.391s] -- Check for working CXX compiler: /usr/bin/c++ - skipped
[2.392s] -- Detecting CXX compile features
[2.394s] -- Detecting CXX compile features - done
[2.450s] -- Found ament_cmake: 1.3.14 (/opt/ros/humble/share/ament_cmake/cmake)
[3.357s] -- Found Python3: /usr/bin/python3 (found version "3.10.12") found components: Interpreter 
[3.698s] -- Override CMake install command with custom implementation using symlinks instead of copying resources
[4.266s] -- Found rclcpp: 16.0.19 (/opt/ros/humble/share/rclcpp/cmake)
[4.869s] -- Found rosidl_generator_c: 3.1.8 (/opt/ros/humble/share/rosidl_generator_c/cmake)
[4.957s] -- Found rosidl_adapter: 3.1.8 (/opt/ros/humble/share/rosidl_adapter/cmake)
[5.059s] -- Found rosidl_generator_cpp: 3.1.8 (/opt/ros/humble/share/rosidl_generator_cpp/cmake)
[5.186s] -- Using all available rosidl_typesupport_c: rosidl_typesupport_fastrtps_c;rosidl_typesupport_introspection_c
[5.355s] -- Using all available rosidl_typesupport_cpp: rosidl_typesupport_fastrtps_cpp;rosidl_typesupport_introspection_cpp
[5.856s] -- Found rmw_implementation_cmake: 6.1.2 (/opt/ros/humble/share/rmw_implementation_cmake/cmake)
[5.902s] -- Found rmw_fastrtps_cpp: 6.2.10 (/opt/ros/humble/share/rmw_fastrtps_cpp/cmake)
[6.695s] -- Found OpenSSL: /usr/lib/aarch64-linux-gnu/libcrypto.so (found version "3.0.2")  
[7.035s] -- Found FastRTPS: /opt/ros/humble/include  
[7.580s] -- Using RMW implementation 'rmw_fastrtps_cpp' as default
[7.719s] -- Looking for pthread.h
[8.139s] -- Looking for pthread.h - found
[8.141s] -- Performing Test CMAKE_HAVE_LIBC_PTHREAD
[8.545s] -- Performing Test CMAKE_HAVE_LIBC_PTHREAD - Success
[8.549s] -- Found Threads: TRUE  
[8.936s] -- Found rclpy: 3.3.21 (/opt/ros/humble/share/rclpy/cmake)
[8.973s] -- Found sensor_msgs: 4.9.1 (/opt/ros/humble/share/sensor_msgs/cmake)
[9.149s] -- Found saye_msgs: 0.0.0 (/home/pi4b/PBL5/uros_ws/install/saye_msgs/share/saye_msgs/cmake)
[9.710s] -- Found ament_lint_auto: 0.12.15 (/opt/ros/humble/share/ament_lint_auto/cmake)
[10.390s] -- Added test 'cppcheck' to perform static code analysis on C / C++ code
[10.391s] -- Configured cppcheck include dirs: /home/pi4b/PBL5/uros_ws/src/ackermann-vehicle-gzsim-ros2/saye_control/include
[10.391s] -- Configured cppcheck exclude dirs and/or files: 
[10.399s] -- Added test 'flake8' to check Python code syntax and style conventions
[10.407s] -- Added test 'lint_cmake' to check CMake code style
[10.414s] -- Added test 'pep257' to check Python code against some of the docstring style conventions in PEP 257
[10.426s] -- Added test 'uncrustify' to check C / C++ code style
[10.428s] -- Configured uncrustify additional arguments: 
[10.434s] -- Added test 'xmllint' to check XML markup files
[10.451s] -- Configuring done
[10.559s] -- Generating done
[10.588s] -- Build files have been written to: /home/pi4b/PBL5/uros_ws/build/saye_control
[10.639s] Invoked command in '/home/pi4b/PBL5/uros_ws/build/saye_control' returned '0': CMAKE_PREFIX_PATH=/home/pi4b/PBL5/uros_ws/install/saye_msgs:/home/pi4b/PBL5/uros_ws/install/ydlidar_robot_bringup:/home/pi4b/PBL5/uros_ws/install/saye_control:/home/pi4b/PBL5/uros_ws/install/saye_bringup:/home/pi4b/PBL5/uros_ws/install/saye_description:/home/pi4b/PBL5/uros_ws/install/micro_ros_setup:/home/pi4b/PBL5/uros_ws/install/micro_ros_agent:/home/pi4b/PBL5/uros_ws/install/micro_ros_msgs:/home/pi4b/PBL5/ydlidar_ws/install/ydlidar_ros2_driver:/home/pi4b/PBL5/ydlidar_ws/install/slam_gmapping:/home/pi4b/PBL5/ydlidar_ws/install/openslam_gmapping:/opt/ros/humble /usr/bin/cmake /home/pi4b/PBL5/uros_ws/src/ackermann-vehicle-gzsim-ros2/saye_control -DAMENT_CMAKE_SYMLINK_INSTALL=1 -DCMAKE_INSTALL_PREFIX=/home/pi4b/PBL5/uros_ws/install/saye_control
[10.649s] Invoking command in '/home/pi4b/PBL5/uros_ws/build/saye_control': CMAKE_PREFIX_PATH=/home/pi4b/PBL5/uros_ws/install/saye_msgs:/home/pi4b/PBL5/uros_ws/install/ydlidar_robot_bringup:/home/pi4b/PBL5/uros_ws/install/saye_control:/home/pi4b/PBL5/uros_ws/install/saye_bringup:/home/pi4b/PBL5/uros_ws/install/saye_description:/home/pi4b/PBL5/uros_ws/install/micro_ros_setup:/home/pi4b/PBL5/uros_ws/install/micro_ros_agent:/home/pi4b/PBL5/uros_ws/install/micro_ros_msgs:/home/pi4b/PBL5/ydlidar_ws/install/ydlidar_ros2_driver:/home/pi4b/PBL5/ydlidar_ws/install/slam_gmapping:/home/pi4b/PBL5/ydlidar_ws/install/openslam_gmapping:/opt/ros/humble /usr/bin/cmake --build /home/pi4b/PBL5/uros_ws/build/saye_control -- -j4 -l4
[10.921s] [ 25%] [32mBuilding CXX object CMakeFiles/main.dir/src/main.cpp.o[0m
[10.931s] [ 50%] [32mBuilding CXX object CMakeFiles/client.dir/src/client.cpp.o[0m
[26.047s] In file included from [01m[K/home/pi4b/PBL5/uros_ws/src/ackermann-vehicle-gzsim-ros2/saye_control/src/main.cpp:1[m[K:
[26.047s] [01m[K/home/pi4b/PBL5/uros_ws/src/ackermann-vehicle-gzsim-ros2/saye_control/include/saye_control/control.hpp:[m[K In member function ‘[01m[Kvoid Control::service_callback(saye_msgs::srv::ShareMap_Request_<std::allocator<void> >::SharedPtr, saye_msgs::srv::ShareMap_Response_<std::allocator<void> >::SharedPtr)[m[K’:
[26.048s] [01m[K/home/pi4b/PBL5/uros_ws/src/ackermann-vehicle-gzsim-ros2/saye_control/include/saye_control/control.hpp:95:83:[m[K [01;35m[Kwarning: [m[Kunused parameter ‘[01m[Krequest[m[K’ [[01;35m[K]8;;https://gcc.gnu.org/onlinedocs/gcc/Warning-Options.html#index-Wunused-parameter-Wunused-parameter]8;;[m[K]
[26.049s]    95 | callback([01;35m[Kconst saye_msgs::srv::ShareMap::Request::SharedPtr request[m[K, const saye_msgs::srv::ShareMap::Response::SharedPtr response)
[26.050s]       |          [01;35m[K~~~~~~~~~~~~~~~~~~~~~~~~~~~~~~~~~~~~~~~~~~~~~~~~~~~^~~~~~~[m[K
[26.050s] 
[26.084s] In file included from [01m[K/home/pi4b/PBL5/uros_ws/src/ackermann-vehicle-gzsim-ros2/saye_control/src/client.cpp:1[m[K:
[26.085s] [01m[K/home/pi4b/PBL5/uros_ws/src/ackermann-vehicle-gzsim-ros2/saye_control/include/saye_control/control.hpp:[m[K In member function ‘[01m[Kvoid Control::service_callback(saye_msgs::srv::ShareMap_Request_<std::allocator<void> >::SharedPtr, saye_msgs::srv::ShareMap_Response_<std::allocator<void> >::SharedPtr)[m[K’:
[26.086s] [01m[K/home/pi4b/PBL5/uros_ws/src/ackermann-vehicle-gzsim-ros2/saye_control/include/saye_control/control.hpp:95:83:[m[K [01;35m[Kwarning: [m[Kunused parameter ‘[01m[Krequest[m[K’ [[01;35m[K]8;;https://gcc.gnu.org/onlinedocs/gcc/Warning-Options.html#index-Wunused-parameter-Wunused-parameter]8;;[m[K]
[26.086s]    95 | void Control::service_callback([01;35m[Kconst saye_msgs::srv::ShareMap::Request::SharedPtr request[m[K, const saye_msgs::srv::ShareMap::Response::SharedPtr response)
[26.087s]       |                                [01;35m[K~~~~~~~~~~~~~~~~~~~~~~~~~~~~~~~~~~~~~~~~~~~~~~~~~~~^~~~~~~[m[K
[65.533s] [ 75%] [32m[1mLinking CXX executable client[0m
[68.824s] [ 75%] Built target client
[80.190s] [100%] [32m[1mLinking CXX executable main[0m
[83.926s] [100%] Built target main
[83.972s] Invoked command in '/home/pi4b/PBL5/uros_ws/build/saye_control' returned '0': CMAKE_PREFIX_PATH=/home/pi4b/PBL5/uros_ws/install/saye_msgs:/home/pi4b/PBL5/uros_ws/install/ydlidar_robot_bringup:/home/pi4b/PBL5/uros_ws/install/saye_control:/home/pi4b/PBL5/uros_ws/install/saye_bringup:/home/pi4b/PBL5/uros_ws/install/saye_description:/home/pi4b/PBL5/uros_ws/install/micro_ros_setup:/home/pi4b/PBL5/uros_ws/install/micro_ros_agent:/home/pi4b/PBL5/uros_ws/install/micro_ros_msgs:/home/pi4b/PBL5/ydlidar_ws/install/ydlidar_ros2_driver:/home/pi4b/PBL5/ydlidar_ws/install/slam_gmapping:/home/pi4b/PBL5/ydlidar_ws/install/openslam_gmapping:/opt/ros/humble /usr/bin/cmake --build /home/pi4b/PBL5/uros_ws/build/saye_control -- -j4 -l4
[84.024s] Invoking command in '/home/pi4b/PBL5/uros_ws/build/saye_control': CMAKE_PREFIX_PATH=/home/pi4b/PBL5/uros_ws/install/saye_msgs:/home/pi4b/PBL5/uros_ws/install/ydlidar_robot_bringup:/home/pi4b/PBL5/uros_ws/install/saye_control:/home/pi4b/PBL5/uros_ws/install/saye_bringup:/home/pi4b/PBL5/uros_ws/install/saye_description:/home/pi4b/PBL5/uros_ws/install/micro_ros_setup:/home/pi4b/PBL5/uros_ws/install/micro_ros_agent:/home/pi4b/PBL5/uros_ws/install/micro_ros_msgs:/home/pi4b/PBL5/ydlidar_ws/install/ydlidar_ros2_driver:/home/pi4b/PBL5/ydlidar_ws/install/slam_gmapping:/home/pi4b/PBL5/ydlidar_ws/install/openslam_gmapping:/opt/ros/humble /usr/bin/cmake --install /home/pi4b/PBL5/uros_ws/build/saye_control
[84.055s] -- Install configuration: ""
[84.057s] -- Execute custom install script
[84.060s] -- Symlinking: /home/pi4b/PBL5/uros_ws/install/saye_control/include/include/saye_control/control.hpp
[84.101s] -- Symlinking: /home/pi4b/PBL5/uros_ws/install/saye_control/include/include/saye_control/joystick_controller_simulation.hpp
[84.146s] -- Symlinking: /home/pi4b/PBL5/uros_ws/install/saye_control/lib/saye_control/main
[84.184s] -- Symlinking: /home/pi4b/PBL5/uros_ws/install/saye_control/lib/saye_control/client
[84.228s] -- Symlinking: /home/pi4b/PBL5/uros_ws/install/saye_control/lib/saye_control/esp32_odom_bridge.py
[84.269s] -- Symlinking: /home/pi4b/PBL5/uros_ws/install/saye_control/share/ament_index/resource_index/package_run_dependencies/saye_control
[84.311s] -- Symlinking: /home/pi4b/PBL5/uros_ws/install/saye_control/share/ament_index/resource_index/parent_prefix_path/saye_control
[84.354s] -- Symlinking: /home/pi4b/PBL5/uros_ws/install/saye_control/share/saye_control/environment/ament_prefix_path.sh
[84.396s] -- Symlinking: /home/pi4b/PBL5/uros_ws/install/saye_control/share/saye_control/environment/ament_prefix_path.dsv
[84.436s] -- Symlinking: /home/pi4b/PBL5/uros_ws/install/saye_control/share/saye_control/environment/path.sh
[84.476s] -- Symlinking: /home/pi4b/PBL5/uros_ws/install/saye_control/share/saye_control/environment/path.dsv
[84.529s] -- Symlinking: /home/pi4b/PBL5/uros_ws/install/saye_control/share/saye_control/local_setup.bash
[84.567s] -- Symlinking: /home/pi4b/PBL5/uros_ws/install/saye_control/share/saye_control/local_setup.sh
[84.610s] -- Symlinking: /home/pi4b/PBL5/uros_ws/install/saye_control/share/saye_control/local_setup.zsh
[84.650s] -- Symlinking: /home/pi4b/PBL5/uros_ws/install/saye_control/share/saye_control/local_setup.dsv
[84.692s] -- Symlinking: /home/pi4b/PBL5/uros_ws/install/saye_control/share/saye_control/package.dsv
[84.734s] -- Symlinking: /home/pi4b/PBL5/uros_ws/install/saye_control/share/ament_index/resource_index/packages/saye_control
[84.773s] -- Symlinking: /home/pi4b/PBL5/uros_ws/install/saye_control/share/saye_control/cmake/saye_controlConfig.cmake
[84.819s] -- Symlinking: /home/pi4b/PBL5/uros_ws/install/saye_control/share/saye_control/cmake/saye_controlConfig-version.cmake
[84.859s] -- Symlinking: /home/pi4b/PBL5/uros_ws/install/saye_control/share/saye_control/package.xml
[84.905s] Invoked command in '/home/pi4b/PBL5/uros_ws/build/saye_control' returned '0': CMAKE_PREFIX_PATH=/home/pi4b/PBL5/uros_ws/install/saye_msgs:/home/pi4b/PBL5/uros_ws/install/ydlidar_robot_bringup:/home/pi4b/PBL5/uros_ws/install/saye_control:/home/pi4b/PBL5/uros_ws/install/saye_bringup:/home/pi4b/PBL5/uros_ws/install/saye_description:/home/pi4b/PBL5/uros_ws/install/micro_ros_setup:/home/pi4b/PBL5/uros_ws/install/micro_ros_agent:/home/pi4b/PBL5/uros_ws/install/micro_ros_msgs:/home/pi4b/PBL5/ydlidar_ws/install/ydlidar_ros2_driver:/home/pi4b/PBL5/ydlidar_ws/install/slam_gmapping:/home/pi4b/PBL5/ydlidar_ws/install/openslam_gmapping:/opt/ros/humble /usr/bin/cmake --install /home/pi4b/PBL5/uros_ws/build/saye_control
