[0.063s] Invoking command in '/home/pi4b/PBL5/uros_ws/build/robot_bringup': CMAKE_PREFIX_PATH=${CMAKE_PREFIX_PATH}:/opt/ros/humble /usr/bin/cmake /home/pi4b/PBL5/uros_ws/src/robot_bringup -DAMENT_CMAKE_SYMLINK_INSTALL=1 -DCMAKE_INSTALL_PREFIX=/home/pi4b/PBL5/uros_ws/install/robot_bringup
[0.969s] -- The C compiler identification is GNU 11.4.0
[1.717s] -- The CXX compiler identification is GNU 11.4.0
[1.769s] -- Detecting C compiler ABI info
[2.179s] -- Detecting C compiler ABI info - done
[2.204s] -- Check for working C compiler: /usr/bin/cc - skipped
[2.209s] -- Detecting C compile features
[2.212s] -- Detecting C compile features - done
[2.228s] -- Detecting CXX compiler ABI info
[2.641s] -- Detecting CXX compiler ABI info - done
[2.670s] -- Check for working CXX compiler: /usr/bin/c++ - skipped
[2.671s] -- Detecting CXX compile features
[2.673s] -- Detecting CXX compile features - done
[2.734s] -- Found ament_cmake: 1.3.14 (/opt/ros/humble/share/ament_cmake/cmake)
[3.560s] -- Found Python3: /usr/bin/python3 (found version "3.10.12") found components: Interpreter 
[3.952s] -- Override CMake install command with custom implementation using symlinks instead of copying resources
[4.462s] -- Found ament_lint_auto: 0.12.15 (/opt/ros/humble/share/ament_lint_auto/cmake)
[5.028s] -- Added test 'flake8' to check Python code syntax and style conventions
[5.033s] -- Added test 'lint_cmake' to check CMake code style
[5.038s] -- Added test 'pep257' to check Python code against some of the docstring style conventions in PEP 257
[5.054s] -- Added test 'xmllint' to check XML markup files
[5.071s] -- Configuring done
[5.092s] -- Generating done
[5.100s] -- Build files have been written to: /home/pi4b/PBL5/uros_ws/build/robot_bringup
[5.116s] Invoked command in '/home/pi4b/PBL5/uros_ws/build/robot_bringup' returned '0': CMAKE_PREFIX_PATH=${CMAKE_PREFIX_PATH}:/opt/ros/humble /usr/bin/cmake /home/pi4b/PBL5/uros_ws/src/robot_bringup -DAMENT_CMAKE_SYMLINK_INSTALL=1 -DCMAKE_INSTALL_PREFIX=/home/pi4b/PBL5/uros_ws/install/robot_bringup
[5.126s] Invoking command in '/home/pi4b/PBL5/uros_ws/build/robot_bringup': CMAKE_PREFIX_PATH=${CMAKE_PREFIX_PATH}:/opt/ros/humble /usr/bin/cmake --build /home/pi4b/PBL5/uros_ws/build/robot_bringup -- -j4 -l4
[5.296s] Invoked command in '/home/pi4b/PBL5/uros_ws/build/robot_bringup' returned '0': CMAKE_PREFIX_PATH=${CMAKE_PREFIX_PATH}:/opt/ros/humble /usr/bin/cmake --build /home/pi4b/PBL5/uros_ws/build/robot_bringup -- -j4 -l4
[5.348s] Invoking command in '/home/pi4b/PBL5/uros_ws/build/robot_bringup': CMAKE_PREFIX_PATH=${CMAKE_PREFIX_PATH}:/opt/ros/humble /usr/bin/cmake --install /home/pi4b/PBL5/uros_ws/build/robot_bringup
[5.380s] -- Install configuration: ""
[5.382s] -- Execute custom install script
[5.386s] -- Symlinking: /home/pi4b/PBL5/uros_ws/install/robot_bringup/share/ament_index/resource_index/package_run_dependencies/robot_bringup
[5.425s] -- Symlinking: /home/pi4b/PBL5/uros_ws/install/robot_bringup/share/ament_index/resource_index/parent_prefix_path/robot_bringup
[5.464s] -- Symlinking: /home/pi4b/PBL5/uros_ws/install/robot_bringup/share/robot_bringup/environment/ament_prefix_path.sh
[5.503s] -- Symlinking: /home/pi4b/PBL5/uros_ws/install/robot_bringup/share/robot_bringup/environment/ament_prefix_path.dsv
[5.539s] -- Symlinking: /home/pi4b/PBL5/uros_ws/install/robot_bringup/share/robot_bringup/environment/path.sh
[5.577s] -- Symlinking: /home/pi4b/PBL5/uros_ws/install/robot_bringup/share/robot_bringup/environment/path.dsv
[5.616s] -- Symlinking: /home/pi4b/PBL5/uros_ws/install/robot_bringup/share/robot_bringup/local_setup.bash
[5.652s] -- Symlinking: /home/pi4b/PBL5/uros_ws/install/robot_bringup/share/robot_bringup/local_setup.sh
[5.691s] -- Symlinking: /home/pi4b/PBL5/uros_ws/install/robot_bringup/share/robot_bringup/local_setup.zsh
[5.729s] -- Symlinking: /home/pi4b/PBL5/uros_ws/install/robot_bringup/share/robot_bringup/local_setup.dsv
[5.765s] -- Symlinking: /home/pi4b/PBL5/uros_ws/install/robot_bringup/share/robot_bringup/package.dsv
[5.804s] -- Symlinking: /home/pi4b/PBL5/uros_ws/install/robot_bringup/share/ament_index/resource_index/packages/robot_bringup
[5.842s] -- Symlinking: /home/pi4b/PBL5/uros_ws/install/robot_bringup/share/robot_bringup/cmake/robot_bringupConfig.cmake
[5.878s] -- Symlinking: /home/pi4b/PBL5/uros_ws/install/robot_bringup/share/robot_bringup/cmake/robot_bringupConfig-version.cmake
[5.918s] -- Symlinking: /home/pi4b/PBL5/uros_ws/install/robot_bringup/share/robot_bringup/package.xml
[5.960s] Invoked command in '/home/pi4b/PBL5/uros_ws/build/robot_bringup' returned '0': CMAKE_PREFIX_PATH=${CMAKE_PREFIX_PATH}:/opt/ros/humble /usr/bin/cmake --install /home/pi4b/PBL5/uros_ws/build/robot_bringup
