[0.434s] DEBUG:colcon:Command line arguments: ['/usr/bin/colcon', 'build', '--packages-up-to', 'micro_ros_agent', '--cmake-args', '-DUAGENT_BUILD_EXECUTABLE=OFF', '-DUAGENT_P2P_PROFILE=OFF', '--no-warn-unused-cli']
[0.434s] DEBUG:colcon:Parsed command line arguments: Namespace(log_base=None, log_level=None, verb_name='build', build_base='build', install_base='install', merge_install=False, symlink_install=False, test_result_base=None, continue_on_error=False, executor='parallel', parallel_workers=4, event_handlers=None, ignore_user_meta=False, metas=['./colcon.meta'], base_paths=['.'], packages_ignore=None, packages_ignore_regex=None, paths=None, packages_up_to=['micro_ros_agent'], packages_up_to_regex=None, packages_above=None, packages_above_and_dependencies=None, packages_above_depth=None, packages_select_by_dep=None, packages_skip_by_dep=None, packages_skip_up_to=None, packages_select_build_failed=False, packages_skip_build_finished=False, packages_select_test_failures=False, packages_skip_test_passed=False, packages_select=None, packages_skip=None, packages_select_regex=None, packages_skip_regex=None, packages_start=None, packages_end=None, allow_overriding=[], cmake_args=['-DUAGENT_BUILD_EXECUTABLE=OFF', '-DUAGENT_P2P_PROFILE=OFF', '--no-warn-unused-cli'], cmake_target=None, cmake_target_skip_unavailable=False, cmake_clean_cache=False, cmake_clean_first=False, cmake_force_configure=False, ament_cmake_args=None, catkin_cmake_args=None, catkin_skip_building_tests=False, verb_parser=<colcon_defaults.argument_parser.defaults.DefaultArgumentsDecorator object at 0xffff84b7fdc0>, verb_extension=<colcon_core.verb.build.BuildVerb object at 0xffff84d4d240>, main=<bound method BuildVerb.main of <colcon_core.verb.build.BuildVerb object at 0xffff84d4d240>>)
[1.212s] Level 1:colcon.colcon_core.package_discovery:discover_packages(colcon_meta) check parameters
[1.213s] Level 1:colcon.colcon_core.package_discovery:discover_packages(recursive) check parameters
[1.213s] Level 1:colcon.colcon_core.package_discovery:discover_packages(ignore) check parameters
[1.213s] Level 1:colcon.colcon_core.package_discovery:discover_packages(path) check parameters
[1.213s] Level 1:colcon.colcon_core.package_discovery:discover_packages(colcon_meta) discover
[1.213s] Level 1:colcon.colcon_core.package_discovery:discover_packages(recursive) discover
[1.213s] INFO:colcon.colcon_core.package_discovery:Crawling recursively for packages in '/home/pi4b/PBL5/uros_ws'
[1.214s] Level 1:colcon.colcon_core.package_identification:_identify(.) by extensions ['ignore', 'ignore_ament_install']
[1.215s] Level 1:colcon.colcon_core.package_identification:_identify(.) by extension 'ignore'
[1.215s] Level 1:colcon.colcon_core.package_identification:_identify(.) by extension 'ignore_ament_install'
[1.215s] Level 1:colcon.colcon_core.package_identification:_identify(.) by extensions ['colcon_pkg']
[1.215s] Level 1:colcon.colcon_core.package_identification:_identify(.) by extension 'colcon_pkg'
[1.216s] Level 1:colcon.colcon_core.package_identification:_identify(.) by extensions ['colcon_meta']
[1.216s] Level 1:colcon.colcon_core.package_identification:_identify(.) by extension 'colcon_meta'
[1.216s] Level 1:colcon.colcon_core.package_identification:_identify(.) by extensions ['ros']
[1.216s] Level 1:colcon.colcon_core.package_identification:_identify(.) by extension 'ros'
[1.262s] Level 1:colcon.colcon_core.package_identification:_identify(.) by extensions ['cmake', 'python']
[1.262s] Level 1:colcon.colcon_core.package_identification:_identify(.) by extension 'cmake'
[1.262s] Level 1:colcon.colcon_core.package_identification:_identify(.) by extension 'python'
[1.262s] Level 1:colcon.colcon_core.package_identification:_identify(.) by extensions ['python_setup_py']
[1.262s] Level 1:colcon.colcon_core.package_identification:_identify(.) by extension 'python_setup_py'
[1.263s] Level 1:colcon.colcon_core.package_identification:_identify(build) by extensions ['ignore', 'ignore_ament_install']
[1.263s] Level 1:colcon.colcon_core.package_identification:_identify(build) by extension 'ignore'
[1.263s] Level 1:colcon.colcon_core.package_identification:_identify(build) ignored
[1.264s] Level 1:colcon.colcon_core.package_identification:_identify(install) by extensions ['ignore', 'ignore_ament_install']
[1.264s] Level 1:colcon.colcon_core.package_identification:_identify(install) by extension 'ignore'
[1.265s] Level 1:colcon.colcon_core.package_identification:_identify(install) ignored
[1.265s] Level 1:colcon.colcon_core.package_identification:_identify(log) by extensions ['ignore', 'ignore_ament_install']
[1.265s] Level 1:colcon.colcon_core.package_identification:_identify(log) by extension 'ignore'
[1.266s] Level 1:colcon.colcon_core.package_identification:_identify(log) ignored
[1.266s] Level 1:colcon.colcon_core.package_identification:_identify(src) by extensions ['ignore', 'ignore_ament_install']
[1.266s] Level 1:colcon.colcon_core.package_identification:_identify(src) by extension 'ignore'
[1.266s] Level 1:colcon.colcon_core.package_identification:_identify(src) by extension 'ignore_ament_install'
[1.267s] Level 1:colcon.colcon_core.package_identification:_identify(src) by extensions ['colcon_pkg']
[1.267s] Level 1:colcon.colcon_core.package_identification:_identify(src) by extension 'colcon_pkg'
[1.267s] Level 1:colcon.colcon_core.package_identification:_identify(src) by extensions ['colcon_meta']
[1.267s] Level 1:colcon.colcon_core.package_identification:_identify(src) by extension 'colcon_meta'
[1.267s] Level 1:colcon.colcon_core.package_identification:_identify(src) by extensions ['ros']
[1.267s] Level 1:colcon.colcon_core.package_identification:_identify(src) by extension 'ros'
[1.268s] Level 1:colcon.colcon_core.package_identification:_identify(src) by extensions ['cmake', 'python']
[1.268s] Level 1:colcon.colcon_core.package_identification:_identify(src) by extension 'cmake'
[1.268s] Level 1:colcon.colcon_core.package_identification:_identify(src) by extension 'python'
[1.268s] Level 1:colcon.colcon_core.package_identification:_identify(src) by extensions ['python_setup_py']
[1.268s] Level 1:colcon.colcon_core.package_identification:_identify(src) by extension 'python_setup_py'
[1.269s] Level 1:colcon.colcon_core.package_identification:_identify(src/micro_ros_setup) by extensions ['ignore', 'ignore_ament_install']
[1.269s] Level 1:colcon.colcon_core.package_identification:_identify(src/micro_ros_setup) by extension 'ignore'
[1.269s] Level 1:colcon.colcon_core.package_identification:_identify(src/micro_ros_setup) by extension 'ignore_ament_install'
[1.269s] Level 1:colcon.colcon_core.package_identification:_identify(src/micro_ros_setup) by extensions ['colcon_pkg']
[1.270s] Level 1:colcon.colcon_core.package_identification:_identify(src/micro_ros_setup) by extension 'colcon_pkg'
[1.270s] Level 1:colcon.colcon_core.package_identification:_identify(src/micro_ros_setup) by extensions ['colcon_meta']
[1.270s] Level 1:colcon.colcon_core.package_identification:_identify(src/micro_ros_setup) by extension 'colcon_meta'
[1.270s] Level 1:colcon.colcon_core.package_identification:_identify(src/micro_ros_setup) by extensions ['ros']
[1.270s] Level 1:colcon.colcon_core.package_identification:_identify(src/micro_ros_setup) by extension 'ros'
[1.279s] DEBUG:colcon.colcon_core.package_identification:Package 'src/micro_ros_setup' with type 'ros.ament_cmake' and name 'micro_ros_setup'
[1.280s] Level 1:colcon.colcon_core.package_identification:_identify(src/uros) by extensions ['ignore', 'ignore_ament_install']
[1.281s] Level 1:colcon.colcon_core.package_identification:_identify(src/uros) by extension 'ignore'
[1.281s] Level 1:colcon.colcon_core.package_identification:_identify(src/uros) by extension 'ignore_ament_install'
[1.281s] Level 1:colcon.colcon_core.package_identification:_identify(src/uros) by extensions ['colcon_pkg']
[1.281s] Level 1:colcon.colcon_core.package_identification:_identify(src/uros) by extension 'colcon_pkg'
[1.281s] Level 1:colcon.colcon_core.package_identification:_identify(src/uros) by extensions ['colcon_meta']
[1.281s] Level 1:colcon.colcon_core.package_identification:_identify(src/uros) by extension 'colcon_meta'
[1.282s] Level 1:colcon.colcon_core.package_identification:_identify(src/uros) by extensions ['ros']
[1.282s] Level 1:colcon.colcon_core.package_identification:_identify(src/uros) by extension 'ros'
[1.282s] Level 1:colcon.colcon_core.package_identification:_identify(src/uros) by extensions ['cmake', 'python']
[1.282s] Level 1:colcon.colcon_core.package_identification:_identify(src/uros) by extension 'cmake'
[1.282s] Level 1:colcon.colcon_core.package_identification:_identify(src/uros) by extension 'python'
[1.283s] Level 1:colcon.colcon_core.package_identification:_identify(src/uros) by extensions ['python_setup_py']
[1.283s] Level 1:colcon.colcon_core.package_identification:_identify(src/uros) by extension 'python_setup_py'
[1.283s] Level 1:colcon.colcon_core.package_identification:_identify(src/uros/micro-ROS-Agent) by extensions ['ignore', 'ignore_ament_install']
[1.284s] Level 1:colcon.colcon_core.package_identification:_identify(src/uros/micro-ROS-Agent) by extension 'ignore'
[1.284s] Level 1:colcon.colcon_core.package_identification:_identify(src/uros/micro-ROS-Agent) by extension 'ignore_ament_install'
[1.284s] Level 1:colcon.colcon_core.package_identification:_identify(src/uros/micro-ROS-Agent) by extensions ['colcon_pkg']
[1.284s] Level 1:colcon.colcon_core.package_identification:_identify(src/uros/micro-ROS-Agent) by extension 'colcon_pkg'
[1.284s] Level 1:colcon.colcon_core.package_identification:_identify(src/uros/micro-ROS-Agent) by extensions ['colcon_meta']
[1.285s] Level 1:colcon.colcon_core.package_identification:_identify(src/uros/micro-ROS-Agent) by extension 'colcon_meta'
[1.285s] Level 1:colcon.colcon_core.package_identification:_identify(src/uros/micro-ROS-Agent) by extensions ['ros']
[1.285s] Level 1:colcon.colcon_core.package_identification:_identify(src/uros/micro-ROS-Agent) by extension 'ros'
[1.285s] Level 1:colcon.colcon_core.package_identification:_identify(src/uros/micro-ROS-Agent) by extensions ['cmake', 'python']
[1.285s] Level 1:colcon.colcon_core.package_identification:_identify(src/uros/micro-ROS-Agent) by extension 'cmake'
[1.285s] Level 1:colcon.colcon_core.package_identification:_identify(src/uros/micro-ROS-Agent) by extension 'python'
[1.286s] Level 1:colcon.colcon_core.package_identification:_identify(src/uros/micro-ROS-Agent) by extensions ['python_setup_py']
[1.286s] Level 1:colcon.colcon_core.package_identification:_identify(src/uros/micro-ROS-Agent) by extension 'python_setup_py'
[1.286s] Level 1:colcon.colcon_core.package_identification:_identify(src/uros/micro-ROS-Agent/micro_ros_agent) by extensions ['ignore', 'ignore_ament_install']
[1.287s] Level 1:colcon.colcon_core.package_identification:_identify(src/uros/micro-ROS-Agent/micro_ros_agent) by extension 'ignore'
[1.287s] Level 1:colcon.colcon_core.package_identification:_identify(src/uros/micro-ROS-Agent/micro_ros_agent) by extension 'ignore_ament_install'
[1.287s] Level 1:colcon.colcon_core.package_identification:_identify(src/uros/micro-ROS-Agent/micro_ros_agent) by extensions ['colcon_pkg']
[1.287s] Level 1:colcon.colcon_core.package_identification:_identify(src/uros/micro-ROS-Agent/micro_ros_agent) by extension 'colcon_pkg'
[1.287s] Level 1:colcon.colcon_core.package_identification:_identify(src/uros/micro-ROS-Agent/micro_ros_agent) by extensions ['colcon_meta']
[1.287s] Level 1:colcon.colcon_core.package_identification:_identify(src/uros/micro-ROS-Agent/micro_ros_agent) by extension 'colcon_meta'
[1.288s] Level 1:colcon.colcon_core.package_identification:_identify(src/uros/micro-ROS-Agent/micro_ros_agent) by extensions ['ros']
[1.288s] Level 1:colcon.colcon_core.package_identification:_identify(src/uros/micro-ROS-Agent/micro_ros_agent) by extension 'ros'
[1.292s] DEBUG:colcon.colcon_core.package_identification:Package 'src/uros/micro-ROS-Agent/micro_ros_agent' with type 'ros.ament_cmake' and name 'micro_ros_agent'
[1.293s] Level 1:colcon.colcon_core.package_identification:_identify(src/uros/micro-ROS-Agent/snap) by extensions ['ignore', 'ignore_ament_install']
[1.293s] Level 1:colcon.colcon_core.package_identification:_identify(src/uros/micro-ROS-Agent/snap) by extension 'ignore'
[1.293s] Level 1:colcon.colcon_core.package_identification:_identify(src/uros/micro-ROS-Agent/snap) by extension 'ignore_ament_install'
[1.294s] Level 1:colcon.colcon_core.package_identification:_identify(src/uros/micro-ROS-Agent/snap) by extensions ['colcon_pkg']
[1.294s] Level 1:colcon.colcon_core.package_identification:_identify(src/uros/micro-ROS-Agent/snap) by extension 'colcon_pkg'
[1.294s] Level 1:colcon.colcon_core.package_identification:_identify(src/uros/micro-ROS-Agent/snap) by extensions ['colcon_meta']
[1.294s] Level 1:colcon.colcon_core.package_identification:_identify(src/uros/micro-ROS-Agent/snap) by extension 'colcon_meta'
[1.294s] Level 1:colcon.colcon_core.package_identification:_identify(src/uros/micro-ROS-Agent/snap) by extensions ['ros']
[1.294s] Level 1:colcon.colcon_core.package_identification:_identify(src/uros/micro-ROS-Agent/snap) by extension 'ros'
[1.295s] Level 1:colcon.colcon_core.package_identification:_identify(src/uros/micro-ROS-Agent/snap) by extensions ['cmake', 'python']
[1.295s] Level 1:colcon.colcon_core.package_identification:_identify(src/uros/micro-ROS-Agent/snap) by extension 'cmake'
[1.295s] Level 1:colcon.colcon_core.package_identification:_identify(src/uros/micro-ROS-Agent/snap) by extension 'python'
[1.295s] Level 1:colcon.colcon_core.package_identification:_identify(src/uros/micro-ROS-Agent/snap) by extensions ['python_setup_py']
[1.295s] Level 1:colcon.colcon_core.package_identification:_identify(src/uros/micro-ROS-Agent/snap) by extension 'python_setup_py'
[1.296s] Level 1:colcon.colcon_core.package_identification:_identify(src/uros/micro-ROS-Agent/snap/hooks) by extensions ['ignore', 'ignore_ament_install']
[1.296s] Level 1:colcon.colcon_core.package_identification:_identify(src/uros/micro-ROS-Agent/snap/hooks) by extension 'ignore'
[1.296s] Level 1:colcon.colcon_core.package_identification:_identify(src/uros/micro-ROS-Agent/snap/hooks) by extension 'ignore_ament_install'
[1.297s] Level 1:colcon.colcon_core.package_identification:_identify(src/uros/micro-ROS-Agent/snap/hooks) by extensions ['colcon_pkg']
[1.297s] Level 1:colcon.colcon_core.package_identification:_identify(src/uros/micro-ROS-Agent/snap/hooks) by extension 'colcon_pkg'
[1.297s] Level 1:colcon.colcon_core.package_identification:_identify(src/uros/micro-ROS-Agent/snap/hooks) by extensions ['colcon_meta']
[1.297s] Level 1:colcon.colcon_core.package_identification:_identify(src/uros/micro-ROS-Agent/snap/hooks) by extension 'colcon_meta'
[1.297s] Level 1:colcon.colcon_core.package_identification:_identify(src/uros/micro-ROS-Agent/snap/hooks) by extensions ['ros']
[1.297s] Level 1:colcon.colcon_core.package_identification:_identify(src/uros/micro-ROS-Agent/snap/hooks) by extension 'ros'
[1.298s] Level 1:colcon.colcon_core.package_identification:_identify(src/uros/micro-ROS-Agent/snap/hooks) by extensions ['cmake', 'python']
[1.298s] Level 1:colcon.colcon_core.package_identification:_identify(src/uros/micro-ROS-Agent/snap/hooks) by extension 'cmake'
[1.298s] Level 1:colcon.colcon_core.package_identification:_identify(src/uros/micro-ROS-Agent/snap/hooks) by extension 'python'
[1.298s] Level 1:colcon.colcon_core.package_identification:_identify(src/uros/micro-ROS-Agent/snap/hooks) by extensions ['python_setup_py']
[1.298s] Level 1:colcon.colcon_core.package_identification:_identify(src/uros/micro-ROS-Agent/snap/hooks) by extension 'python_setup_py'
[1.299s] Level 1:colcon.colcon_core.package_identification:_identify(src/uros/micro-ROS-Agent/snap/local) by extensions ['ignore', 'ignore_ament_install']
[1.299s] Level 1:colcon.colcon_core.package_identification:_identify(src/uros/micro-ROS-Agent/snap/local) by extension 'ignore'
[1.299s] Level 1:colcon.colcon_core.package_identification:_identify(src/uros/micro-ROS-Agent/snap/local) by extension 'ignore_ament_install'
[1.300s] Level 1:colcon.colcon_core.package_identification:_identify(src/uros/micro-ROS-Agent/snap/local) by extensions ['colcon_pkg']
[1.300s] Level 1:colcon.colcon_core.package_identification:_identify(src/uros/micro-ROS-Agent/snap/local) by extension 'colcon_pkg'
[1.300s] Level 1:colcon.colcon_core.package_identification:_identify(src/uros/micro-ROS-Agent/snap/local) by extensions ['colcon_meta']
[1.300s] Level 1:colcon.colcon_core.package_identification:_identify(src/uros/micro-ROS-Agent/snap/local) by extension 'colcon_meta'
[1.300s] Level 1:colcon.colcon_core.package_identification:_identify(src/uros/micro-ROS-Agent/snap/local) by extensions ['ros']
[1.300s] Level 1:colcon.colcon_core.package_identification:_identify(src/uros/micro-ROS-Agent/snap/local) by extension 'ros'
[1.301s] Level 1:colcon.colcon_core.package_identification:_identify(src/uros/micro-ROS-Agent/snap/local) by extensions ['cmake', 'python']
[1.301s] Level 1:colcon.colcon_core.package_identification:_identify(src/uros/micro-ROS-Agent/snap/local) by extension 'cmake'
[1.301s] Level 1:colcon.colcon_core.package_identification:_identify(src/uros/micro-ROS-Agent/snap/local) by extension 'python'
[1.301s] Level 1:colcon.colcon_core.package_identification:_identify(src/uros/micro-ROS-Agent/snap/local) by extensions ['python_setup_py']
[1.301s] Level 1:colcon.colcon_core.package_identification:_identify(src/uros/micro-ROS-Agent/snap/local) by extension 'python_setup_py'
[1.302s] Level 1:colcon.colcon_core.package_identification:_identify(src/uros/micro_ros_msgs) by extensions ['ignore', 'ignore_ament_install']
[1.302s] Level 1:colcon.colcon_core.package_identification:_identify(src/uros/micro_ros_msgs) by extension 'ignore'
[1.302s] Level 1:colcon.colcon_core.package_identification:_identify(src/uros/micro_ros_msgs) by extension 'ignore_ament_install'
[1.303s] Level 1:colcon.colcon_core.package_identification:_identify(src/uros/micro_ros_msgs) by extensions ['colcon_pkg']
[1.303s] Level 1:colcon.colcon_core.package_identification:_identify(src/uros/micro_ros_msgs) by extension 'colcon_pkg'
[1.303s] Level 1:colcon.colcon_core.package_identification:_identify(src/uros/micro_ros_msgs) by extensions ['colcon_meta']
[1.303s] Level 1:colcon.colcon_core.package_identification:_identify(src/uros/micro_ros_msgs) by extension 'colcon_meta'
[1.303s] Level 1:colcon.colcon_core.package_identification:_identify(src/uros/micro_ros_msgs) by extensions ['ros']
[1.303s] Level 1:colcon.colcon_core.package_identification:_identify(src/uros/micro_ros_msgs) by extension 'ros'
[1.306s] DEBUG:colcon.colcon_core.package_identification:Package 'src/uros/micro_ros_msgs' with type 'ros.ament_cmake' and name 'micro_ros_msgs'
[1.306s] Level 1:colcon.colcon_core.package_discovery:discover_packages(recursive) using defaults
[1.306s] Level 1:colcon.colcon_core.package_discovery:discover_packages(ignore) discover
[1.306s] Level 1:colcon.colcon_core.package_discovery:discover_packages(ignore) using defaults
[1.306s] Level 1:colcon.colcon_core.package_discovery:discover_packages(path) discover
[1.306s] Level 1:colcon.colcon_core.package_discovery:discover_packages(path) using defaults
[1.420s] INFO:colcon.colcon_core.package_selection:Skipping package 'micro_ros_setup' in 'src/micro_ros_setup'
[1.422s] Level 1:colcon.colcon_core.package_discovery:discover_packages(prefix_path) check parameters
[1.422s] Level 1:colcon.colcon_core.package_discovery:discover_packages(prefix_path) discover
[1.430s] DEBUG:colcon.colcon_installed_package_information.package_discovery:Found 1 installed packages in /home/pi4b/PBL5/uros_ws/install
[1.433s] DEBUG:colcon.colcon_installed_package_information.package_discovery:Found 3 installed packages in /home/pi4b/PBL5/ydlidar_ws/install
[1.442s] DEBUG:colcon.colcon_installed_package_information.package_discovery:Found 273 installed packages in /opt/ros/humble
[1.449s] Level 1:colcon.colcon_core.package_discovery:discover_packages(prefix_path) using defaults
[1.612s] Level 5:colcon.colcon_core.verb:set package 'micro_ros_msgs' build argument 'cmake_args' from command line to '['-DUAGENT_BUILD_EXECUTABLE=OFF', '-DUAGENT_P2P_PROFILE=OFF', '--no-warn-unused-cli']'
[1.612s] Level 5:colcon.colcon_core.verb:set package 'micro_ros_msgs' build argument 'cmake_target' from command line to 'None'
[1.612s] Level 5:colcon.colcon_core.verb:set package 'micro_ros_msgs' build argument 'cmake_target_skip_unavailable' from command line to 'False'
[1.613s] Level 5:colcon.colcon_core.verb:set package 'micro_ros_msgs' build argument 'cmake_clean_cache' from command line to 'False'
[1.613s] Level 5:colcon.colcon_core.verb:set package 'micro_ros_msgs' build argument 'cmake_clean_first' from command line to 'False'
[1.613s] Level 5:colcon.colcon_core.verb:set package 'micro_ros_msgs' build argument 'cmake_force_configure' from command line to 'False'
[1.613s] Level 5:colcon.colcon_core.verb:set package 'micro_ros_msgs' build argument 'ament_cmake_args' from command line to 'None'
[1.613s] Level 5:colcon.colcon_core.verb:set package 'micro_ros_msgs' build argument 'catkin_cmake_args' from command line to 'None'
[1.613s] Level 5:colcon.colcon_core.verb:set package 'micro_ros_msgs' build argument 'catkin_skip_building_tests' from command line to 'False'
[1.613s] DEBUG:colcon.colcon_core.verb:Building package 'micro_ros_msgs' with the following arguments: {'ament_cmake_args': None, 'build_base': '/home/pi4b/PBL5/uros_ws/build/micro_ros_msgs', 'catkin_cmake_args': None, 'catkin_skip_building_tests': False, 'cmake_args': ['-DUAGENT_BUILD_EXECUTABLE=OFF', '-DUAGENT_P2P_PROFILE=OFF', '--no-warn-unused-cli'], 'cmake_clean_cache': False, 'cmake_clean_first': False, 'cmake_force_configure': False, 'cmake_target': None, 'cmake_target_skip_unavailable': False, 'install_base': '/home/pi4b/PBL5/uros_ws/install/micro_ros_msgs', 'merge_install': False, 'path': '/home/pi4b/PBL5/uros_ws/src/uros/micro_ros_msgs', 'symlink_install': False, 'test_result_base': None}
[1.615s] Level 5:colcon.colcon_core.verb:set package 'micro_ros_agent' build argument 'cmake_args' from command line to '['-DUAGENT_BUILD_EXECUTABLE=OFF', '-DUAGENT_P2P_PROFILE=OFF', '--no-warn-unused-cli']'
[1.615s] Level 5:colcon.colcon_core.verb:set package 'micro_ros_agent' build argument 'cmake_target' from command line to 'None'
[1.615s] Level 5:colcon.colcon_core.verb:set package 'micro_ros_agent' build argument 'cmake_target_skip_unavailable' from command line to 'False'
[1.615s] Level 5:colcon.colcon_core.verb:set package 'micro_ros_agent' build argument 'cmake_clean_cache' from command line to 'False'
[1.615s] Level 5:colcon.colcon_core.verb:set package 'micro_ros_agent' build argument 'cmake_clean_first' from command line to 'False'
[1.615s] Level 5:colcon.colcon_core.verb:set package 'micro_ros_agent' build argument 'cmake_force_configure' from command line to 'False'
[1.615s] Level 5:colcon.colcon_core.verb:set package 'micro_ros_agent' build argument 'ament_cmake_args' from command line to 'None'
[1.615s] Level 5:colcon.colcon_core.verb:set package 'micro_ros_agent' build argument 'catkin_cmake_args' from command line to 'None'
[1.615s] Level 5:colcon.colcon_core.verb:set package 'micro_ros_agent' build argument 'catkin_skip_building_tests' from command line to 'False'
[1.616s] DEBUG:colcon.colcon_core.verb:Building package 'micro_ros_agent' with the following arguments: {'ament_cmake_args': None, 'build_base': '/home/pi4b/PBL5/uros_ws/build/micro_ros_agent', 'catkin_cmake_args': None, 'catkin_skip_building_tests': False, 'cmake_args': ['-DUAGENT_BUILD_EXECUTABLE=OFF', '-DUAGENT_P2P_PROFILE=OFF', '--no-warn-unused-cli'], 'cmake_clean_cache': False, 'cmake_clean_first': False, 'cmake_force_configure': False, 'cmake_target': None, 'cmake_target_skip_unavailable': False, 'install_base': '/home/pi4b/PBL5/uros_ws/install/micro_ros_agent', 'merge_install': False, 'path': '/home/pi4b/PBL5/uros_ws/src/uros/micro-ROS-Agent/micro_ros_agent', 'symlink_install': False, 'test_result_base': None}
[1.616s] INFO:colcon.colcon_core.executor:Executing jobs using 'parallel' executor
[1.619s] DEBUG:colcon.colcon_parallel_executor.executor.parallel:run_until_complete
[1.620s] INFO:colcon.colcon_ros.task.ament_cmake.build:Building ROS package in '/home/pi4b/PBL5/uros_ws/src/uros/micro_ros_msgs' with build type 'ament_cmake'
[1.621s] INFO:colcon.colcon_cmake.task.cmake.build:Building CMake package in '/home/pi4b/PBL5/uros_ws/src/uros/micro_ros_msgs'
[1.629s] INFO:colcon.colcon_core.plugin_system:Skipping extension 'colcon_core.shell.bat': Not used on non-Windows systems
[1.630s] INFO:colcon.colcon_core.shell:Skip shell extension 'powershell' for command environment: Not usable outside of PowerShell
[1.631s] DEBUG:colcon.colcon_core.shell:Skip shell extension 'dsv' for command environment
[1.679s] DEBUG:colcon.colcon_core.event_handler.log_command:Invoking command in '/home/pi4b/PBL5/uros_ws/build/micro_ros_msgs': CMAKE_PREFIX_PATH=${CMAKE_PREFIX_PATH}:/opt/ros/humble /usr/bin/cmake /home/pi4b/PBL5/uros_ws/src/uros/micro_ros_msgs -DUAGENT_BUILD_EXECUTABLE=OFF -DUAGENT_P2P_PROFILE=OFF --no-warn-unused-cli -DCMAKE_INSTALL_PREFIX=/home/pi4b/PBL5/uros_ws/install/micro_ros_msgs
[10.107s] DEBUG:colcon.colcon_core.event_handler.log_command:Invoked command in '/home/pi4b/PBL5/uros_ws/build/micro_ros_msgs' returned '0': CMAKE_PREFIX_PATH=${CMAKE_PREFIX_PATH}:/opt/ros/humble /usr/bin/cmake /home/pi4b/PBL5/uros_ws/src/uros/micro_ros_msgs -DUAGENT_BUILD_EXECUTABLE=OFF -DUAGENT_P2P_PROFILE=OFF --no-warn-unused-cli -DCMAKE_INSTALL_PREFIX=/home/pi4b/PBL5/uros_ws/install/micro_ros_msgs
[10.118s] DEBUG:colcon.colcon_core.event_handler.log_command:Invoking command in '/home/pi4b/PBL5/uros_ws/build/micro_ros_msgs': CMAKE_PREFIX_PATH=${CMAKE_PREFIX_PATH}:/opt/ros/humble /usr/bin/cmake --build /home/pi4b/PBL5/uros_ws/build/micro_ros_msgs -- -j4 -l4
[29.728s] DEBUG:colcon.colcon_core.event_handler.log_command:Invoked command in '/home/pi4b/PBL5/uros_ws/build/micro_ros_msgs' returned '0': CMAKE_PREFIX_PATH=${CMAKE_PREFIX_PATH}:/opt/ros/humble /usr/bin/cmake --build /home/pi4b/PBL5/uros_ws/build/micro_ros_msgs -- -j4 -l4
[29.776s] DEBUG:colcon.colcon_core.event_handler.log_command:Invoking command in '/home/pi4b/PBL5/uros_ws/build/micro_ros_msgs': CMAKE_PREFIX_PATH=${CMAKE_PREFIX_PATH}:/opt/ros/humble /usr/bin/cmake --install /home/pi4b/PBL5/uros_ws/build/micro_ros_msgs
[30.229s] Level 1:colcon.colcon_core.environment:create_environment_scripts_only(micro_ros_msgs)
[30.230s] DEBUG:colcon.colcon_core.event_handler.log_command:Invoked command in '/home/pi4b/PBL5/uros_ws/build/micro_ros_msgs' returned '0': CMAKE_PREFIX_PATH=${CMAKE_PREFIX_PATH}:/opt/ros/humble /usr/bin/cmake --install /home/pi4b/PBL5/uros_ws/build/micro_ros_msgs
[30.243s] Level 1:colcon.colcon_core.environment:checking '/home/pi4b/PBL5/uros_ws/install/micro_ros_msgs' for CMake module files
[30.248s] Level 1:colcon.colcon_core.environment:checking '/home/pi4b/PBL5/uros_ws/install/micro_ros_msgs' for CMake config files
[30.254s] Level 1:colcon.colcon_core.shell:create_environment_hook('micro_ros_msgs', 'cmake_prefix_path')
[30.255s] INFO:colcon.colcon_core.shell:Creating environment hook '/home/pi4b/PBL5/uros_ws/install/micro_ros_msgs/share/micro_ros_msgs/hook/cmake_prefix_path.ps1'
[30.257s] INFO:colcon.colcon_core.shell:Creating environment descriptor '/home/pi4b/PBL5/uros_ws/install/micro_ros_msgs/share/micro_ros_msgs/hook/cmake_prefix_path.dsv'
[30.259s] INFO:colcon.colcon_core.shell:Creating environment hook '/home/pi4b/PBL5/uros_ws/install/micro_ros_msgs/share/micro_ros_msgs/hook/cmake_prefix_path.sh'
[30.262s] Level 1:colcon.colcon_core.environment:checking '/home/pi4b/PBL5/uros_ws/install/micro_ros_msgs/lib'
[30.264s] Level 1:colcon.colcon_core.shell:create_environment_hook('micro_ros_msgs', 'ld_library_path_lib')
[30.265s] INFO:colcon.colcon_core.shell:Creating environment hook '/home/pi4b/PBL5/uros_ws/install/micro_ros_msgs/share/micro_ros_msgs/hook/ld_library_path_lib.ps1'
[30.267s] INFO:colcon.colcon_core.shell:Creating environment descriptor '/home/pi4b/PBL5/uros_ws/install/micro_ros_msgs/share/micro_ros_msgs/hook/ld_library_path_lib.dsv'
[30.268s] INFO:colcon.colcon_core.shell:Creating environment hook '/home/pi4b/PBL5/uros_ws/install/micro_ros_msgs/share/micro_ros_msgs/hook/ld_library_path_lib.sh'
[30.270s] Level 1:colcon.colcon_core.environment:checking '/home/pi4b/PBL5/uros_ws/install/micro_ros_msgs/bin'
[30.270s] Level 1:colcon.colcon_core.environment:checking '/home/pi4b/PBL5/uros_ws/install/micro_ros_msgs/lib/pkgconfig/micro_ros_msgs.pc'
[30.271s] Level 1:colcon.colcon_core.environment:checking '/home/pi4b/PBL5/uros_ws/install/micro_ros_msgs/lib/python3.10/site-packages'
[30.273s] Level 1:colcon.colcon_core.environment:checking '/home/pi4b/PBL5/uros_ws/install/micro_ros_msgs/bin'
[30.274s] INFO:colcon.colcon_core.shell:Creating package script '/home/pi4b/PBL5/uros_ws/install/micro_ros_msgs/share/micro_ros_msgs/package.ps1'
[30.278s] INFO:colcon.colcon_core.shell:Creating package descriptor '/home/pi4b/PBL5/uros_ws/install/micro_ros_msgs/share/micro_ros_msgs/package.dsv'
[30.282s] INFO:colcon.colcon_core.shell:Creating package script '/home/pi4b/PBL5/uros_ws/install/micro_ros_msgs/share/micro_ros_msgs/package.sh'
[30.285s] INFO:colcon.colcon_core.shell:Creating package script '/home/pi4b/PBL5/uros_ws/install/micro_ros_msgs/share/micro_ros_msgs/package.bash'
[30.288s] INFO:colcon.colcon_core.shell:Creating package script '/home/pi4b/PBL5/uros_ws/install/micro_ros_msgs/share/micro_ros_msgs/package.zsh'
[30.291s] Level 1:colcon.colcon_core.environment:create_file_with_runtime_dependencies(/home/pi4b/PBL5/uros_ws/install/micro_ros_msgs/share/colcon-core/packages/micro_ros_msgs)
[30.294s] Level 1:colcon.colcon_core.environment:create_environment_scripts_only(micro_ros_msgs)
[30.295s] Level 1:colcon.colcon_core.environment:checking '/home/pi4b/PBL5/uros_ws/install/micro_ros_msgs' for CMake module files
[30.299s] Level 1:colcon.colcon_core.environment:checking '/home/pi4b/PBL5/uros_ws/install/micro_ros_msgs' for CMake config files
[30.305s] Level 1:colcon.colcon_core.shell:create_environment_hook('micro_ros_msgs', 'cmake_prefix_path')
[30.306s] INFO:colcon.colcon_core.shell:Creating environment hook '/home/pi4b/PBL5/uros_ws/install/micro_ros_msgs/share/micro_ros_msgs/hook/cmake_prefix_path.ps1'
[30.308s] INFO:colcon.colcon_core.shell:Creating environment descriptor '/home/pi4b/PBL5/uros_ws/install/micro_ros_msgs/share/micro_ros_msgs/hook/cmake_prefix_path.dsv'
[30.311s] INFO:colcon.colcon_core.shell:Creating environment hook '/home/pi4b/PBL5/uros_ws/install/micro_ros_msgs/share/micro_ros_msgs/hook/cmake_prefix_path.sh'
[30.314s] Level 1:colcon.colcon_core.environment:checking '/home/pi4b/PBL5/uros_ws/install/micro_ros_msgs/lib'
[30.314s] Level 1:colcon.colcon_core.shell:create_environment_hook('micro_ros_msgs', 'ld_library_path_lib')
[30.315s] INFO:colcon.colcon_core.shell:Creating environment hook '/home/pi4b/PBL5/uros_ws/install/micro_ros_msgs/share/micro_ros_msgs/hook/ld_library_path_lib.ps1'
[30.317s] INFO:colcon.colcon_core.shell:Creating environment descriptor '/home/pi4b/PBL5/uros_ws/install/micro_ros_msgs/share/micro_ros_msgs/hook/ld_library_path_lib.dsv'
[30.318s] INFO:colcon.colcon_core.shell:Creating environment hook '/home/pi4b/PBL5/uros_ws/install/micro_ros_msgs/share/micro_ros_msgs/hook/ld_library_path_lib.sh'
[30.320s] Level 1:colcon.colcon_core.environment:checking '/home/pi4b/PBL5/uros_ws/install/micro_ros_msgs/bin'
[30.320s] Level 1:colcon.colcon_core.environment:checking '/home/pi4b/PBL5/uros_ws/install/micro_ros_msgs/lib/pkgconfig/micro_ros_msgs.pc'
[30.321s] Level 1:colcon.colcon_core.environment:checking '/home/pi4b/PBL5/uros_ws/install/micro_ros_msgs/lib/python3.10/site-packages'
[30.323s] Level 1:colcon.colcon_core.environment:checking '/home/pi4b/PBL5/uros_ws/install/micro_ros_msgs/bin'
[30.324s] INFO:colcon.colcon_core.shell:Creating package script '/home/pi4b/PBL5/uros_ws/install/micro_ros_msgs/share/micro_ros_msgs/package.ps1'
[30.326s] INFO:colcon.colcon_core.shell:Creating package descriptor '/home/pi4b/PBL5/uros_ws/install/micro_ros_msgs/share/micro_ros_msgs/package.dsv'
[30.330s] INFO:colcon.colcon_core.shell:Creating package script '/home/pi4b/PBL5/uros_ws/install/micro_ros_msgs/share/micro_ros_msgs/package.sh'
[30.333s] INFO:colcon.colcon_core.shell:Creating package script '/home/pi4b/PBL5/uros_ws/install/micro_ros_msgs/share/micro_ros_msgs/package.bash'
[30.335s] INFO:colcon.colcon_core.shell:Creating package script '/home/pi4b/PBL5/uros_ws/install/micro_ros_msgs/share/micro_ros_msgs/package.zsh'
[30.338s] Level 1:colcon.colcon_core.environment:create_file_with_runtime_dependencies(/home/pi4b/PBL5/uros_ws/install/micro_ros_msgs/share/colcon-core/packages/micro_ros_msgs)
[30.339s] INFO:colcon.colcon_ros.task.ament_cmake.build:Building ROS package in '/home/pi4b/PBL5/uros_ws/src/uros/micro-ROS-Agent/micro_ros_agent' with build type 'ament_cmake'
[30.340s] INFO:colcon.colcon_cmake.task.cmake.build:Building CMake package in '/home/pi4b/PBL5/uros_ws/src/uros/micro-ROS-Agent/micro_ros_agent'
[30.342s] INFO:colcon.colcon_core.shell:Skip shell extension 'powershell' for command environment: Not usable outside of PowerShell
[30.343s] DEBUG:colcon.colcon_core.shell:Skip shell extension 'dsv' for command environment
[30.407s] DEBUG:colcon.colcon_core.event_handler.log_command:Invoking command in '/home/pi4b/PBL5/uros_ws/build/micro_ros_agent': AMENT_PREFIX_PATH=/home/pi4b/PBL5/uros_ws/install/micro_ros_msgs:${AMENT_PREFIX_PATH} CMAKE_PREFIX_PATH=/home/pi4b/PBL5/uros_ws/install/micro_ros_msgs:/home/pi4b/PBL5/uros_ws/install/micro_ros_setup:/home/pi4b/PBL5/ydlidar_ws/install/ydlidar_ros2_driver:/home/pi4b/PBL5/ydlidar_ws/install/slam_gmapping:/home/pi4b/PBL5/ydlidar_ws/install/openslam_gmapping:/opt/ros/humble LD_LIBRARY_PATH=/home/pi4b/PBL5/uros_ws/install/micro_ros_msgs/lib:${LD_LIBRARY_PATH} PYTHONPATH=/home/pi4b/PBL5/uros_ws/install/micro_ros_msgs/local/lib/python3.10/dist-packages:${PYTHONPATH} /usr/bin/cmake /home/pi4b/PBL5/uros_ws/src/uros/micro-ROS-Agent/micro_ros_agent -DUAGENT_BUILD_EXECUTABLE=OFF -DUAGENT_P2P_PROFILE=OFF --no-warn-unused-cli -DCMAKE_INSTALL_PREFIX=/home/pi4b/PBL5/uros_ws/install/micro_ros_agent
[32.115s] DEBUG:colcon.colcon_core.event_handler.log_command:Invoked command in '/home/pi4b/PBL5/uros_ws/build/micro_ros_agent' returned '0': AMENT_PREFIX_PATH=/home/pi4b/PBL5/uros_ws/install/micro_ros_msgs:${AMENT_PREFIX_PATH} CMAKE_PREFIX_PATH=/home/pi4b/PBL5/uros_ws/install/micro_ros_msgs:/home/pi4b/PBL5/uros_ws/install/micro_ros_setup:/home/pi4b/PBL5/ydlidar_ws/install/ydlidar_ros2_driver:/home/pi4b/PBL5/ydlidar_ws/install/slam_gmapping:/home/pi4b/PBL5/ydlidar_ws/install/openslam_gmapping:/opt/ros/humble LD_LIBRARY_PATH=/home/pi4b/PBL5/uros_ws/install/micro_ros_msgs/lib:${LD_LIBRARY_PATH} PYTHONPATH=/home/pi4b/PBL5/uros_ws/install/micro_ros_msgs/local/lib/python3.10/dist-packages:${PYTHONPATH} /usr/bin/cmake /home/pi4b/PBL5/uros_ws/src/uros/micro-ROS-Agent/micro_ros_agent -DUAGENT_BUILD_EXECUTABLE=OFF -DUAGENT_P2P_PROFILE=OFF --no-warn-unused-cli -DCMAKE_INSTALL_PREFIX=/home/pi4b/PBL5/uros_ws/install/micro_ros_agent
[32.126s] DEBUG:colcon.colcon_core.event_handler.log_command:Invoking command in '/home/pi4b/PBL5/uros_ws/build/micro_ros_agent': AMENT_PREFIX_PATH=/home/pi4b/PBL5/uros_ws/install/micro_ros_msgs:${AMENT_PREFIX_PATH} CMAKE_PREFIX_PATH=/home/pi4b/PBL5/uros_ws/install/micro_ros_msgs:/home/pi4b/PBL5/uros_ws/install/micro_ros_setup:/home/pi4b/PBL5/ydlidar_ws/install/ydlidar_ros2_driver:/home/pi4b/PBL5/ydlidar_ws/install/slam_gmapping:/home/pi4b/PBL5/ydlidar_ws/install/openslam_gmapping:/opt/ros/humble LD_LIBRARY_PATH=/home/pi4b/PBL5/uros_ws/install/micro_ros_msgs/lib:${LD_LIBRARY_PATH} PYTHONPATH=/home/pi4b/PBL5/uros_ws/install/micro_ros_msgs/local/lib/python3.10/dist-packages:${PYTHONPATH} /usr/bin/cmake --build /home/pi4b/PBL5/uros_ws/build/micro_ros_agent -- -j4 -l4
[307.383s] DEBUG:colcon.colcon_core.event_handler.log_command:Invoked command in '/home/pi4b/PBL5/uros_ws/build/micro_ros_agent' returned '0': AMENT_PREFIX_PATH=/home/pi4b/PBL5/uros_ws/install/micro_ros_msgs:${AMENT_PREFIX_PATH} CMAKE_PREFIX_PATH=/home/pi4b/PBL5/uros_ws/install/micro_ros_msgs:/home/pi4b/PBL5/uros_ws/install/micro_ros_setup:/home/pi4b/PBL5/ydlidar_ws/install/ydlidar_ros2_driver:/home/pi4b/PBL5/ydlidar_ws/install/slam_gmapping:/home/pi4b/PBL5/ydlidar_ws/install/openslam_gmapping:/opt/ros/humble LD_LIBRARY_PATH=/home/pi4b/PBL5/uros_ws/install/micro_ros_msgs/lib:${LD_LIBRARY_PATH} PYTHONPATH=/home/pi4b/PBL5/uros_ws/install/micro_ros_msgs/local/lib/python3.10/dist-packages:${PYTHONPATH} /usr/bin/cmake --build /home/pi4b/PBL5/uros_ws/build/micro_ros_agent -- -j4 -l4
[307.393s] DEBUG:colcon.colcon_core.event_handler.log_command:Invoking command in '/home/pi4b/PBL5/uros_ws/build/micro_ros_agent': AMENT_PREFIX_PATH=/home/pi4b/PBL5/uros_ws/install/micro_ros_msgs:${AMENT_PREFIX_PATH} CMAKE_PREFIX_PATH=/home/pi4b/PBL5/uros_ws/install/micro_ros_msgs:/home/pi4b/PBL5/uros_ws/install/micro_ros_setup:/home/pi4b/PBL5/ydlidar_ws/install/ydlidar_ros2_driver:/home/pi4b/PBL5/ydlidar_ws/install/slam_gmapping:/home/pi4b/PBL5/ydlidar_ws/install/openslam_gmapping:/opt/ros/humble LD_LIBRARY_PATH=/home/pi4b/PBL5/uros_ws/install/micro_ros_msgs/lib:${LD_LIBRARY_PATH} PYTHONPATH=/home/pi4b/PBL5/uros_ws/install/micro_ros_msgs/local/lib/python3.10/dist-packages:${PYTHONPATH} /usr/bin/cmake --install /home/pi4b/PBL5/uros_ws/build/micro_ros_agent
[307.467s] Level 1:colcon.colcon_core.environment:create_environment_scripts_only(micro_ros_agent)
[307.468s] Level 1:colcon.colcon_core.environment:checking '/home/pi4b/PBL5/uros_ws/install/micro_ros_agent' for CMake module files
[307.470s] DEBUG:colcon.colcon_core.event_handler.log_command:Invoked command in '/home/pi4b/PBL5/uros_ws/build/micro_ros_agent' returned '0': AMENT_PREFIX_PATH=/home/pi4b/PBL5/uros_ws/install/micro_ros_msgs:${AMENT_PREFIX_PATH} CMAKE_PREFIX_PATH=/home/pi4b/PBL5/uros_ws/install/micro_ros_msgs:/home/pi4b/PBL5/uros_ws/install/micro_ros_setup:/home/pi4b/PBL5/ydlidar_ws/install/ydlidar_ros2_driver:/home/pi4b/PBL5/ydlidar_ws/install/slam_gmapping:/home/pi4b/PBL5/ydlidar_ws/install/openslam_gmapping:/opt/ros/humble LD_LIBRARY_PATH=/home/pi4b/PBL5/uros_ws/install/micro_ros_msgs/lib:${LD_LIBRARY_PATH} PYTHONPATH=/home/pi4b/PBL5/uros_ws/install/micro_ros_msgs/local/lib/python3.10/dist-packages:${PYTHONPATH} /usr/bin/cmake --install /home/pi4b/PBL5/uros_ws/build/micro_ros_agent
[307.472s] Level 1:colcon.colcon_core.environment:checking '/home/pi4b/PBL5/uros_ws/install/micro_ros_agent' for CMake config files
[307.481s] Level 1:colcon.colcon_core.shell:create_environment_hook('micro_ros_agent', 'cmake_prefix_path')
[307.482s] INFO:colcon.colcon_core.shell:Creating environment hook '/home/pi4b/PBL5/uros_ws/install/micro_ros_agent/share/micro_ros_agent/hook/cmake_prefix_path.ps1'
[307.484s] INFO:colcon.colcon_core.shell:Creating environment descriptor '/home/pi4b/PBL5/uros_ws/install/micro_ros_agent/share/micro_ros_agent/hook/cmake_prefix_path.dsv'
[307.485s] INFO:colcon.colcon_core.shell:Creating environment hook '/home/pi4b/PBL5/uros_ws/install/micro_ros_agent/share/micro_ros_agent/hook/cmake_prefix_path.sh'
[307.488s] Level 1:colcon.colcon_core.environment:checking '/home/pi4b/PBL5/uros_ws/install/micro_ros_agent/lib'
[307.488s] Level 1:colcon.colcon_core.shell:create_environment_hook('micro_ros_agent', 'ld_library_path_lib')
[307.489s] INFO:colcon.colcon_core.shell:Creating environment hook '/home/pi4b/PBL5/uros_ws/install/micro_ros_agent/share/micro_ros_agent/hook/ld_library_path_lib.ps1'
[307.491s] INFO:colcon.colcon_core.shell:Creating environment descriptor '/home/pi4b/PBL5/uros_ws/install/micro_ros_agent/share/micro_ros_agent/hook/ld_library_path_lib.dsv'
[307.493s] INFO:colcon.colcon_core.shell:Creating environment hook '/home/pi4b/PBL5/uros_ws/install/micro_ros_agent/share/micro_ros_agent/hook/ld_library_path_lib.sh'
[307.494s] Level 1:colcon.colcon_core.environment:checking '/home/pi4b/PBL5/uros_ws/install/micro_ros_agent/bin'
[307.495s] Level 1:colcon.colcon_core.environment:checking '/home/pi4b/PBL5/uros_ws/install/micro_ros_agent/lib/pkgconfig/micro_ros_agent.pc'
[307.496s] Level 1:colcon.colcon_core.environment:checking '/home/pi4b/PBL5/uros_ws/install/micro_ros_agent/lib/python3.10/site-packages'
[307.497s] Level 1:colcon.colcon_core.environment:checking '/home/pi4b/PBL5/uros_ws/install/micro_ros_agent/bin'
[307.499s] INFO:colcon.colcon_core.shell:Creating package script '/home/pi4b/PBL5/uros_ws/install/micro_ros_agent/share/micro_ros_agent/package.ps1'
[307.501s] INFO:colcon.colcon_core.shell:Creating package descriptor '/home/pi4b/PBL5/uros_ws/install/micro_ros_agent/share/micro_ros_agent/package.dsv'
[307.503s] INFO:colcon.colcon_core.shell:Creating package script '/home/pi4b/PBL5/uros_ws/install/micro_ros_agent/share/micro_ros_agent/package.sh'
[307.505s] INFO:colcon.colcon_core.shell:Creating package script '/home/pi4b/PBL5/uros_ws/install/micro_ros_agent/share/micro_ros_agent/package.bash'
[307.507s] INFO:colcon.colcon_core.shell:Creating package script '/home/pi4b/PBL5/uros_ws/install/micro_ros_agent/share/micro_ros_agent/package.zsh'
[307.508s] Level 1:colcon.colcon_core.environment:create_file_with_runtime_dependencies(/home/pi4b/PBL5/uros_ws/install/micro_ros_agent/share/colcon-core/packages/micro_ros_agent)
[307.511s] Level 1:colcon.colcon_core.environment:create_environment_scripts_only(micro_ros_agent)
[307.512s] Level 1:colcon.colcon_core.environment:checking '/home/pi4b/PBL5/uros_ws/install/micro_ros_agent' for CMake module files
[307.515s] Level 1:colcon.colcon_core.environment:checking '/home/pi4b/PBL5/uros_ws/install/micro_ros_agent' for CMake config files
[307.523s] Level 1:colcon.colcon_core.shell:create_environment_hook('micro_ros_agent', 'cmake_prefix_path')
[307.524s] INFO:colcon.colcon_core.shell:Creating environment hook '/home/pi4b/PBL5/uros_ws/install/micro_ros_agent/share/micro_ros_agent/hook/cmake_prefix_path.ps1'
[307.527s] INFO:colcon.colcon_core.shell:Creating environment descriptor '/home/pi4b/PBL5/uros_ws/install/micro_ros_agent/share/micro_ros_agent/hook/cmake_prefix_path.dsv'
[307.529s] INFO:colcon.colcon_core.shell:Creating environment hook '/home/pi4b/PBL5/uros_ws/install/micro_ros_agent/share/micro_ros_agent/hook/cmake_prefix_path.sh'
[307.533s] Level 1:colcon.colcon_core.environment:checking '/home/pi4b/PBL5/uros_ws/install/micro_ros_agent/lib'
[307.533s] Level 1:colcon.colcon_core.shell:create_environment_hook('micro_ros_agent', 'ld_library_path_lib')
[307.534s] INFO:colcon.colcon_core.shell:Creating environment hook '/home/pi4b/PBL5/uros_ws/install/micro_ros_agent/share/micro_ros_agent/hook/ld_library_path_lib.ps1'
[307.536s] INFO:colcon.colcon_core.shell:Creating environment descriptor '/home/pi4b/PBL5/uros_ws/install/micro_ros_agent/share/micro_ros_agent/hook/ld_library_path_lib.dsv'
[307.538s] INFO:colcon.colcon_core.shell:Creating environment hook '/home/pi4b/PBL5/uros_ws/install/micro_ros_agent/share/micro_ros_agent/hook/ld_library_path_lib.sh'
[307.540s] Level 1:colcon.colcon_core.environment:checking '/home/pi4b/PBL5/uros_ws/install/micro_ros_agent/bin'
[307.540s] Level 1:colcon.colcon_core.environment:checking '/home/pi4b/PBL5/uros_ws/install/micro_ros_agent/lib/pkgconfig/micro_ros_agent.pc'
[307.541s] Level 1:colcon.colcon_core.environment:checking '/home/pi4b/PBL5/uros_ws/install/micro_ros_agent/lib/python3.10/site-packages'
[307.543s] Level 1:colcon.colcon_core.environment:checking '/home/pi4b/PBL5/uros_ws/install/micro_ros_agent/bin'
[307.544s] INFO:colcon.colcon_core.shell:Creating package script '/home/pi4b/PBL5/uros_ws/install/micro_ros_agent/share/micro_ros_agent/package.ps1'
[307.546s] INFO:colcon.colcon_core.shell:Creating package descriptor '/home/pi4b/PBL5/uros_ws/install/micro_ros_agent/share/micro_ros_agent/package.dsv'
[307.549s] INFO:colcon.colcon_core.shell:Creating package script '/home/pi4b/PBL5/uros_ws/install/micro_ros_agent/share/micro_ros_agent/package.sh'
[307.551s] INFO:colcon.colcon_core.shell:Creating package script '/home/pi4b/PBL5/uros_ws/install/micro_ros_agent/share/micro_ros_agent/package.bash'
[307.554s] INFO:colcon.colcon_core.shell:Creating package script '/home/pi4b/PBL5/uros_ws/install/micro_ros_agent/share/micro_ros_agent/package.zsh'
[307.556s] Level 1:colcon.colcon_core.environment:create_file_with_runtime_dependencies(/home/pi4b/PBL5/uros_ws/install/micro_ros_agent/share/colcon-core/packages/micro_ros_agent)
[307.557s] DEBUG:colcon.colcon_parallel_executor.executor.parallel:closing loop
[307.558s] DEBUG:colcon.colcon_parallel_executor.executor.parallel:loop closed
[307.559s] DEBUG:colcon.colcon_parallel_executor.executor.parallel:run_until_complete finished with '0'
[307.559s] DEBUG:colcon.colcon_core.event_reactor:joining thread
[307.590s] INFO:colcon.colcon_core.plugin_system:Skipping extension 'colcon_notification.desktop_notification.terminal_notifier': Not used on non-Darwin systems
[307.590s] INFO:colcon.colcon_core.plugin_system:Skipping extension 'colcon_notification.desktop_notification.win32': Not used on non-Windows systems
[307.590s] INFO:colcon.colcon_notification.desktop_notification:Sending desktop notification using 'notify2'
[307.618s] DEBUG:colcon.colcon_core.event_reactor:joined thread
[307.620s] INFO:colcon.colcon_core.shell:Creating prefix script '/home/pi4b/PBL5/uros_ws/install/local_setup.ps1'
[307.625s] INFO:colcon.colcon_core.shell:Creating prefix util module '/home/pi4b/PBL5/uros_ws/install/_local_setup_util_ps1.py'
[307.634s] INFO:colcon.colcon_core.shell:Creating prefix chain script '/home/pi4b/PBL5/uros_ws/install/setup.ps1'
[307.640s] INFO:colcon.colcon_core.shell:Creating prefix script '/home/pi4b/PBL5/uros_ws/install/local_setup.sh'
[307.643s] INFO:colcon.colcon_core.shell:Creating prefix util module '/home/pi4b/PBL5/uros_ws/install/_local_setup_util_sh.py'
[307.646s] INFO:colcon.colcon_core.shell:Creating prefix chain script '/home/pi4b/PBL5/uros_ws/install/setup.sh'
[307.652s] INFO:colcon.colcon_core.shell:Creating prefix script '/home/pi4b/PBL5/uros_ws/install/local_setup.bash'
[307.655s] INFO:colcon.colcon_core.shell:Creating prefix chain script '/home/pi4b/PBL5/uros_ws/install/setup.bash'
[307.661s] INFO:colcon.colcon_core.shell:Creating prefix script '/home/pi4b/PBL5/uros_ws/install/local_setup.zsh'
[307.666s] INFO:colcon.colcon_core.shell:Creating prefix chain script '/home/pi4b/PBL5/uros_ws/install/setup.zsh'
