[0.137s] Invoking command in '/home/pi4b/PBL5/uros_ws/build/saye_description': CMAKE_PREFIX_PATH=${CMAKE_PREFIX_PATH}:/opt/ros/humble /usr/bin/cmake /home/pi4b/PBL5/uros_ws/src/ackermann-vehicle-gzsim-ros2/saye_description -DAMENT_CMAKE_SYMLINK_INSTALL=1 -DCMAKE_INSTALL_PREFIX=/home/pi4b/PBL5/uros_ws/install/saye_description
[0.567s] -- The C compiler identification is GNU 11.4.0
[0.934s] -- The CXX compiler identification is GNU 11.4.0
[0.981s] -- Detecting C compiler ABI info
[1.455s] -- Detecting C compiler ABI info - done
[1.483s] -- Check for working C compiler: /usr/bin/cc - skipped
[1.484s] -- Detecting C compile features
[1.485s] -- Detecting C compile features - done
[1.498s] -- Detecting CXX compiler ABI info
[1.990s] -- Detecting CXX compiler ABI info - done
[2.023s] -- Check for working CXX compiler: /usr/bin/c++ - skipped
[2.030s] -- Detecting CXX compile features
[2.034s] -- Detecting CXX compile features - done
[2.075s] -- Found ament_cmake: 1.3.14 (/opt/ros/humble/share/ament_cmake/cmake)
[3.305s] -- Found Python3: /usr/bin/python3 (found version "3.10.12") found components: Interpreter 
[3.798s] -- Override CMake install command with custom implementation using symlinks instead of copying resources
[4.239s] -- Found robot_state_publisher: 3.0.3 (/opt/ros/humble/share/robot_state_publisher/cmake)
[4.675s] -- Found rosidl_generator_c: 3.1.8 (/opt/ros/humble/share/rosidl_generator_c/cmake)
[4.745s] -- Found rosidl_adapter: 3.1.8 (/opt/ros/humble/share/rosidl_adapter/cmake)
[4.827s] -- Found rosidl_generator_cpp: 3.1.8 (/opt/ros/humble/share/rosidl_generator_cpp/cmake)
[4.926s] -- Using all available rosidl_typesupport_c: rosidl_typesupport_fastrtps_c;rosidl_typesupport_introspection_c
[5.064s] -- Using all available rosidl_typesupport_cpp: rosidl_typesupport_fastrtps_cpp;rosidl_typesupport_introspection_cpp
[5.615s] -- Found eigen3_cmake_module: 0.1.1 (/opt/ros/humble/share/eigen3_cmake_module/cmake)
[5.622s] -- Found Eigen3: TRUE (found version "3.4.0") 
[5.622s] -- Ensuring Eigen3 include directory is part of orocos-kdl CMake target
[6.105s] -- Found rmw_implementation_cmake: 6.1.2 (/opt/ros/humble/share/rmw_implementation_cmake/cmake)
[6.148s] -- Found rmw_fastrtps_cpp: 6.2.10 (/opt/ros/humble/share/rmw_fastrtps_cpp/cmake)
[6.972s] -- Found OpenSSL: /usr/lib/aarch64-linux-gnu/libcrypto.so (found version "3.0.2")  
[7.399s] -- Found FastRTPS: /opt/ros/humble/include  
[8.018s] -- Using RMW implementation 'rmw_fastrtps_cpp' as default
[8.140s] -- Looking for pthread.h
[8.597s] -- Looking for pthread.h - found
[8.598s] -- Performing Test CMAKE_HAVE_LIBC_PTHREAD
[9.107s] -- Performing Test CMAKE_HAVE_LIBC_PTHREAD - Success
[9.115s] -- Found Threads: TRUE  
[11.179s] -- Found xacro: 2.1.1 (/opt/ros/humble/share/xacro/cmake)
[11.219s] -- Found ament_lint_auto: 0.12.15 (/opt/ros/humble/share/ament_lint_auto/cmake)
[11.931s] -- Added test 'flake8' to check Python code syntax and style conventions
[11.947s] -- Added test 'lint_cmake' to check CMake code style
[11.958s] -- Added test 'pep257' to check Python code against some of the docstring style conventions in PEP 257
[12.006s] -- Added test 'xmllint' to check XML markup files
[12.019s] -- Configuring done
[12.072s] -- Generating done
[12.094s] -- Build files have been written to: /home/pi4b/PBL5/uros_ws/build/saye_description
[12.188s] Invoked command in '/home/pi4b/PBL5/uros_ws/build/saye_description' returned '0': CMAKE_PREFIX_PATH=${CMAKE_PREFIX_PATH}:/opt/ros/humble /usr/bin/cmake /home/pi4b/PBL5/uros_ws/src/ackermann-vehicle-gzsim-ros2/saye_description -DAMENT_CMAKE_SYMLINK_INSTALL=1 -DCMAKE_INSTALL_PREFIX=/home/pi4b/PBL5/uros_ws/install/saye_description
[12.191s] Invoking command in '/home/pi4b/PBL5/uros_ws/build/saye_description': CMAKE_PREFIX_PATH=${CMAKE_PREFIX_PATH}:/opt/ros/humble /usr/bin/cmake --build /home/pi4b/PBL5/uros_ws/build/saye_description -- -j4 -l4
[12.572s] Invoked command in '/home/pi4b/PBL5/uros_ws/build/saye_description' returned '0': CMAKE_PREFIX_PATH=${CMAKE_PREFIX_PATH}:/opt/ros/humble /usr/bin/cmake --build /home/pi4b/PBL5/uros_ws/build/saye_description -- -j4 -l4
[12.584s] Invoking command in '/home/pi4b/PBL5/uros_ws/build/saye_description': CMAKE_PREFIX_PATH=${CMAKE_PREFIX_PATH}:/opt/ros/humble /usr/bin/cmake --install /home/pi4b/PBL5/uros_ws/build/saye_description
[12.640s] -- Install configuration: ""
[12.642s] -- Execute custom install script
[12.650s] -- Symlinking: /home/pi4b/PBL5/uros_ws/install/saye_description/share/saye_description//models/A_letter/meshes/A_letter.dae
[12.697s] -- Symlinking: /home/pi4b/PBL5/uros_ws/install/saye_description/share/saye_description//models/A_letter/model.config
[12.819s] -- Symlinking: /home/pi4b/PBL5/uros_ws/install/saye_description/share/saye_description//models/A_letter/model.sdf
[12.949s] -- Symlinking: /home/pi4b/PBL5/uros_ws/install/saye_description/share/saye_description//models/A_letter/thumbnails/A_letter.png
[13.045s] -- Symlinking: /home/pi4b/PBL5/uros_ws/install/saye_description/share/saye_description//models/I_letter/meshes/I_letter.dae
[13.135s] -- Symlinking: /home/pi4b/PBL5/uros_ws/install/saye_description/share/saye_description//models/I_letter/model.config
[13.249s] -- Symlinking: /home/pi4b/PBL5/uros_ws/install/saye_description/share/saye_description//models/I_letter/model.sdf
[13.329s] -- Symlinking: /home/pi4b/PBL5/uros_ws/install/saye_description/share/saye_description//models/I_letter/thumbnails/A_letter.png
[13.438s] -- Symlinking: /home/pi4b/PBL5/uros_ws/install/saye_description/share/saye_description//models/L_letter/meshes/L_letter.dae
[13.546s] -- Symlinking: /home/pi4b/PBL5/uros_ws/install/saye_description/share/saye_description//models/L_letter/model.config
[13.677s] -- Symlinking: /home/pi4b/PBL5/uros_ws/install/saye_description/share/saye_description//models/L_letter/model.sdf
[13.809s] -- Symlinking: /home/pi4b/PBL5/uros_ws/install/saye_description/share/saye_description//models/L_letter/thumbnails/A_letter.png
[13.866s] -- Symlinking: /home/pi4b/PBL5/uros_ws/install/saye_description/share/saye_description//models/saye/meshes/BaseReduced.dae
[13.941s] -- Symlinking: /home/pi4b/PBL5/uros_ws/install/saye_description/share/saye_description//models/saye/meshes/STL27L.dae
[14.049s] -- Symlinking: /home/pi4b/PBL5/uros_ws/install/saye_description/share/saye_description//models/saye/meshes/TopReduced.dae
[14.153s] -- Symlinking: /home/pi4b/PBL5/uros_ws/install/saye_description/share/saye_description//models/saye/meshes/Wheel.dae
[14.248s] -- Symlinking: /home/pi4b/PBL5/uros_ws/install/saye_description/share/saye_description//models/saye/meshes/sensor_rack_lowres_shallow_laser.dae
[14.348s] -- Symlinking: /home/pi4b/PBL5/uros_ws/install/saye_description/share/saye_description//models/saye/meshes/sensor_rack_support_lowres.dae
[14.449s] -- Symlinking: /home/pi4b/PBL5/uros_ws/install/saye_description/share/saye_description//models/saye/model.config
[14.550s] -- Symlinking: /home/pi4b/PBL5/uros_ws/install/saye_description/share/saye_description//models/saye/model.sdf
[14.663s] -- Symlinking: /home/pi4b/PBL5/uros_ws/install/saye_description/share/saye_description//worlds/saye_world.sdf
[14.765s] -- Symlinking: /home/pi4b/PBL5/uros_ws/install/saye_description/share/saye_description//worlds/warehouse/meshes/Asphalt010_1K_Color.jpg
[14.855s] -- Symlinking: /home/pi4b/PBL5/uros_ws/install/saye_description/share/saye_description//worlds/warehouse/meshes/Rough_Square_Concrete_Block.jpg
[14.930s] -- Symlinking: /home/pi4b/PBL5/uros_ws/install/saye_description/share/saye_description//worlds/warehouse/meshes/Tape001_1K_Color.png
[14.981s] -- Symlinking: /home/pi4b/PBL5/uros_ws/install/saye_description/share/saye_description//worlds/warehouse/meshes/Terrazzo005_1K_Color.jpg
[15.085s] -- Symlinking: /home/pi4b/PBL5/uros_ws/install/saye_description/share/saye_description//worlds/warehouse/meshes/ground.png
[15.137s] -- Symlinking: /home/pi4b/PBL5/uros_ws/install/saye_description/share/saye_description//worlds/warehouse/meshes/warehouse.dae
[15.209s] -- Symlinking: /home/pi4b/PBL5/uros_ws/install/saye_description/share/saye_description//worlds/warehouse/meshes/warehouse_colision.stl
[15.282s] -- Symlinking: /home/pi4b/PBL5/uros_ws/install/saye_description/share/saye_description//worlds/warehouse/model.config
[15.326s] -- Symlinking: /home/pi4b/PBL5/uros_ws/install/saye_description/share/saye_description//worlds/warehouse/model.sdf
[15.392s] -- Symlinking: /home/pi4b/PBL5/uros_ws/install/saye_description/share/saye_description//worlds/warehouse/thumbnails/1.png
[15.440s] -- Symlinking: /home/pi4b/PBL5/uros_ws/install/saye_description/share/saye_description//worlds/warehouse/thumbnails/2.png
[15.521s] -- Symlinking: /home/pi4b/PBL5/uros_ws/install/saye_description/share/saye_description//worlds/warehouse/thumbnails/3.png
[15.608s] -- Symlinking: /home/pi4b/PBL5/uros_ws/install/saye_description/share/saye_description//worlds/warehouse/thumbnails/4.png
[15.719s] -- Symlinking: /home/pi4b/PBL5/uros_ws/install/saye_description/share/saye_description//hooks/ros_gz_example_description.dsv.in
[15.763s] -- Symlinking: /home/pi4b/PBL5/uros_ws/install/saye_description/share/saye_description//hooks/ros_gz_example_description.sh.in
[15.839s] -- Symlinking: /home/pi4b/PBL5/uros_ws/install/saye_description/share/saye_description//launch/spawn_letters.launch.py
[15.918s] -- Symlinking: /home/pi4b/PBL5/uros_ws/install/saye_description/share/ament_index/resource_index/package_run_dependencies/saye_description
[15.983s] -- Symlinking: /home/pi4b/PBL5/uros_ws/install/saye_description/share/ament_index/resource_index/parent_prefix_path/saye_description
[16.112s] -- Symlinking: /home/pi4b/PBL5/uros_ws/install/saye_description/share/saye_description/environment/ament_prefix_path.sh
[16.238s] -- Symlinking: /home/pi4b/PBL5/uros_ws/install/saye_description/share/saye_description/environment/ament_prefix_path.dsv
[16.337s] -- Symlinking: /home/pi4b/PBL5/uros_ws/install/saye_description/share/saye_description/environment/path.sh
[16.385s] -- Symlinking: /home/pi4b/PBL5/uros_ws/install/saye_description/share/saye_description/environment/path.dsv
[16.481s] -- Symlinking: /home/pi4b/PBL5/uros_ws/install/saye_description/share/saye_description/local_setup.bash
[16.549s] -- Symlinking: /home/pi4b/PBL5/uros_ws/install/saye_description/share/saye_description/local_setup.sh
[16.621s] -- Symlinking: /home/pi4b/PBL5/uros_ws/install/saye_description/share/saye_description/local_setup.zsh
[16.689s] -- Symlinking: /home/pi4b/PBL5/uros_ws/install/saye_description/share/saye_description/local_setup.dsv
[16.789s] -- Symlinking: /home/pi4b/PBL5/uros_ws/install/saye_description/share/saye_description/package.dsv
[16.917s] -- Symlinking: /home/pi4b/PBL5/uros_ws/install/saye_description/share/ament_index/resource_index/packages/saye_description
[17.010s] -- Symlinking: /home/pi4b/PBL5/uros_ws/install/saye_description/share/saye_description/cmake/saye_descriptionConfig.cmake
[17.109s] -- Symlinking: /home/pi4b/PBL5/uros_ws/install/saye_description/share/saye_description/cmake/saye_descriptionConfig-version.cmake
[17.220s] -- Symlinking: /home/pi4b/PBL5/uros_ws/install/saye_description/share/saye_description/package.xml
[17.349s] Invoked command in '/home/pi4b/PBL5/uros_ws/build/saye_description' returned '0': CMAKE_PREFIX_PATH=${CMAKE_PREFIX_PATH}:/opt/ros/humble /usr/bin/cmake --install /home/pi4b/PBL5/uros_ws/build/saye_description
