[0.052s] Invoking command in '/home/pi4b/PBL5/uros_ws/build/ydlidar_robot_bringup': CMAKE_PREFIX_PATH=${CMAKE_PREFIX_PATH}:/opt/ros/humble /usr/bin/cmake /home/pi4b/PBL5/uros_ws/src/ydlidar_robot_bringup -DAMENT_CMAKE_SYMLINK_INSTALL=1 -DCMAKE_INSTALL_PREFIX=/home/pi4b/PBL5/uros_ws/install/ydlidar_robot_bringup
[0.345s] -- The C compiler identification is GNU 11.4.0
[0.610s] -- The CXX compiler identification is GNU 11.4.0
[0.645s] -- Detecting C compiler ABI info
[1.002s] -- Detecting C compiler ABI info - done
[1.029s] -- Check for working C compiler: /usr/bin/cc - skipped
[1.030s] -- Detecting C compile features
[1.032s] -- Detecting C compile features - done
[1.046s] -- Detecting CXX compiler ABI info
[1.437s] -- Detecting CXX compiler ABI info - done
[1.464s] -- Check for working CXX compiler: /usr/bin/c++ - skipped
[1.464s] -- Detecting CXX compile features
[1.466s] -- Detecting CXX compile features - done
[1.502s] -- Found ament_cmake: 1.3.14 (/opt/ros/humble/share/ament_cmake/cmake)
[2.285s] -- Found Python3: /usr/bin/python3 (found version "3.10.12") found components: Interpreter 
[2.585s] -- Override CMake install command with custom implementation using symlinks instead of copying resources
[2.993s] -- Found ament_lint_auto: 0.12.15 (/opt/ros/humble/share/ament_lint_auto/cmake)
[3.503s] -- Added test 'flake8' to check Python code syntax and style conventions
[3.508s] -- Added test 'lint_cmake' to check CMake code style
[3.512s] -- Added test 'pep257' to check Python code against some of the docstring style conventions in PEP 257
[3.523s] -- Added test 'xmllint' to check XML markup files
[3.534s] -- Configuring done
[3.557s] -- Generating done
[3.565s] -- Build files have been written to: /home/pi4b/PBL5/uros_ws/build/ydlidar_robot_bringup
[3.580s] Invoked command in '/home/pi4b/PBL5/uros_ws/build/ydlidar_robot_bringup' returned '0': CMAKE_PREFIX_PATH=${CMAKE_PREFIX_PATH}:/opt/ros/humble /usr/bin/cmake /home/pi4b/PBL5/uros_ws/src/ydlidar_robot_bringup -DAMENT_CMAKE_SYMLINK_INSTALL=1 -DCMAKE_INSTALL_PREFIX=/home/pi4b/PBL5/uros_ws/install/ydlidar_robot_bringup
[3.592s] Invoking command in '/home/pi4b/PBL5/uros_ws/build/ydlidar_robot_bringup': CMAKE_PREFIX_PATH=${CMAKE_PREFIX_PATH}:/opt/ros/humble /usr/bin/cmake --build /home/pi4b/PBL5/uros_ws/build/ydlidar_robot_bringup -- -j4 -l4
[3.784s] Invoked command in '/home/pi4b/PBL5/uros_ws/build/ydlidar_robot_bringup' returned '0': CMAKE_PREFIX_PATH=${CMAKE_PREFIX_PATH}:/opt/ros/humble /usr/bin/cmake --build /home/pi4b/PBL5/uros_ws/build/ydlidar_robot_bringup -- -j4 -l4
[3.816s] Invoking command in '/home/pi4b/PBL5/uros_ws/build/ydlidar_robot_bringup': CMAKE_PREFIX_PATH=${CMAKE_PREFIX_PATH}:/opt/ros/humble /usr/bin/cmake --install /home/pi4b/PBL5/uros_ws/build/ydlidar_robot_bringup
[3.847s] -- Install configuration: ""
[3.850s] -- Execute custom install script
[3.853s] -- Symlinking: /home/pi4b/PBL5/uros_ws/install/ydlidar_robot_bringup/share/ydlidar_robot_bringup//launch/bringup.launch.py
[3.889s] -- Symlinking: /home/pi4b/PBL5/uros_ws/install/ydlidar_robot_bringup/share/ydlidar_robot_bringup//launch/sensors.launch.py
[3.927s] -- Symlinking: /home/pi4b/PBL5/uros_ws/install/ydlidar_robot_bringup/share/ament_index/resource_index/package_run_dependencies/ydlidar_robot_bringup
[3.967s] -- Symlinking: /home/pi4b/PBL5/uros_ws/install/ydlidar_robot_bringup/share/ament_index/resource_index/parent_prefix_path/ydlidar_robot_bringup
[4.007s] -- Symlinking: /home/pi4b/PBL5/uros_ws/install/ydlidar_robot_bringup/share/ydlidar_robot_bringup/environment/ament_prefix_path.sh
[4.044s] -- Symlinking: /home/pi4b/PBL5/uros_ws/install/ydlidar_robot_bringup/share/ydlidar_robot_bringup/environment/ament_prefix_path.dsv
[4.085s] -- Symlinking: /home/pi4b/PBL5/uros_ws/install/ydlidar_robot_bringup/share/ydlidar_robot_bringup/environment/path.sh
[4.122s] -- Symlinking: /home/pi4b/PBL5/uros_ws/install/ydlidar_robot_bringup/share/ydlidar_robot_bringup/environment/path.dsv
[4.162s] -- Symlinking: /home/pi4b/PBL5/uros_ws/install/ydlidar_robot_bringup/share/ydlidar_robot_bringup/local_setup.bash
[4.199s] -- Symlinking: /home/pi4b/PBL5/uros_ws/install/ydlidar_robot_bringup/share/ydlidar_robot_bringup/local_setup.sh
[4.237s] -- Symlinking: /home/pi4b/PBL5/uros_ws/install/ydlidar_robot_bringup/share/ydlidar_robot_bringup/local_setup.zsh
[4.277s] -- Symlinking: /home/pi4b/PBL5/uros_ws/install/ydlidar_robot_bringup/share/ydlidar_robot_bringup/local_setup.dsv
[4.313s] -- Symlinking: /home/pi4b/PBL5/uros_ws/install/ydlidar_robot_bringup/share/ydlidar_robot_bringup/package.dsv
[4.353s] -- Symlinking: /home/pi4b/PBL5/uros_ws/install/ydlidar_robot_bringup/share/ament_index/resource_index/packages/ydlidar_robot_bringup
[4.391s] -- Symlinking: /home/pi4b/PBL5/uros_ws/install/ydlidar_robot_bringup/share/ydlidar_robot_bringup/cmake/ydlidar_robot_bringupConfig.cmake
[4.429s] -- Symlinking: /home/pi4b/PBL5/uros_ws/install/ydlidar_robot_bringup/share/ydlidar_robot_bringup/cmake/ydlidar_robot_bringupConfig-version.cmake
[4.468s] -- Symlinking: /home/pi4b/PBL5/uros_ws/install/ydlidar_robot_bringup/share/ydlidar_robot_bringup/package.xml
[4.512s] Invoked command in '/home/pi4b/PBL5/uros_ws/build/ydlidar_robot_bringup' returned '0': CMAKE_PREFIX_PATH=${CMAKE_PREFIX_PATH}:/opt/ros/humble /usr/bin/cmake --install /home/pi4b/PBL5/uros_ws/build/ydlidar_robot_bringup
