-- The C compiler identification is GNU 11.4.0
-- The CXX compiler identification is GNU 11.4.0
-- Detecting C compiler ABI info
-- Detecting C compiler ABI info - done
-- Check for working C compiler: /usr/bin/cc - skipped
-- Detecting C compile features
-- Detecting C compile features - done
-- Detecting CXX compiler ABI info
-- Detecting CXX compiler ABI info - done
-- Check for working CXX compiler: /usr/bin/c++ - skipped
-- Detecting CXX compile features
-- Detecting CXX compile features - done
-- Found ament_cmake: 1.3.14 (/opt/ros/humble/share/ament_cmake/cmake)
-- Found Python3: /usr/bin/python3 (found version "3.10.12") found components: Interpreter 
-- Override CMake install command with custom implementation using symlinks instead of copying resources
-- Found rclcpp: 16.0.19 (/opt/ros/humble/share/rclcpp/cmake)
-- Found rosidl_generator_c: 3.1.8 (/opt/ros/humble/share/rosidl_generator_c/cmake)
-- Found rosidl_adapter: 3.1.8 (/opt/ros/humble/share/rosidl_adapter/cmake)
-- Found rosidl_generator_cpp: 3.1.8 (/opt/ros/humble/share/rosidl_generator_cpp/cmake)
-- Using all available rosidl_typesupport_c: rosidl_typesupport_fastrtps_c;rosidl_typesupport_introspection_c
-- Using all available rosidl_typesupport_cpp: rosidl_typesupport_fastrtps_cpp;rosidl_typesupport_introspection_cpp
-- Found rmw_implementation_cmake: 6.1.2 (/opt/ros/humble/share/rmw_implementation_cmake/cmake)
-- Found rmw_fastrtps_cpp: 6.2.10 (/opt/ros/humble/share/rmw_fastrtps_cpp/cmake)
-- Found OpenSSL: /usr/lib/aarch64-linux-gnu/libcrypto.so (found version "3.0.2")  
-- Found FastRTPS: /opt/ros/humble/include  
-- Using RMW implementation 'rmw_fastrtps_cpp' as default
-- Looking for pthread.h
-- Looking for pthread.h - found
-- Performing Test CMAKE_HAVE_LIBC_PTHREAD
-- Performing Test CMAKE_HAVE_LIBC_PTHREAD - Success
-- Found Threads: TRUE  
-- Found rclpy: 3.3.21 (/opt/ros/humble/share/rclpy/cmake)
-- Found sensor_msgs: 4.9.1 (/opt/ros/humble/share/sensor_msgs/cmake)
-- Found saye_msgs: 0.0.0 (/home/pi4b/PBL5/uros_ws/install/saye_msgs/share/saye_msgs/cmake)
-- Found ament_lint_auto: 0.12.15 (/opt/ros/humble/share/ament_lint_auto/cmake)
-- Added test 'cppcheck' to perform static code analysis on C / C++ code
-- Configured cppcheck include dirs: /home/pi4b/PBL5/uros_ws/src/ackermann-vehicle-gzsim-ros2/saye_control/include
-- Configured cppcheck exclude dirs and/or files: 
-- Added test 'lint_cmake' to check CMake code style
-- Added test 'uncrustify' to check C / C++ code style
-- Configured uncrustify additional arguments: 
-- Added test 'xmllint' to check XML markup files
-- Configuring done
-- Generating done
-- Build files have been written to: /home/pi4b/PBL5/uros_ws/build/saye_control
[ 25%] [32mBuilding CXX object CMakeFiles/main.dir/src/main.cpp.o[0m
[ 50%] [32mBuilding CXX object CMakeFiles/client.dir/src/client.cpp.o[0m
In file included from [01m[K/home/pi4b/PBL5/uros_ws/src/ackermann-vehicle-gzsim-ros2/saye_control/src/main.cpp:1[m[K:
[01m[K/home/pi4b/PBL5/uros_ws/src/ackermann-vehicle-gzsim-ros2/saye_control/include/saye_control/control.hpp:[m[K In member function ‘[01m[Kvoid Control::service_callback(saye_msgs::srv::ShareMap_Request_<std::allocator<void> >::SharedPtr, saye_msgs::srv::ShareMap_Response_<std::allocator<void> >::SharedPtr)[m[K’:
[01m[K/home/pi4b/PBL5/uros_ws/src/ackermann-vehicle-gzsim-ros2/saye_control/include/saye_control/control.hpp:95:83:[m[K [01;35m[Kwarning: [m[Kunused parameter ‘[01m[Krequest[m[K’ [[01;35m[K]8;;https://gcc.gnu.org/onlinedocs/gcc/Warning-Options.html#index-Wunused-parameter-Wunused-parameter]8;;[m[K]
   95 | callback([01;35m[Kconst saye_msgs::srv::ShareMap::Request::SharedPtr request[m[K, const saye_msgs::srv::ShareMap::Response::SharedPtr response)
      |          [01;35m[K~~~~~~~~~~~~~~~~~~~~~~~~~~~~~~~~~~~~~~~~~~~~~~~~~~~^~~~~~~[m[K

In file included from [01m[K/home/pi4b/PBL5/uros_ws/src/ackermann-vehicle-gzsim-ros2/saye_control/src/client.cpp:1[m[K:
[01m[K/home/pi4b/PBL5/uros_ws/src/ackermann-vehicle-gzsim-ros2/saye_control/include/saye_control/control.hpp:[m[K In member function ‘[01m[Kvoid Control::service_callback(saye_msgs::srv::ShareMap_Request_<std::allocator<void> >::SharedPtr, saye_msgs::srv::ShareMap_Response_<std::allocator<void> >::SharedPtr)[m[K’:
[01m[K/home/pi4b/PBL5/uros_ws/src/ackermann-vehicle-gzsim-ros2/saye_control/include/saye_control/control.hpp:95:83:[m[K [01;35m[Kwarning: [m[Kunused parameter ‘[01m[Krequest[m[K’ [[01;35m[K]8;;https://gcc.gnu.org/onlinedocs/gcc/Warning-Options.html#index-Wunused-parameter-Wunused-parameter]8;;[m[K]
   95 | void Control::service_callback([01;35m[Kconst saye_msgs::srv::ShareMap::Request::SharedPtr request[m[K, const saye_msgs::srv::ShareMap::Response::SharedPtr response)
      |                                [01;35m[K~~~~~~~~~~~~~~~~~~~~~~~~~~~~~~~~~~~~~~~~~~~~~~~~~~~^~~~~~~[m[K
[ 75%] [32m[1mLinking CXX executable client[0m
[ 75%] Built target client
[100%] [32m[1mLinking CXX executable main[0m
[100%] Built target main
-- Install configuration: ""
-- Execute custom install script
-- Symlinking: /home/pi4b/PBL5/uros_ws/install/saye_control/include/include/saye_control/control.hpp
-- Symlinking: /home/pi4b/PBL5/uros_ws/install/saye_control/include/include/saye_control/joystick_controller_simulation.hpp
-- Symlinking: /home/pi4b/PBL5/uros_ws/install/saye_control/lib/saye_control/main
-- Symlinking: /home/pi4b/PBL5/uros_ws/install/saye_control/lib/saye_control/client
-- Symlinking: /home/pi4b/PBL5/uros_ws/install/saye_control/share/ament_index/resource_index/package_run_dependencies/saye_control
-- Symlinking: /home/pi4b/PBL5/uros_ws/install/saye_control/share/ament_index/resource_index/parent_prefix_path/saye_control
-- Symlinking: /home/pi4b/PBL5/uros_ws/install/saye_control/share/saye_control/environment/ament_prefix_path.sh
-- Symlinking: /home/pi4b/PBL5/uros_ws/install/saye_control/share/saye_control/environment/ament_prefix_path.dsv
-- Symlinking: /home/pi4b/PBL5/uros_ws/install/saye_control/share/saye_control/environment/path.sh
-- Symlinking: /home/pi4b/PBL5/uros_ws/install/saye_control/share/saye_control/environment/path.dsv
-- Symlinking: /home/pi4b/PBL5/uros_ws/install/saye_control/share/saye_control/local_setup.bash
-- Symlinking: /home/pi4b/PBL5/uros_ws/install/saye_control/share/saye_control/local_setup.sh
-- Symlinking: /home/pi4b/PBL5/uros_ws/install/saye_control/share/saye_control/local_setup.zsh
-- Symlinking: /home/pi4b/PBL5/uros_ws/install/saye_control/share/saye_control/local_setup.dsv
-- Symlinking: /home/pi4b/PBL5/uros_ws/install/saye_control/share/saye_control/package.dsv
-- Symlinking: /home/pi4b/PBL5/uros_ws/install/saye_control/share/ament_index/resource_index/packages/saye_control
-- Symlinking: /home/pi4b/PBL5/uros_ws/install/saye_control/share/saye_control/cmake/saye_controlConfig.cmake
-- Symlinking: /home/pi4b/PBL5/uros_ws/install/saye_control/share/saye_control/cmake/saye_controlConfig-version.cmake
-- Symlinking: /home/pi4b/PBL5/uros_ws/install/saye_control/share/saye_control/package.xml
