[0.118s] Invoking command in '/home/pi4b/PBL5/uros_ws/build/saye_control': CMAKE_PREFIX_PATH=/home/pi4b/PBL5/uros_ws/install/saye_msgs:/home/pi4b/PBL5/uros_ws/install/ydlidar_robot_bringup:/home/pi4b/PBL5/uros_ws/install/saye_control:/home/pi4b/PBL5/uros_ws/install/saye_bringup:/home/pi4b/PBL5/uros_ws/install/saye_description:/home/pi4b/PBL5/uros_ws/install/micro_ros_setup:/home/pi4b/PBL5/uros_ws/install/micro_ros_agent:/home/pi4b/PBL5/uros_ws/install/micro_ros_msgs:/home/pi4b/PBL5/ydlidar_ws/install/ydlidar_ros2_driver:/home/pi4b/PBL5/ydlidar_ws/install/slam_gmapping:/home/pi4b/PBL5/ydlidar_ws/install/openslam_gmapping /usr/bin/cmake /home/pi4b/PBL5/uros_ws/src/ackermann-vehicle-gzsim-ros2/saye_control -DCMAKE_INSTALL_PREFIX=/home/pi4b/PBL5/uros_ws/install/saye_control
[0.409s] -- Found ament_cmake: 1.3.14 (/opt/ros/humble/share/ament_cmake/cmake)
[1.129s] -- Override CMake install command with custom implementation using symlinks instead of copying resources
[1.227s] -- Found rclcpp: 16.0.19 (/opt/ros/humble/share/rclcpp/cmake)
[1.508s] -- Found rosidl_generator_c: 3.1.8 (/opt/ros/humble/share/rosidl_generator_c/cmake)
[1.527s] -- Found rosidl_adapter: 3.1.8 (/opt/ros/humble/share/rosidl_adapter/cmake)
[1.575s] -- Found rosidl_generator_cpp: 3.1.8 (/opt/ros/humble/share/rosidl_generator_cpp/cmake)
[1.640s] -- Using all available rosidl_typesupport_c: rosidl_typesupport_fastrtps_c;rosidl_typesupport_introspection_c
[1.724s] -- Using all available rosidl_typesupport_cpp: rosidl_typesupport_fastrtps_cpp;rosidl_typesupport_introspection_cpp
[1.947s] -- Found rmw_implementation_cmake: 6.1.2 (/opt/ros/humble/share/rmw_implementation_cmake/cmake)
[1.961s] -- Found rmw_fastrtps_cpp: 6.2.10 (/opt/ros/humble/share/rmw_fastrtps_cpp/cmake)
[3.249s] -- Using RMW implementation 'rmw_fastrtps_cpp' as default
[3.572s] -- Found rclpy: 3.3.21 (/opt/ros/humble/share/rclpy/cmake)
[3.575s] -- Found sensor_msgs: 4.9.1 (/opt/ros/humble/share/sensor_msgs/cmake)
[3.750s] -- Found saye_msgs: 0.0.0 (/home/pi4b/PBL5/uros_ws/install/saye_msgs/share/saye_msgs/cmake)
[4.298s] -- Found ament_lint_auto: 0.12.15 (/opt/ros/humble/share/ament_lint_auto/cmake)
[4.632s] Error parsing '/home/pi4b/PBL5/uros_ws/src/ackermann-vehicle-gzsim-ros2/saye_control/package.xml':
[4.892s] Traceback (most recent call last):
[4.893s]   File "/opt/ros/humble/share/ament_cmake_core/cmake/core/package_xml_2_cmake.py", line 150, in <module>
[4.894s]     main()
[4.895s]   File "/opt/ros/humble/share/ament_cmake_core/cmake/core/package_xml_2_cmake.py", line 53, in main
[4.897s]     raise e
[4.898s]   File "/opt/ros/humble/share/ament_cmake_core/cmake/core/package_xml_2_cmake.py", line 49, in main
[4.900s]     package = parse_package_string(
[4.902s]   File "/usr/lib/python3/dist-packages/catkin_pkg/package.py", line 786, in parse_package_string
[4.910s]     raise InvalidPackage('Error(s):%s' % (''.join(['\n- %s' % e for e in errors])), filename)
[4.912s] catkin_pkg.package.InvalidPackage: Error(s) in package '/home/pi4b/PBL5/uros_ws/src/ackermann-vehicle-gzsim-ros2/saye_control/package.xml':
[4.914s] Error(s):
[4.916s] - The generic dependency on 'rclpy' is redundant with: exec_depend
[4.918s] - The generic dependency on 'geometry_msgs' is redundant with: exec_depend
[5.012s] [31mCMake Error at /opt/ros/humble/share/ament_cmake_core/cmake/core/ament_package_xml.cmake:95 (message):
[5.013s]   execute_process(/usr/bin/python3
[5.013s]   /opt/ros/humble/share/ament_cmake_core/cmake/core/package_xml_2_cmake.py
[5.016s]   /home/pi4b/PBL5/uros_ws/src/ackermann-vehicle-gzsim-ros2/saye_control/package.xml
[5.017s] -- Configuring incomplete, errors occurred!
[5.017s] See also "/home/pi4b/PBL5/uros_ws/build/saye_control/CMakeFiles/CMakeOutput.log".
[5.017s]   /home/pi4b/PBL5/uros_ws/build/saye_control/ament_cmake_core/package.cmake)
[5.018s]   returned error code 1
[5.018s] Call Stack (most recent call first):
[5.019s]   /opt/ros/humble/share/ament_cmake_core/cmake/core/ament_package_xml.cmake:49 (_ament_package_xml)
[5.019s]   /opt/ros/humble/share/ament_lint_auto/cmake/ament_lint_auto_find_test_dependencies.cmake:31 (ament_package_xml)
[5.019s]   CMakeLists.txt:45 (ament_lint_auto_find_test_dependencies)
[5.020s] 
[5.021s] [0m
[5.051s] Invoked command in '/home/pi4b/PBL5/uros_ws/build/saye_control' returned '1': CMAKE_PREFIX_PATH=/home/pi4b/PBL5/uros_ws/install/saye_msgs:/home/pi4b/PBL5/uros_ws/install/ydlidar_robot_bringup:/home/pi4b/PBL5/uros_ws/install/saye_control:/home/pi4b/PBL5/uros_ws/install/saye_bringup:/home/pi4b/PBL5/uros_ws/install/saye_description:/home/pi4b/PBL5/uros_ws/install/micro_ros_setup:/home/pi4b/PBL5/uros_ws/install/micro_ros_agent:/home/pi4b/PBL5/uros_ws/install/micro_ros_msgs:/home/pi4b/PBL5/ydlidar_ws/install/ydlidar_ros2_driver:/home/pi4b/PBL5/ydlidar_ws/install/slam_gmapping:/home/pi4b/PBL5/ydlidar_ws/install/openslam_gmapping /usr/bin/cmake /home/pi4b/PBL5/uros_ws/src/ackermann-vehicle-gzsim-ros2/saye_control -DCMAKE_INSTALL_PREFIX=/home/pi4b/PBL5/uros_ws/install/saye_control
