[0.100s] Invoking command in '/home/pi4b/PBL5/uros_ws/build/ydlidar_robot_bringup': CMAKE_PREFIX_PATH=${CMAKE_PREFIX_PATH}:/opt/ros/humble /usr/bin/cmake /home/pi4b/PBL5/uros_ws/src/ydlidar_robot_bringup -DAMENT_CMAKE_SYMLINK_INSTALL=1 -DCMAKE_INSTALL_PREFIX=/home/pi4b/PBL5/uros_ws/install/ydlidar_robot_bringup
[0.476s] -- The C compiler identification is GNU 11.4.0
[0.805s] -- The CXX compiler identification is GNU 11.4.0
[0.838s] -- Detecting C compiler ABI info
[1.386s] -- Detecting C compiler ABI info - done
[1.421s] -- Check for working C compiler: /usr/bin/cc - skipped
[1.424s] -- Detecting C compile features
[1.426s] -- Detecting C compile features - done
[1.441s] -- Detecting CXX compiler ABI info
[1.985s] -- Detecting CXX compiler ABI info - done
[2.013s] -- Check for working CXX compiler: /usr/bin/c++ - skipped
[2.017s] -- Detecting CXX compile features
[2.020s] -- Detecting CXX compile features - done
[2.070s] -- Found ament_cmake: 1.3.14 (/opt/ros/humble/share/ament_cmake/cmake)
[3.136s] -- Found Python3: /usr/bin/python3 (found version "3.10.12") found components: Interpreter 
[3.560s] -- Override CMake install command with custom implementation using symlinks instead of copying resources
[4.042s] -- Found ament_lint_auto: 0.12.15 (/opt/ros/humble/share/ament_lint_auto/cmake)
[4.727s] -- Added test 'flake8' to check Python code syntax and style conventions
[4.734s] -- Added test 'lint_cmake' to check CMake code style
[4.738s] -- Added test 'pep257' to check Python code against some of the docstring style conventions in PEP 257
[4.754s] -- Added test 'xmllint' to check XML markup files
[4.766s] -- Configuring done
[4.790s] -- Generating done
[4.800s] -- Build files have been written to: /home/pi4b/PBL5/uros_ws/build/ydlidar_robot_bringup
[4.823s] Invoked command in '/home/pi4b/PBL5/uros_ws/build/ydlidar_robot_bringup' returned '0': CMAKE_PREFIX_PATH=${CMAKE_PREFIX_PATH}:/opt/ros/humble /usr/bin/cmake /home/pi4b/PBL5/uros_ws/src/ydlidar_robot_bringup -DAMENT_CMAKE_SYMLINK_INSTALL=1 -DCMAKE_INSTALL_PREFIX=/home/pi4b/PBL5/uros_ws/install/ydlidar_robot_bringup
[4.825s] Invoking command in '/home/pi4b/PBL5/uros_ws/build/ydlidar_robot_bringup': CMAKE_PREFIX_PATH=${CMAKE_PREFIX_PATH}:/opt/ros/humble /usr/bin/cmake --build /home/pi4b/PBL5/uros_ws/build/ydlidar_robot_bringup -- -j4 -l4
[5.208s] Invoked command in '/home/pi4b/PBL5/uros_ws/build/ydlidar_robot_bringup' returned '0': CMAKE_PREFIX_PATH=${CMAKE_PREFIX_PATH}:/opt/ros/humble /usr/bin/cmake --build /home/pi4b/PBL5/uros_ws/build/ydlidar_robot_bringup -- -j4 -l4
[5.225s] Invoking command in '/home/pi4b/PBL5/uros_ws/build/ydlidar_robot_bringup': CMAKE_PREFIX_PATH=${CMAKE_PREFIX_PATH}:/opt/ros/humble /usr/bin/cmake --install /home/pi4b/PBL5/uros_ws/build/ydlidar_robot_bringup
[5.303s] -- Install configuration: ""
[5.305s] -- Execute custom install script
[5.309s] -- Symlinking: /home/pi4b/PBL5/uros_ws/install/ydlidar_robot_bringup/share/ydlidar_robot_bringup//urdf/robot.urdf.xacro
[5.397s] -- Symlinking: /home/pi4b/PBL5/uros_ws/install/ydlidar_robot_bringup/share/ydlidar_robot_bringup//launch/bringup.launch.py
[5.542s] -- Symlinking: /home/pi4b/PBL5/uros_ws/install/ydlidar_robot_bringup/share/ydlidar_robot_bringup//launch/default_robot.launch.py
[5.658s] -- Symlinking: /home/pi4b/PBL5/uros_ws/install/ydlidar_robot_bringup/share/ydlidar_robot_bringup//launch/description.launch.py
[5.799s] -- Symlinking: /home/pi4b/PBL5/uros_ws/install/ydlidar_robot_bringup/share/ydlidar_robot_bringup//launch/lasers.launch.py
[5.911s] -- Symlinking: /home/pi4b/PBL5/uros_ws/install/ydlidar_robot_bringup/share/ydlidar_robot_bringup//launch/sensors.launch.py
[6.003s] -- Symlinking: /home/pi4b/PBL5/uros_ws/install/ydlidar_robot_bringup/share/ydlidar_robot_bringup//launch/slam.launch.py
[6.108s] -- Symlinking: /home/pi4b/PBL5/uros_ws/install/ydlidar_robot_bringup/share/ydlidar_robot_bringup//config/ekf.yaml
[6.200s] -- Symlinking: /home/pi4b/PBL5/uros_ws/install/ydlidar_robot_bringup/share/ydlidar_robot_bringup//config/mapper_params_online_async.yaml
[6.300s] -- Symlinking: /home/pi4b/PBL5/uros_ws/install/ydlidar_robot_bringup/share/ament_index/resource_index/package_run_dependencies/ydlidar_robot_bringup
[6.422s] -- Symlinking: /home/pi4b/PBL5/uros_ws/install/ydlidar_robot_bringup/share/ament_index/resource_index/parent_prefix_path/ydlidar_robot_bringup
[6.579s] -- Symlinking: /home/pi4b/PBL5/uros_ws/install/ydlidar_robot_bringup/share/ydlidar_robot_bringup/environment/ament_prefix_path.sh
[6.674s] -- Symlinking: /home/pi4b/PBL5/uros_ws/install/ydlidar_robot_bringup/share/ydlidar_robot_bringup/environment/ament_prefix_path.dsv
[6.745s] -- Symlinking: /home/pi4b/PBL5/uros_ws/install/ydlidar_robot_bringup/share/ydlidar_robot_bringup/environment/path.sh
[6.847s] -- Symlinking: /home/pi4b/PBL5/uros_ws/install/ydlidar_robot_bringup/share/ydlidar_robot_bringup/environment/path.dsv
[6.938s] -- Symlinking: /home/pi4b/PBL5/uros_ws/install/ydlidar_robot_bringup/share/ydlidar_robot_bringup/local_setup.bash
[7.033s] -- Symlinking: /home/pi4b/PBL5/uros_ws/install/ydlidar_robot_bringup/share/ydlidar_robot_bringup/local_setup.sh
[7.153s] -- Symlinking: /home/pi4b/PBL5/uros_ws/install/ydlidar_robot_bringup/share/ydlidar_robot_bringup/local_setup.zsh
[7.247s] -- Symlinking: /home/pi4b/PBL5/uros_ws/install/ydlidar_robot_bringup/share/ydlidar_robot_bringup/local_setup.dsv
[7.358s] -- Symlinking: /home/pi4b/PBL5/uros_ws/install/ydlidar_robot_bringup/share/ydlidar_robot_bringup/package.dsv
[7.464s] -- Symlinking: /home/pi4b/PBL5/uros_ws/install/ydlidar_robot_bringup/share/ament_index/resource_index/packages/ydlidar_robot_bringup
[7.529s] -- Symlinking: /home/pi4b/PBL5/uros_ws/install/ydlidar_robot_bringup/share/ydlidar_robot_bringup/cmake/ydlidar_robot_bringupConfig.cmake
[7.608s] -- Symlinking: /home/pi4b/PBL5/uros_ws/install/ydlidar_robot_bringup/share/ydlidar_robot_bringup/cmake/ydlidar_robot_bringupConfig-version.cmake
[7.754s] -- Symlinking: /home/pi4b/PBL5/uros_ws/install/ydlidar_robot_bringup/share/ydlidar_robot_bringup/package.xml
[7.872s] Invoked command in '/home/pi4b/PBL5/uros_ws/build/ydlidar_robot_bringup' returned '0': CMAKE_PREFIX_PATH=${CMAKE_PREFIX_PATH}:/opt/ros/humble /usr/bin/cmake --install /home/pi4b/PBL5/uros_ws/build/ydlidar_robot_bringup
