[0.057s] Invoking command in '/home/pi4b/PBL5/uros_ws/build/micro_ros_msgs': CMAKE_PREFIX_PATH=${CMAKE_PREFIX_PATH}:/opt/ros/humble /usr/bin/cmake /home/pi4b/PBL5/uros_ws/src/uros/micro_ros_msgs -DUAGENT_BUILD_EXECUTABLE=OFF -DUAGENT_P2P_PROFILE=OFF --no-warn-unused-cli -DCMAKE_INSTALL_PREFIX=/home/pi4b/PBL5/uros_ws/install/micro_ros_msgs
[0.086s] Not searching for unused variables given on the command line.
[0.333s] -- The C compiler identification is GNU 11.4.0
[0.596s] -- The CXX compiler identification is GNU 11.4.0
[0.629s] -- Detecting C compiler ABI info
[0.974s] -- Detecting C compiler ABI info - done
[1.001s] -- Check for working C compiler: /usr/bin/cc - skipped
[1.001s] -- Detecting C compile features
[1.003s] -- Detecting C compile features - done
[1.014s] -- Detecting CXX compiler ABI info
[1.387s] -- Detecting CXX compiler ABI info - done
[1.413s] -- Check for working CXX compiler: /usr/bin/c++ - skipped
[1.414s] -- Detecting CXX compile features
[1.415s] -- Detecting CXX compile features - done
[1.448s] -- Found ament_cmake: 1.3.14 (/opt/ros/humble/share/ament_cmake/cmake)
[2.205s] -- Found Python3: /usr/bin/python3 (found version "3.10.12") found components: Interpreter 
[2.842s] -- Found rosidl_default_generators: 1.2.1 (/opt/ros/humble/share/rosidl_default_generators/cmake)
[2.876s] -- Using all available rosidl_typesupport_c: rosidl_typesupport_fastrtps_c;rosidl_typesupport_introspection_c
[2.951s] -- Found rosidl_adapter: 3.1.8 (/opt/ros/humble/share/rosidl_adapter/cmake)
[3.327s] -- Using all available rosidl_typesupport_cpp: rosidl_typesupport_fastrtps_cpp;rosidl_typesupport_introspection_cpp
[3.639s] -- Found ament_lint_auto: 0.12.15 (/opt/ros/humble/share/ament_lint_auto/cmake)
[5.064s] -- Found ament_cmake_ros: 0.10.0 (/opt/ros/humble/share/ament_cmake_ros/cmake)
[5.993s] -- Using all available rosidl_typesupport_c: rosidl_typesupport_fastrtps_c;rosidl_typesupport_introspection_c
[7.159s] -- Using all available rosidl_typesupport_cpp: rosidl_typesupport_fastrtps_cpp;rosidl_typesupport_introspection_cpp
[7.277s] -- Found PythonInterp: /usr/bin/python3 (found suitable version "3.10.12", minimum required is "3.6") 
[7.307s] -- Found python_cmake_module: 0.10.0 (/opt/ros/humble/share/python_cmake_module/cmake)
[7.442s] -- Found PythonLibs: /usr/lib/aarch64-linux-gnu/libpython3.10.so (found suitable version "3.10.12", minimum required is "3.5") 
[7.443s] -- Using PYTHON_EXECUTABLE: /usr/bin/python3
[7.444s] -- Using PYTHON_INCLUDE_DIRS: /usr/include/python3.10
[7.444s] -- Using PYTHON_LIBRARIES: /usr/lib/aarch64-linux-gnu/libpython3.10.so
[7.548s] -- Found PythonExtra: .so  
[8.022s] -- Added test 'copyright' to check source files copyright and LICENSE
[8.112s] -- Added test 'lint_cmake' to check CMake code style
[8.183s] -- Added test 'xmllint' to check XML markup files
[8.232s] -- Configuring done
[8.415s] -- Generating done
[8.460s] -- Build files have been written to: /home/pi4b/PBL5/uros_ws/build/micro_ros_msgs
[8.485s] Invoked command in '/home/pi4b/PBL5/uros_ws/build/micro_ros_msgs' returned '0': CMAKE_PREFIX_PATH=${CMAKE_PREFIX_PATH}:/opt/ros/humble /usr/bin/cmake /home/pi4b/PBL5/uros_ws/src/uros/micro_ros_msgs -DUAGENT_BUILD_EXECUTABLE=OFF -DUAGENT_P2P_PROFILE=OFF --no-warn-unused-cli -DCMAKE_INSTALL_PREFIX=/home/pi4b/PBL5/uros_ws/install/micro_ros_msgs
[8.496s] Invoking command in '/home/pi4b/PBL5/uros_ws/build/micro_ros_msgs': CMAKE_PREFIX_PATH=${CMAKE_PREFIX_PATH}:/opt/ros/humble /usr/bin/cmake --build /home/pi4b/PBL5/uros_ws/build/micro_ros_msgs -- -j4 -l4
[8.686s] [  2%] [34m[1mGenerating C code for ROS interfaces[0m
[8.733s] [  4%] [34m[1mGenerating Rust code for ROS interfaces[0m
[8.751s] [  6%] [34m[1mGenerating C++ code for ROS interfaces[0m
[8.787s] [  6%] Built target ament_cmake_python_copy_micro_ros_msgs
[10.452s] [  6%] Built target micro_ros_msgs__rs
[10.543s] running egg_info
[10.546s] creating micro_ros_msgs.egg-info
[10.547s] writing micro_ros_msgs.egg-info/PKG-INFO
[10.548s] writing dependency_links to micro_ros_msgs.egg-info/dependency_links.txt
[10.549s] writing top-level names to micro_ros_msgs.egg-info/top_level.txt
[10.550s] writing manifest file 'micro_ros_msgs.egg-info/SOURCES.txt'
[10.559s] reading manifest file 'micro_ros_msgs.egg-info/SOURCES.txt'
[10.562s] writing manifest file 'micro_ros_msgs.egg-info/SOURCES.txt'
[10.763s] [  6%] Built target ament_cmake_python_build_micro_ros_msgs_egg
[11.102s] [  8%] [32mBuilding C object CMakeFiles/micro_ros_msgs__rosidl_generator_c.dir/rosidl_generator_c/micro_ros_msgs/msg/detail/graph__functions.c.o[0m
[11.110s] [ 10%] [32mBuilding C object CMakeFiles/micro_ros_msgs__rosidl_generator_c.dir/rosidl_generator_c/micro_ros_msgs/msg/detail/node__functions.c.o[0m
[11.127s] [ 12%] [32mBuilding C object CMakeFiles/micro_ros_msgs__rosidl_generator_c.dir/rosidl_generator_c/micro_ros_msgs/msg/detail/entity__functions.c.o[0m
[11.356s] [ 12%] Built target micro_ros_msgs__cpp
[11.406s] [ 14%] [34m[1mGenerating C++ type support for eProsima Fast-RTPS[0m
[11.433s] [ 16%] [34m[1mGenerating C++ introspection for ROS interfaces[0m
[11.436s] [ 18%] [34m[1mGenerating C++ type support dispatch for ROS interfaces[0m
[11.452s] [ 20%] [32m[1mLinking C shared library libmicro_ros_msgs__rosidl_generator_c.so[0m
[11.701s] [ 20%] Built target micro_ros_msgs__rosidl_generator_c
[11.769s] [ 22%] [34m[1mGenerating C type support dispatch for ROS interfaces[0m
[13.242s] [ 25%] [32mBuilding CXX object CMakeFiles/micro_ros_msgs__rosidl_typesupport_cpp.dir/rosidl_typesupport_cpp/micro_ros_msgs/msg/graph__type_support.cpp.o[0m
[13.562s] [ 27%] [32mBuilding CXX object CMakeFiles/micro_ros_msgs__rosidl_typesupport_introspection_cpp.dir/rosidl_typesupport_introspection_cpp/micro_ros_msgs/msg/detail/graph__type_support.cpp.o[0m
[13.598s] [ 29%] [32mBuilding CXX object CMakeFiles/micro_ros_msgs__rosidl_typesupport_c.dir/rosidl_typesupport_c/micro_ros_msgs/msg/graph__type_support.cpp.o[0m
[13.680s] [ 31%] [32mBuilding CXX object CMakeFiles/micro_ros_msgs__rosidl_typesupport_fastrtps_cpp.dir/rosidl_typesupport_fastrtps_cpp/micro_ros_msgs/msg/detail/dds_fastrtps/graph__type_support.cpp.o[0m
[13.776s] [ 33%] [32mBuilding CXX object CMakeFiles/micro_ros_msgs__rosidl_typesupport_c.dir/rosidl_typesupport_c/micro_ros_msgs/msg/node__type_support.cpp.o[0m
[13.951s] [ 35%] [32mBuilding CXX object CMakeFiles/micro_ros_msgs__rosidl_typesupport_c.dir/rosidl_typesupport_c/micro_ros_msgs/msg/entity__type_support.cpp.o[0m
[14.173s] [ 37%] [32m[1mLinking CXX shared library libmicro_ros_msgs__rosidl_typesupport_c.so[0m
[14.432s] [ 37%] Built target micro_ros_msgs__rosidl_typesupport_c
[14.490s] [ 39%] [32mBuilding CXX object CMakeFiles/micro_ros_msgs__rosidl_typesupport_introspection_cpp.dir/rosidl_typesupport_introspection_cpp/micro_ros_msgs/msg/detail/node__type_support.cpp.o[0m
[14.968s] [ 41%] [32mBuilding CXX object CMakeFiles/micro_ros_msgs__rosidl_typesupport_cpp.dir/rosidl_typesupport_cpp/micro_ros_msgs/msg/node__type_support.cpp.o[0m
[16.692s] [ 43%] [32mBuilding CXX object CMakeFiles/micro_ros_msgs__rosidl_typesupport_fastrtps_cpp.dir/rosidl_typesupport_fastrtps_cpp/micro_ros_msgs/msg/detail/dds_fastrtps/node__type_support.cpp.o[0m
[16.827s] [ 45%] [32mBuilding CXX object CMakeFiles/micro_ros_msgs__rosidl_typesupport_introspection_cpp.dir/rosidl_typesupport_introspection_cpp/micro_ros_msgs/msg/detail/entity__type_support.cpp.o[0m
[16.949s] [ 47%] [32mBuilding CXX object CMakeFiles/micro_ros_msgs__rosidl_typesupport_cpp.dir/rosidl_typesupport_cpp/micro_ros_msgs/msg/entity__type_support.cpp.o[0m
[17.655s] [ 50%] [32mBuilding CXX object CMakeFiles/micro_ros_msgs__rosidl_typesupport_fastrtps_cpp.dir/rosidl_typesupport_fastrtps_cpp/micro_ros_msgs/msg/detail/dds_fastrtps/entity__type_support.cpp.o[0m
[18.862s] [ 52%] [32m[1mLinking CXX shared library libmicro_ros_msgs__rosidl_typesupport_cpp.so[0m
[19.145s] [ 52%] Built target micro_ros_msgs__rosidl_typesupport_cpp
[19.209s] [ 54%] [34m[1mGenerating C introspection for ROS interfaces[0m
[19.450s] [ 56%] [32m[1mLinking CXX shared library libmicro_ros_msgs__rosidl_typesupport_introspection_cpp.so[0m
[19.716s] [ 58%] [34m[1mGenerating C type support for eProsima Fast-RTPS[0m
[19.967s] [ 58%] Built target micro_ros_msgs__rosidl_typesupport_introspection_cpp
[20.588s] [ 60%] [32m[1mLinking CXX shared library libmicro_ros_msgs__rosidl_typesupport_fastrtps_cpp.so[0m
[20.993s] [ 60%] Built target micro_ros_msgs__rosidl_typesupport_fastrtps_cpp
[21.169s] [ 62%] [32mBuilding C object CMakeFiles/micro_ros_msgs__rosidl_typesupport_introspection_c.dir/rosidl_typesupport_introspection_c/micro_ros_msgs/msg/detail/graph__type_support.c.o[0m
[21.173s] [ 64%] [32mBuilding C object CMakeFiles/micro_ros_msgs__rosidl_typesupport_introspection_c.dir/rosidl_typesupport_introspection_c/micro_ros_msgs/msg/detail/entity__type_support.c.o[0m
[21.183s] [ 66%] [32mBuilding C object CMakeFiles/micro_ros_msgs__rosidl_typesupport_introspection_c.dir/rosidl_typesupport_introspection_c/micro_ros_msgs/msg/detail/node__type_support.c.o[0m
[21.433s] [ 68%] [32m[1mLinking C shared library libmicro_ros_msgs__rosidl_typesupport_introspection_c.so[0m
[21.587s] [ 68%] Built target micro_ros_msgs__rosidl_typesupport_introspection_c
[21.607s] [ 70%] [32mBuilding CXX object CMakeFiles/micro_ros_msgs__rosidl_typesupport_fastrtps_c.dir/rosidl_typesupport_fastrtps_c/micro_ros_msgs/msg/detail/graph__type_support_c.cpp.o[0m
[21.612s] [ 75%] [32mBuilding CXX object CMakeFiles/micro_ros_msgs__rosidl_typesupport_fastrtps_c.dir/rosidl_typesupport_fastrtps_c/micro_ros_msgs/msg/detail/entity__type_support_c.cpp.o[0m
[21.613s] [ 75%] [32mBuilding CXX object CMakeFiles/micro_ros_msgs__rosidl_typesupport_fastrtps_c.dir/rosidl_typesupport_fastrtps_c/micro_ros_msgs/msg/detail/node__type_support_c.cpp.o[0m
[23.499s] [ 77%] [32m[1mLinking CXX shared library libmicro_ros_msgs__rosidl_typesupport_fastrtps_c.so[0m
[23.811s] [ 77%] Built target micro_ros_msgs__rosidl_typesupport_fastrtps_c
[23.906s] [ 77%] Built target micro_ros_msgs
[24.005s] [ 79%] [34m[1mGenerating Python code for ROS interfaces[0m
[26.231s] [ 79%] Built target micro_ros_msgs__py
[26.332s] [ 81%] [32mBuilding C object CMakeFiles/micro_ros_msgs__rosidl_generator_py.dir/rosidl_generator_py/micro_ros_msgs/msg/_graph_s.c.o[0m
[26.336s] [ 85%] [32mBuilding C object CMakeFiles/micro_ros_msgs__rosidl_generator_py.dir/rosidl_generator_py/micro_ros_msgs/msg/_entity_s.c.o[0m
[26.337s] [ 85%] [32mBuilding C object CMakeFiles/micro_ros_msgs__rosidl_generator_py.dir/rosidl_generator_py/micro_ros_msgs/msg/_node_s.c.o[0m
[26.987s] [ 87%] [32m[1mLinking C shared library rosidl_generator_py/micro_ros_msgs/libmicro_ros_msgs__rosidl_generator_py.so[0m
[27.184s] [ 87%] Built target micro_ros_msgs__rosidl_generator_py
[27.287s] [ 89%] [32mBuilding C object CMakeFiles/micro_ros_msgs__rosidl_typesupport_introspection_c__pyext.dir/rosidl_generator_py/micro_ros_msgs/_micro_ros_msgs_s.ep.rosidl_typesupport_introspection_c.c.o[0m
[27.291s] [ 91%] [32mBuilding C object CMakeFiles/micro_ros_msgs__rosidl_typesupport_c__pyext.dir/rosidl_generator_py/micro_ros_msgs/_micro_ros_msgs_s.ep.rosidl_typesupport_c.c.o[0m
[27.293s] [ 93%] [32mBuilding C object CMakeFiles/micro_ros_msgs__rosidl_typesupport_fastrtps_c__pyext.dir/rosidl_generator_py/micro_ros_msgs/_micro_ros_msgs_s.ep.rosidl_typesupport_fastrtps_c.c.o[0m
[27.795s] [ 95%] [32m[1mLinking C shared library rosidl_generator_py/micro_ros_msgs/micro_ros_msgs_s__rosidl_typesupport_c.cpython-310-aarch64-linux-gnu.so[0m
[27.807s] [ 97%] [32m[1mLinking C shared library rosidl_generator_py/micro_ros_msgs/micro_ros_msgs_s__rosidl_typesupport_introspection_c.cpython-310-aarch64-linux-gnu.so[0m
[27.862s] [100%] [32m[1mLinking C shared library rosidl_generator_py/micro_ros_msgs/micro_ros_msgs_s__rosidl_typesupport_fastrtps_c.cpython-310-aarch64-linux-gnu.so[0m
[27.993s] [100%] Built target micro_ros_msgs__rosidl_typesupport_c__pyext
[28.007s] [100%] Built target micro_ros_msgs__rosidl_typesupport_introspection_c__pyext
[28.057s] [100%] Built target micro_ros_msgs__rosidl_typesupport_fastrtps_c__pyext
[28.106s] Invoked command in '/home/pi4b/PBL5/uros_ws/build/micro_ros_msgs' returned '0': CMAKE_PREFIX_PATH=${CMAKE_PREFIX_PATH}:/opt/ros/humble /usr/bin/cmake --build /home/pi4b/PBL5/uros_ws/build/micro_ros_msgs -- -j4 -l4
[28.153s] Invoking command in '/home/pi4b/PBL5/uros_ws/build/micro_ros_msgs': CMAKE_PREFIX_PATH=${CMAKE_PREFIX_PATH}:/opt/ros/humble /usr/bin/cmake --install /home/pi4b/PBL5/uros_ws/build/micro_ros_msgs
[28.186s] -- Install configuration: ""
[28.188s] -- Installing: /home/pi4b/PBL5/uros_ws/install/micro_ros_msgs/share/ament_index/resource_index/rosidl_interfaces/micro_ros_msgs
[28.189s] -- Installing: /home/pi4b/PBL5/uros_ws/install/micro_ros_msgs/include/micro_ros_msgs/micro_ros_msgs
[28.190s] -- Installing: /home/pi4b/PBL5/uros_ws/install/micro_ros_msgs/include/micro_ros_msgs/micro_ros_msgs/msg
[28.190s] -- Installing: /home/pi4b/PBL5/uros_ws/install/micro_ros_msgs/include/micro_ros_msgs/micro_ros_msgs/msg/rosidl_generator_c__visibility_control.h
[28.192s] -- Installing: /home/pi4b/PBL5/uros_ws/install/micro_ros_msgs/include/micro_ros_msgs/micro_ros_msgs/msg/entity.h
[28.193s] -- Installing: /home/pi4b/PBL5/uros_ws/install/micro_ros_msgs/include/micro_ros_msgs/micro_ros_msgs/msg/node.h
[28.194s] -- Installing: /home/pi4b/PBL5/uros_ws/install/micro_ros_msgs/include/micro_ros_msgs/micro_ros_msgs/msg/detail
[28.195s] -- Installing: /home/pi4b/PBL5/uros_ws/install/micro_ros_msgs/include/micro_ros_msgs/micro_ros_msgs/msg/detail/entity__functions.c
[28.196s] -- Installing: /home/pi4b/PBL5/uros_ws/install/micro_ros_msgs/include/micro_ros_msgs/micro_ros_msgs/msg/detail/node__functions.c
[28.197s] -- Installing: /home/pi4b/PBL5/uros_ws/install/micro_ros_msgs/include/micro_ros_msgs/micro_ros_msgs/msg/detail/entity__struct.h
[28.198s] -- Installing: /home/pi4b/PBL5/uros_ws/install/micro_ros_msgs/include/micro_ros_msgs/micro_ros_msgs/msg/detail/entity__functions.h
[28.199s] -- Installing: /home/pi4b/PBL5/uros_ws/install/micro_ros_msgs/include/micro_ros_msgs/micro_ros_msgs/msg/detail/graph__type_support.h
[28.201s] -- Installing: /home/pi4b/PBL5/uros_ws/install/micro_ros_msgs/include/micro_ros_msgs/micro_ros_msgs/msg/detail/node__type_support.h
[28.202s] -- Installing: /home/pi4b/PBL5/uros_ws/install/micro_ros_msgs/include/micro_ros_msgs/micro_ros_msgs/msg/detail/graph__functions.c
[28.203s] -- Installing: /home/pi4b/PBL5/uros_ws/install/micro_ros_msgs/include/micro_ros_msgs/micro_ros_msgs/msg/detail/entity__type_support.h
[28.204s] -- Installing: /home/pi4b/PBL5/uros_ws/install/micro_ros_msgs/include/micro_ros_msgs/micro_ros_msgs/msg/detail/graph__functions.h
[28.205s] -- Installing: /home/pi4b/PBL5/uros_ws/install/micro_ros_msgs/include/micro_ros_msgs/micro_ros_msgs/msg/detail/node__struct.h
[28.206s] -- Installing: /home/pi4b/PBL5/uros_ws/install/micro_ros_msgs/include/micro_ros_msgs/micro_ros_msgs/msg/detail/graph__struct.h
[28.207s] -- Installing: /home/pi4b/PBL5/uros_ws/install/micro_ros_msgs/include/micro_ros_msgs/micro_ros_msgs/msg/detail/node__functions.h
[28.208s] -- Installing: /home/pi4b/PBL5/uros_ws/install/micro_ros_msgs/include/micro_ros_msgs/micro_ros_msgs/msg/graph.h
[28.210s] -- Installing: /home/pi4b/PBL5/uros_ws/install/micro_ros_msgs/share/micro_ros_msgs/environment/library_path.sh
[28.211s] -- Installing: /home/pi4b/PBL5/uros_ws/install/micro_ros_msgs/share/micro_ros_msgs/environment/library_path.dsv
[28.213s] -- Installing: /home/pi4b/PBL5/uros_ws/install/micro_ros_msgs/lib/libmicro_ros_msgs__rosidl_generator_c.so
[28.216s] -- Set runtime path of "/home/pi4b/PBL5/uros_ws/install/micro_ros_msgs/lib/libmicro_ros_msgs__rosidl_generator_c.so" to ""
[28.217s] -- Up-to-date: /home/pi4b/PBL5/uros_ws/install/micro_ros_msgs/include/micro_ros_msgs/micro_ros_msgs
[28.217s] -- Up-to-date: /home/pi4b/PBL5/uros_ws/install/micro_ros_msgs/include/micro_ros_msgs/micro_ros_msgs/msg
[28.218s] -- Up-to-date: /home/pi4b/PBL5/uros_ws/install/micro_ros_msgs/include/micro_ros_msgs/micro_ros_msgs/msg/detail
[28.219s] -- Installing: /home/pi4b/PBL5/uros_ws/install/micro_ros_msgs/include/micro_ros_msgs/micro_ros_msgs/msg/detail/node__rosidl_typesupport_fastrtps_c.h
[28.220s] -- Installing: /home/pi4b/PBL5/uros_ws/install/micro_ros_msgs/include/micro_ros_msgs/micro_ros_msgs/msg/detail/entity__rosidl_typesupport_fastrtps_c.h
[28.221s] -- Installing: /home/pi4b/PBL5/uros_ws/install/micro_ros_msgs/include/micro_ros_msgs/micro_ros_msgs/msg/detail/graph__rosidl_typesupport_fastrtps_c.h
[28.223s] -- Installing: /home/pi4b/PBL5/uros_ws/install/micro_ros_msgs/include/micro_ros_msgs/micro_ros_msgs/msg/rosidl_typesupport_fastrtps_c__visibility_control.h
[28.225s] -- Installing: /home/pi4b/PBL5/uros_ws/install/micro_ros_msgs/lib/libmicro_ros_msgs__rosidl_typesupport_fastrtps_c.so
[28.227s] -- Set runtime path of "/home/pi4b/PBL5/uros_ws/install/micro_ros_msgs/lib/libmicro_ros_msgs__rosidl_typesupport_fastrtps_c.so" to ""
[28.228s] -- Up-to-date: /home/pi4b/PBL5/uros_ws/install/micro_ros_msgs/include/micro_ros_msgs/micro_ros_msgs
[28.228s] -- Up-to-date: /home/pi4b/PBL5/uros_ws/install/micro_ros_msgs/include/micro_ros_msgs/micro_ros_msgs/msg
[28.229s] -- Up-to-date: /home/pi4b/PBL5/uros_ws/install/micro_ros_msgs/include/micro_ros_msgs/micro_ros_msgs/msg/detail
[28.229s] -- Installing: /home/pi4b/PBL5/uros_ws/install/micro_ros_msgs/include/micro_ros_msgs/micro_ros_msgs/msg/detail/entity__rosidl_typesupport_introspection_c.h
[28.230s] -- Installing: /home/pi4b/PBL5/uros_ws/install/micro_ros_msgs/include/micro_ros_msgs/micro_ros_msgs/msg/detail/graph__type_support.c
[28.232s] -- Installing: /home/pi4b/PBL5/uros_ws/install/micro_ros_msgs/include/micro_ros_msgs/micro_ros_msgs/msg/detail/graph__rosidl_typesupport_introspection_c.h
[28.233s] -- Installing: /home/pi4b/PBL5/uros_ws/install/micro_ros_msgs/include/micro_ros_msgs/micro_ros_msgs/msg/detail/node__type_support.c
[28.234s] -- Installing: /home/pi4b/PBL5/uros_ws/install/micro_ros_msgs/include/micro_ros_msgs/micro_ros_msgs/msg/detail/node__rosidl_typesupport_introspection_c.h
[28.235s] -- Installing: /home/pi4b/PBL5/uros_ws/install/micro_ros_msgs/include/micro_ros_msgs/micro_ros_msgs/msg/detail/entity__type_support.c
[28.236s] -- Installing: /home/pi4b/PBL5/uros_ws/install/micro_ros_msgs/include/micro_ros_msgs/micro_ros_msgs/msg/rosidl_typesupport_introspection_c__visibility_control.h
[28.238s] -- Installing: /home/pi4b/PBL5/uros_ws/install/micro_ros_msgs/lib/libmicro_ros_msgs__rosidl_typesupport_introspection_c.so
[28.240s] -- Set runtime path of "/home/pi4b/PBL5/uros_ws/install/micro_ros_msgs/lib/libmicro_ros_msgs__rosidl_typesupport_introspection_c.so" to ""
[28.241s] -- Installing: /home/pi4b/PBL5/uros_ws/install/micro_ros_msgs/lib/libmicro_ros_msgs__rosidl_typesupport_c.so
[28.244s] -- Set runtime path of "/home/pi4b/PBL5/uros_ws/install/micro_ros_msgs/lib/libmicro_ros_msgs__rosidl_typesupport_c.so" to ""
[28.244s] -- Up-to-date: /home/pi4b/PBL5/uros_ws/install/micro_ros_msgs/include/micro_ros_msgs/micro_ros_msgs
[28.245s] -- Up-to-date: /home/pi4b/PBL5/uros_ws/install/micro_ros_msgs/include/micro_ros_msgs/micro_ros_msgs/msg
[28.245s] -- Installing: /home/pi4b/PBL5/uros_ws/install/micro_ros_msgs/include/micro_ros_msgs/micro_ros_msgs/msg/rosidl_generator_cpp__visibility_control.hpp
[28.246s] -- Installing: /home/pi4b/PBL5/uros_ws/install/micro_ros_msgs/include/micro_ros_msgs/micro_ros_msgs/msg/graph.hpp
[28.247s] -- Up-to-date: /home/pi4b/PBL5/uros_ws/install/micro_ros_msgs/include/micro_ros_msgs/micro_ros_msgs/msg/detail
[28.248s] -- Installing: /home/pi4b/PBL5/uros_ws/install/micro_ros_msgs/include/micro_ros_msgs/micro_ros_msgs/msg/detail/entity__builder.hpp
[28.249s] -- Installing: /home/pi4b/PBL5/uros_ws/install/micro_ros_msgs/include/micro_ros_msgs/micro_ros_msgs/msg/detail/node__struct.hpp
[28.250s] -- Installing: /home/pi4b/PBL5/uros_ws/install/micro_ros_msgs/include/micro_ros_msgs/micro_ros_msgs/msg/detail/node__traits.hpp
[28.252s] -- Installing: /home/pi4b/PBL5/uros_ws/install/micro_ros_msgs/include/micro_ros_msgs/micro_ros_msgs/msg/detail/graph__builder.hpp
[28.253s] -- Installing: /home/pi4b/PBL5/uros_ws/install/micro_ros_msgs/include/micro_ros_msgs/micro_ros_msgs/msg/detail/node__type_support.hpp
[28.254s] -- Installing: /home/pi4b/PBL5/uros_ws/install/micro_ros_msgs/include/micro_ros_msgs/micro_ros_msgs/msg/detail/entity__type_support.hpp
[28.255s] -- Installing: /home/pi4b/PBL5/uros_ws/install/micro_ros_msgs/include/micro_ros_msgs/micro_ros_msgs/msg/detail/node__builder.hpp
[28.256s] -- Installing: /home/pi4b/PBL5/uros_ws/install/micro_ros_msgs/include/micro_ros_msgs/micro_ros_msgs/msg/detail/entity__struct.hpp
[28.258s] -- Installing: /home/pi4b/PBL5/uros_ws/install/micro_ros_msgs/include/micro_ros_msgs/micro_ros_msgs/msg/detail/graph__type_support.hpp
[28.259s] -- Installing: /home/pi4b/PBL5/uros_ws/install/micro_ros_msgs/include/micro_ros_msgs/micro_ros_msgs/msg/detail/graph__struct.hpp
[28.260s] -- Installing: /home/pi4b/PBL5/uros_ws/install/micro_ros_msgs/include/micro_ros_msgs/micro_ros_msgs/msg/detail/entity__traits.hpp
[28.261s] -- Installing: /home/pi4b/PBL5/uros_ws/install/micro_ros_msgs/include/micro_ros_msgs/micro_ros_msgs/msg/detail/graph__traits.hpp
[28.262s] -- Installing: /home/pi4b/PBL5/uros_ws/install/micro_ros_msgs/include/micro_ros_msgs/micro_ros_msgs/msg/node.hpp
[28.263s] -- Installing: /home/pi4b/PBL5/uros_ws/install/micro_ros_msgs/include/micro_ros_msgs/micro_ros_msgs/msg/entity.hpp
[28.264s] -- Up-to-date: /home/pi4b/PBL5/uros_ws/install/micro_ros_msgs/include/micro_ros_msgs/micro_ros_msgs
[28.265s] -- Up-to-date: /home/pi4b/PBL5/uros_ws/install/micro_ros_msgs/include/micro_ros_msgs/micro_ros_msgs/msg
[28.265s] -- Installing: /home/pi4b/PBL5/uros_ws/install/micro_ros_msgs/include/micro_ros_msgs/micro_ros_msgs/msg/rosidl_typesupport_fastrtps_cpp__visibility_control.h
[28.266s] -- Up-to-date: /home/pi4b/PBL5/uros_ws/install/micro_ros_msgs/include/micro_ros_msgs/micro_ros_msgs/msg/detail
[28.267s] -- Installing: /home/pi4b/PBL5/uros_ws/install/micro_ros_msgs/include/micro_ros_msgs/micro_ros_msgs/msg/detail/node__rosidl_typesupport_fastrtps_cpp.hpp
[28.268s] -- Installing: /home/pi4b/PBL5/uros_ws/install/micro_ros_msgs/include/micro_ros_msgs/micro_ros_msgs/msg/detail/dds_fastrtps
[28.269s] -- Installing: /home/pi4b/PBL5/uros_ws/install/micro_ros_msgs/include/micro_ros_msgs/micro_ros_msgs/msg/detail/graph__rosidl_typesupport_fastrtps_cpp.hpp
[28.270s] -- Installing: /home/pi4b/PBL5/uros_ws/install/micro_ros_msgs/include/micro_ros_msgs/micro_ros_msgs/msg/detail/entity__rosidl_typesupport_fastrtps_cpp.hpp
[28.272s] -- Installing: /home/pi4b/PBL5/uros_ws/install/micro_ros_msgs/lib/libmicro_ros_msgs__rosidl_typesupport_fastrtps_cpp.so
[28.275s] -- Set runtime path of "/home/pi4b/PBL5/uros_ws/install/micro_ros_msgs/lib/libmicro_ros_msgs__rosidl_typesupport_fastrtps_cpp.so" to ""
[28.276s] -- Up-to-date: /home/pi4b/PBL5/uros_ws/install/micro_ros_msgs/include/micro_ros_msgs/micro_ros_msgs
[28.276s] -- Up-to-date: /home/pi4b/PBL5/uros_ws/install/micro_ros_msgs/include/micro_ros_msgs/micro_ros_msgs/msg
[28.276s] -- Up-to-date: /home/pi4b/PBL5/uros_ws/install/micro_ros_msgs/include/micro_ros_msgs/micro_ros_msgs/msg/detail
[28.277s] -- Installing: /home/pi4b/PBL5/uros_ws/install/micro_ros_msgs/include/micro_ros_msgs/micro_ros_msgs/msg/detail/node__type_support.cpp
[28.278s] -- Installing: /home/pi4b/PBL5/uros_ws/install/micro_ros_msgs/include/micro_ros_msgs/micro_ros_msgs/msg/detail/graph__type_support.cpp
[28.279s] -- Installing: /home/pi4b/PBL5/uros_ws/install/micro_ros_msgs/include/micro_ros_msgs/micro_ros_msgs/msg/detail/entity__type_support.cpp
[28.281s] -- Installing: /home/pi4b/PBL5/uros_ws/install/micro_ros_msgs/include/micro_ros_msgs/micro_ros_msgs/msg/detail/entity__rosidl_typesupport_introspection_cpp.hpp
[28.282s] -- Installing: /home/pi4b/PBL5/uros_ws/install/micro_ros_msgs/include/micro_ros_msgs/micro_ros_msgs/msg/detail/graph__rosidl_typesupport_introspection_cpp.hpp
[28.283s] -- Installing: /home/pi4b/PBL5/uros_ws/install/micro_ros_msgs/include/micro_ros_msgs/micro_ros_msgs/msg/detail/node__rosidl_typesupport_introspection_cpp.hpp
[28.285s] -- Installing: /home/pi4b/PBL5/uros_ws/install/micro_ros_msgs/lib/libmicro_ros_msgs__rosidl_typesupport_introspection_cpp.so
[28.289s] -- Set runtime path of "/home/pi4b/PBL5/uros_ws/install/micro_ros_msgs/lib/libmicro_ros_msgs__rosidl_typesupport_introspection_cpp.so" to ""
[28.289s] -- Installing: /home/pi4b/PBL5/uros_ws/install/micro_ros_msgs/lib/libmicro_ros_msgs__rosidl_typesupport_cpp.so
[28.291s] -- Set runtime path of "/home/pi4b/PBL5/uros_ws/install/micro_ros_msgs/lib/libmicro_ros_msgs__rosidl_typesupport_cpp.so" to ""
[28.292s] -- Installing: /home/pi4b/PBL5/uros_ws/install/micro_ros_msgs/share/micro_ros_msgs/environment/pythonpath.sh
[28.293s] -- Installing: /home/pi4b/PBL5/uros_ws/install/micro_ros_msgs/share/micro_ros_msgs/environment/pythonpath.dsv
[28.294s] -- Installing: /home/pi4b/PBL5/uros_ws/install/micro_ros_msgs/local/lib/python3.10/dist-packages/micro_ros_msgs-3.0.1-py3.10.egg-info
[28.295s] -- Installing: /home/pi4b/PBL5/uros_ws/install/micro_ros_msgs/local/lib/python3.10/dist-packages/micro_ros_msgs-3.0.1-py3.10.egg-info/PKG-INFO
[28.297s] -- Installing: /home/pi4b/PBL5/uros_ws/install/micro_ros_msgs/local/lib/python3.10/dist-packages/micro_ros_msgs-3.0.1-py3.10.egg-info/top_level.txt
[28.298s] -- Installing: /home/pi4b/PBL5/uros_ws/install/micro_ros_msgs/local/lib/python3.10/dist-packages/micro_ros_msgs-3.0.1-py3.10.egg-info/dependency_links.txt
[28.299s] -- Installing: /home/pi4b/PBL5/uros_ws/install/micro_ros_msgs/local/lib/python3.10/dist-packages/micro_ros_msgs-3.0.1-py3.10.egg-info/SOURCES.txt
[28.300s] -- Installing: /home/pi4b/PBL5/uros_ws/install/micro_ros_msgs/local/lib/python3.10/dist-packages/micro_ros_msgs
[28.301s] -- Installing: /home/pi4b/PBL5/uros_ws/install/micro_ros_msgs/local/lib/python3.10/dist-packages/micro_ros_msgs/msg
[28.302s] -- Installing: /home/pi4b/PBL5/uros_ws/install/micro_ros_msgs/local/lib/python3.10/dist-packages/micro_ros_msgs/msg/_node_s.c
[28.303s] -- Installing: /home/pi4b/PBL5/uros_ws/install/micro_ros_msgs/local/lib/python3.10/dist-packages/micro_ros_msgs/msg/_graph.py
[28.304s] -- Installing: /home/pi4b/PBL5/uros_ws/install/micro_ros_msgs/local/lib/python3.10/dist-packages/micro_ros_msgs/msg/__init__.py
[28.305s] -- Installing: /home/pi4b/PBL5/uros_ws/install/micro_ros_msgs/local/lib/python3.10/dist-packages/micro_ros_msgs/msg/_entity_s.c
[28.306s] -- Installing: /home/pi4b/PBL5/uros_ws/install/micro_ros_msgs/local/lib/python3.10/dist-packages/micro_ros_msgs/msg/_graph_s.c
[28.308s] -- Installing: /home/pi4b/PBL5/uros_ws/install/micro_ros_msgs/local/lib/python3.10/dist-packages/micro_ros_msgs/msg/_node.py
[28.309s] -- Installing: /home/pi4b/PBL5/uros_ws/install/micro_ros_msgs/local/lib/python3.10/dist-packages/micro_ros_msgs/msg/_entity.py
[28.310s] -- Installing: /home/pi4b/PBL5/uros_ws/install/micro_ros_msgs/local/lib/python3.10/dist-packages/micro_ros_msgs/micro_ros_msgs_s__rosidl_typesupport_c.cpython-310-aarch64-linux-gnu.so
[28.311s] -- Installing: /home/pi4b/PBL5/uros_ws/install/micro_ros_msgs/local/lib/python3.10/dist-packages/micro_ros_msgs/__init__.py
[28.312s] -- Installing: /home/pi4b/PBL5/uros_ws/install/micro_ros_msgs/local/lib/python3.10/dist-packages/micro_ros_msgs/_micro_ros_msgs_s.ep.rosidl_typesupport_c.c
[28.314s] -- Installing: /home/pi4b/PBL5/uros_ws/install/micro_ros_msgs/local/lib/python3.10/dist-packages/micro_ros_msgs/micro_ros_msgs_s__rosidl_typesupport_fastrtps_c.cpython-310-aarch64-linux-gnu.so
[28.316s] -- Installing: /home/pi4b/PBL5/uros_ws/install/micro_ros_msgs/local/lib/python3.10/dist-packages/micro_ros_msgs/_micro_ros_msgs_s.ep.rosidl_typesupport_introspection_c.c
[28.317s] -- Installing: /home/pi4b/PBL5/uros_ws/install/micro_ros_msgs/local/lib/python3.10/dist-packages/micro_ros_msgs/_micro_ros_msgs_s.ep.rosidl_typesupport_fastrtps_c.c
[28.319s] -- Installing: /home/pi4b/PBL5/uros_ws/install/micro_ros_msgs/local/lib/python3.10/dist-packages/micro_ros_msgs/micro_ros_msgs_s__rosidl_typesupport_introspection_c.cpython-310-aarch64-linux-gnu.so
[28.322s] -- Installing: /home/pi4b/PBL5/uros_ws/install/micro_ros_msgs/local/lib/python3.10/dist-packages/micro_ros_msgs/libmicro_ros_msgs__rosidl_generator_py.so
[28.485s] Listing '/home/pi4b/PBL5/uros_ws/install/micro_ros_msgs/local/lib/python3.10/dist-packages/micro_ros_msgs'...
[28.486s] Compiling '/home/pi4b/PBL5/uros_ws/install/micro_ros_msgs/local/lib/python3.10/dist-packages/micro_ros_msgs/__init__.py'...
[28.488s] Listing '/home/pi4b/PBL5/uros_ws/install/micro_ros_msgs/local/lib/python3.10/dist-packages/micro_ros_msgs/msg'...
[28.489s] Compiling '/home/pi4b/PBL5/uros_ws/install/micro_ros_msgs/local/lib/python3.10/dist-packages/micro_ros_msgs/msg/__init__.py'...
[28.490s] Compiling '/home/pi4b/PBL5/uros_ws/install/micro_ros_msgs/local/lib/python3.10/dist-packages/micro_ros_msgs/msg/_entity.py'...
[28.491s] Compiling '/home/pi4b/PBL5/uros_ws/install/micro_ros_msgs/local/lib/python3.10/dist-packages/micro_ros_msgs/msg/_graph.py'...
[28.492s] Compiling '/home/pi4b/PBL5/uros_ws/install/micro_ros_msgs/local/lib/python3.10/dist-packages/micro_ros_msgs/msg/_node.py'...
[28.511s] -- Installing: /home/pi4b/PBL5/uros_ws/install/micro_ros_msgs/local/lib/python3.10/dist-packages/micro_ros_msgs/micro_ros_msgs_s__rosidl_typesupport_fastrtps_c.cpython-310-aarch64-linux-gnu.so
[28.514s] -- Set runtime path of "/home/pi4b/PBL5/uros_ws/install/micro_ros_msgs/local/lib/python3.10/dist-packages/micro_ros_msgs/micro_ros_msgs_s__rosidl_typesupport_fastrtps_c.cpython-310-aarch64-linux-gnu.so" to ""
[28.516s] -- Installing: /home/pi4b/PBL5/uros_ws/install/micro_ros_msgs/local/lib/python3.10/dist-packages/micro_ros_msgs/micro_ros_msgs_s__rosidl_typesupport_introspection_c.cpython-310-aarch64-linux-gnu.so
[28.520s] -- Set runtime path of "/home/pi4b/PBL5/uros_ws/install/micro_ros_msgs/local/lib/python3.10/dist-packages/micro_ros_msgs/micro_ros_msgs_s__rosidl_typesupport_introspection_c.cpython-310-aarch64-linux-gnu.so" to ""
[28.522s] -- Installing: /home/pi4b/PBL5/uros_ws/install/micro_ros_msgs/local/lib/python3.10/dist-packages/micro_ros_msgs/micro_ros_msgs_s__rosidl_typesupport_c.cpython-310-aarch64-linux-gnu.so
[28.526s] -- Set runtime path of "/home/pi4b/PBL5/uros_ws/install/micro_ros_msgs/local/lib/python3.10/dist-packages/micro_ros_msgs/micro_ros_msgs_s__rosidl_typesupport_c.cpython-310-aarch64-linux-gnu.so" to ""
[28.527s] -- Installing: /home/pi4b/PBL5/uros_ws/install/micro_ros_msgs/lib/libmicro_ros_msgs__rosidl_generator_py.so
[28.529s] -- Set runtime path of "/home/pi4b/PBL5/uros_ws/install/micro_ros_msgs/lib/libmicro_ros_msgs__rosidl_generator_py.so" to ""
[28.530s] -- Installing: /home/pi4b/PBL5/uros_ws/install/micro_ros_msgs/share/ament_index/resource_index/rust_packages/micro_ros_msgs
[28.531s] -- Installing: /home/pi4b/PBL5/uros_ws/install/micro_ros_msgs/share/micro_ros_msgs/rust
[28.532s] -- Installing: /home/pi4b/PBL5/uros_ws/install/micro_ros_msgs/share/micro_ros_msgs/rust/Cargo.toml
[28.533s] -- Installing: /home/pi4b/PBL5/uros_ws/install/micro_ros_msgs/share/micro_ros_msgs/rust/src
[28.533s] -- Installing: /home/pi4b/PBL5/uros_ws/install/micro_ros_msgs/share/micro_ros_msgs/rust/src/msg
[28.534s] -- Installing: /home/pi4b/PBL5/uros_ws/install/micro_ros_msgs/share/micro_ros_msgs/rust/src/msg/rmw.rs
[28.535s] -- Installing: /home/pi4b/PBL5/uros_ws/install/micro_ros_msgs/share/micro_ros_msgs/rust/src/msg.rs
[28.536s] -- Installing: /home/pi4b/PBL5/uros_ws/install/micro_ros_msgs/share/micro_ros_msgs/rust/src/lib.rs
[28.537s] -- Installing: /home/pi4b/PBL5/uros_ws/install/micro_ros_msgs/share/micro_ros_msgs/rust/build.rs
[28.539s] -- Installing: /home/pi4b/PBL5/uros_ws/install/micro_ros_msgs/share/micro_ros_msgs/msg/Graph.idl
[28.540s] -- Installing: /home/pi4b/PBL5/uros_ws/install/micro_ros_msgs/share/micro_ros_msgs/msg/Node.idl
[28.542s] -- Installing: /home/pi4b/PBL5/uros_ws/install/micro_ros_msgs/share/micro_ros_msgs/msg/Entity.idl
[28.543s] -- Installing: /home/pi4b/PBL5/uros_ws/install/micro_ros_msgs/share/micro_ros_msgs/msg/Graph.msg
[28.544s] -- Installing: /home/pi4b/PBL5/uros_ws/install/micro_ros_msgs/share/micro_ros_msgs/msg/Node.msg
[28.545s] -- Installing: /home/pi4b/PBL5/uros_ws/install/micro_ros_msgs/share/micro_ros_msgs/msg/Entity.msg
[28.547s] -- Installing: /home/pi4b/PBL5/uros_ws/install/micro_ros_msgs/share/ament_index/resource_index/package_run_dependencies/micro_ros_msgs
[28.548s] -- Installing: /home/pi4b/PBL5/uros_ws/install/micro_ros_msgs/share/ament_index/resource_index/parent_prefix_path/micro_ros_msgs
[28.550s] -- Installing: /home/pi4b/PBL5/uros_ws/install/micro_ros_msgs/share/micro_ros_msgs/environment/ament_prefix_path.sh
[28.552s] -- Installing: /home/pi4b/PBL5/uros_ws/install/micro_ros_msgs/share/micro_ros_msgs/environment/ament_prefix_path.dsv
[28.553s] -- Installing: /home/pi4b/PBL5/uros_ws/install/micro_ros_msgs/share/micro_ros_msgs/environment/path.sh
[28.554s] -- Installing: /home/pi4b/PBL5/uros_ws/install/micro_ros_msgs/share/micro_ros_msgs/environment/path.dsv
[28.555s] -- Installing: /home/pi4b/PBL5/uros_ws/install/micro_ros_msgs/share/micro_ros_msgs/local_setup.bash
[28.556s] -- Installing: /home/pi4b/PBL5/uros_ws/install/micro_ros_msgs/share/micro_ros_msgs/local_setup.sh
[28.557s] -- Installing: /home/pi4b/PBL5/uros_ws/install/micro_ros_msgs/share/micro_ros_msgs/local_setup.zsh
[28.559s] -- Installing: /home/pi4b/PBL5/uros_ws/install/micro_ros_msgs/share/micro_ros_msgs/local_setup.dsv
[28.560s] -- Installing: /home/pi4b/PBL5/uros_ws/install/micro_ros_msgs/share/micro_ros_msgs/package.dsv
[28.561s] -- Installing: /home/pi4b/PBL5/uros_ws/install/micro_ros_msgs/share/ament_index/resource_index/packages/micro_ros_msgs
[28.563s] -- Installing: /home/pi4b/PBL5/uros_ws/install/micro_ros_msgs/share/micro_ros_msgs/cmake/export_micro_ros_msgs__rosidl_generator_cExport.cmake
[28.564s] -- Installing: /home/pi4b/PBL5/uros_ws/install/micro_ros_msgs/share/micro_ros_msgs/cmake/export_micro_ros_msgs__rosidl_generator_cExport-noconfig.cmake
[28.566s] -- Installing: /home/pi4b/PBL5/uros_ws/install/micro_ros_msgs/share/micro_ros_msgs/cmake/export_micro_ros_msgs__rosidl_typesupport_fastrtps_cExport.cmake
[28.567s] -- Installing: /home/pi4b/PBL5/uros_ws/install/micro_ros_msgs/share/micro_ros_msgs/cmake/export_micro_ros_msgs__rosidl_typesupport_fastrtps_cExport-noconfig.cmake
[28.569s] -- Installing: /home/pi4b/PBL5/uros_ws/install/micro_ros_msgs/share/micro_ros_msgs/cmake/micro_ros_msgs__rosidl_typesupport_introspection_cExport.cmake
[28.570s] -- Installing: /home/pi4b/PBL5/uros_ws/install/micro_ros_msgs/share/micro_ros_msgs/cmake/micro_ros_msgs__rosidl_typesupport_introspection_cExport-noconfig.cmake
[28.572s] -- Installing: /home/pi4b/PBL5/uros_ws/install/micro_ros_msgs/share/micro_ros_msgs/cmake/micro_ros_msgs__rosidl_typesupport_cExport.cmake
[28.573s] -- Installing: /home/pi4b/PBL5/uros_ws/install/micro_ros_msgs/share/micro_ros_msgs/cmake/micro_ros_msgs__rosidl_typesupport_cExport-noconfig.cmake
[28.575s] -- Installing: /home/pi4b/PBL5/uros_ws/install/micro_ros_msgs/share/micro_ros_msgs/cmake/export_micro_ros_msgs__rosidl_generator_cppExport.cmake
[28.576s] -- Installing: /home/pi4b/PBL5/uros_ws/install/micro_ros_msgs/share/micro_ros_msgs/cmake/export_micro_ros_msgs__rosidl_typesupport_fastrtps_cppExport.cmake
[28.578s] -- Installing: /home/pi4b/PBL5/uros_ws/install/micro_ros_msgs/share/micro_ros_msgs/cmake/export_micro_ros_msgs__rosidl_typesupport_fastrtps_cppExport-noconfig.cmake
[28.579s] -- Installing: /home/pi4b/PBL5/uros_ws/install/micro_ros_msgs/share/micro_ros_msgs/cmake/micro_ros_msgs__rosidl_typesupport_introspection_cppExport.cmake
[28.581s] -- Installing: /home/pi4b/PBL5/uros_ws/install/micro_ros_msgs/share/micro_ros_msgs/cmake/micro_ros_msgs__rosidl_typesupport_introspection_cppExport-noconfig.cmake
[28.582s] -- Installing: /home/pi4b/PBL5/uros_ws/install/micro_ros_msgs/share/micro_ros_msgs/cmake/micro_ros_msgs__rosidl_typesupport_cppExport.cmake
[28.584s] -- Installing: /home/pi4b/PBL5/uros_ws/install/micro_ros_msgs/share/micro_ros_msgs/cmake/micro_ros_msgs__rosidl_typesupport_cppExport-noconfig.cmake
[28.586s] -- Installing: /home/pi4b/PBL5/uros_ws/install/micro_ros_msgs/share/micro_ros_msgs/cmake/export_micro_ros_msgs__rosidl_generator_pyExport.cmake
[28.587s] -- Installing: /home/pi4b/PBL5/uros_ws/install/micro_ros_msgs/share/micro_ros_msgs/cmake/export_micro_ros_msgs__rosidl_generator_pyExport-noconfig.cmake
[28.589s] -- Installing: /home/pi4b/PBL5/uros_ws/install/micro_ros_msgs/share/micro_ros_msgs/cmake/rosidl_cmake-extras.cmake
[28.590s] -- Installing: /home/pi4b/PBL5/uros_ws/install/micro_ros_msgs/share/micro_ros_msgs/cmake/ament_cmake_export_include_directories-extras.cmake
[28.591s] -- Installing: /home/pi4b/PBL5/uros_ws/install/micro_ros_msgs/share/micro_ros_msgs/cmake/ament_cmake_export_libraries-extras.cmake
[28.593s] -- Installing: /home/pi4b/PBL5/uros_ws/install/micro_ros_msgs/share/micro_ros_msgs/cmake/ament_cmake_export_targets-extras.cmake
[28.594s] -- Installing: /home/pi4b/PBL5/uros_ws/install/micro_ros_msgs/share/micro_ros_msgs/cmake/rosidl_cmake_export_typesupport_targets-extras.cmake
[28.595s] -- Installing: /home/pi4b/PBL5/uros_ws/install/micro_ros_msgs/share/micro_ros_msgs/cmake/ament_cmake_export_dependencies-extras.cmake
[28.597s] -- Installing: /home/pi4b/PBL5/uros_ws/install/micro_ros_msgs/share/micro_ros_msgs/cmake/rosidl_cmake_export_typesupport_libraries-extras.cmake
[28.598s] -- Installing: /home/pi4b/PBL5/uros_ws/install/micro_ros_msgs/share/micro_ros_msgs/cmake/micro_ros_msgsConfig.cmake
[28.599s] -- Installing: /home/pi4b/PBL5/uros_ws/install/micro_ros_msgs/share/micro_ros_msgs/cmake/micro_ros_msgsConfig-version.cmake
[28.601s] -- Installing: /home/pi4b/PBL5/uros_ws/install/micro_ros_msgs/share/micro_ros_msgs/package.xml
[28.609s] Invoked command in '/home/pi4b/PBL5/uros_ws/build/micro_ros_msgs' returned '0': CMAKE_PREFIX_PATH=${CMAKE_PREFIX_PATH}:/opt/ros/humble /usr/bin/cmake --install /home/pi4b/PBL5/uros_ws/build/micro_ros_msgs
