[0.085s] Invoking command in '/home/pi4b/PBL5/uros_ws/build/ydlidar_robot_bringup': CMAKE_PREFIX_PATH=${CMAKE_PREFIX_PATH}:/opt/ros/humble /usr/bin/cmake --build /home/pi4b/PBL5/uros_ws/build/ydlidar_robot_bringup -- -j4 -l4
[0.531s] Invoked command in '/home/pi4b/PBL5/uros_ws/build/ydlidar_robot_bringup' returned '0': CMAKE_PREFIX_PATH=${CMAKE_PREFIX_PATH}:/opt/ros/humble /usr/bin/cmake --build /home/pi4b/PBL5/uros_ws/build/ydlidar_robot_bringup -- -j4 -l4
[0.584s] Invoking command in '/home/pi4b/PBL5/uros_ws/build/ydlidar_robot_bringup': CMAKE_PREFIX_PATH=${CMAKE_PREFIX_PATH}:/opt/ros/humble /usr/bin/cmake --install /home/pi4b/PBL5/uros_ws/build/ydlidar_robot_bringup
[0.620s] -- Install configuration: ""
[0.625s] -- Execute custom install script
[0.635s] -- Up-to-date symlink: /home/pi4b/PBL5/uros_ws/install/ydlidar_robot_bringup/share/ydlidar_robot_bringup//urdf/robot.urdf.xacro
[0.640s] -- Up-to-date symlink: /home/pi4b/PBL5/uros_ws/install/ydlidar_robot_bringup/share/ydlidar_robot_bringup//launch/bringup.launch.py
[0.641s] -- Symlinking: /home/pi4b/PBL5/uros_ws/install/ydlidar_robot_bringup/share/ydlidar_robot_bringup//launch/default_robot.launch.py
[0.685s] -- Up-to-date symlink: /home/pi4b/PBL5/uros_ws/install/ydlidar_robot_bringup/share/ydlidar_robot_bringup//launch/description.launch.py
[0.686s] -- Symlinking: /home/pi4b/PBL5/uros_ws/install/ydlidar_robot_bringup/share/ydlidar_robot_bringup//launch/lasers.launch.py
[0.727s] -- Up-to-date symlink: /home/pi4b/PBL5/uros_ws/install/ydlidar_robot_bringup/share/ydlidar_robot_bringup//launch/sensors.launch.py
[0.728s] -- Symlinking: /home/pi4b/PBL5/uros_ws/install/ydlidar_robot_bringup/share/ydlidar_robot_bringup//launch/slam.launch.py
[0.773s] -- Up-to-date symlink: /home/pi4b/PBL5/uros_ws/install/ydlidar_robot_bringup/share/ydlidar_robot_bringup//config/ekf.yaml
[0.773s] -- Symlinking: /home/pi4b/PBL5/uros_ws/install/ydlidar_robot_bringup/share/ydlidar_robot_bringup//config/mapper_params_online_async.yaml
[0.813s] -- Up-to-date symlink: /home/pi4b/PBL5/uros_ws/install/ydlidar_robot_bringup/share/ament_index/resource_index/package_run_dependencies/ydlidar_robot_bringup
[0.817s] -- Up-to-date symlink: /home/pi4b/PBL5/uros_ws/install/ydlidar_robot_bringup/share/ament_index/resource_index/parent_prefix_path/ydlidar_robot_bringup
[0.820s] -- Up-to-date symlink: /home/pi4b/PBL5/uros_ws/install/ydlidar_robot_bringup/share/ydlidar_robot_bringup/environment/ament_prefix_path.sh
[0.821s] -- Up-to-date symlink: /home/pi4b/PBL5/uros_ws/install/ydlidar_robot_bringup/share/ydlidar_robot_bringup/environment/ament_prefix_path.dsv
[0.823s] -- Up-to-date symlink: /home/pi4b/PBL5/uros_ws/install/ydlidar_robot_bringup/share/ydlidar_robot_bringup/environment/path.sh
[0.824s] -- Up-to-date symlink: /home/pi4b/PBL5/uros_ws/install/ydlidar_robot_bringup/share/ydlidar_robot_bringup/environment/path.dsv
[0.825s] -- Up-to-date symlink: /home/pi4b/PBL5/uros_ws/install/ydlidar_robot_bringup/share/ydlidar_robot_bringup/local_setup.bash
[0.827s] -- Up-to-date symlink: /home/pi4b/PBL5/uros_ws/install/ydlidar_robot_bringup/share/ydlidar_robot_bringup/local_setup.sh
[0.829s] -- Up-to-date symlink: /home/pi4b/PBL5/uros_ws/install/ydlidar_robot_bringup/share/ydlidar_robot_bringup/local_setup.zsh
[0.830s] -- Up-to-date symlink: /home/pi4b/PBL5/uros_ws/install/ydlidar_robot_bringup/share/ydlidar_robot_bringup/local_setup.dsv
[0.831s] -- Symlinking: /home/pi4b/PBL5/uros_ws/install/ydlidar_robot_bringup/share/ydlidar_robot_bringup/package.dsv
[0.876s] -- Up-to-date symlink: /home/pi4b/PBL5/uros_ws/install/ydlidar_robot_bringup/share/ament_index/resource_index/packages/ydlidar_robot_bringup
[0.878s] -- Up-to-date symlink: /home/pi4b/PBL5/uros_ws/install/ydlidar_robot_bringup/share/ydlidar_robot_bringup/cmake/ydlidar_robot_bringupConfig.cmake
[0.880s] -- Up-to-date symlink: /home/pi4b/PBL5/uros_ws/install/ydlidar_robot_bringup/share/ydlidar_robot_bringup/cmake/ydlidar_robot_bringupConfig-version.cmake
[0.881s] -- Up-to-date symlink: /home/pi4b/PBL5/uros_ws/install/ydlidar_robot_bringup/share/ydlidar_robot_bringup/package.xml
[0.889s] Invoked command in '/home/pi4b/PBL5/uros_ws/build/ydlidar_robot_bringup' returned '0': CMAKE_PREFIX_PATH=${CMAKE_PREFIX_PATH}:/opt/ros/humble /usr/bin/cmake --install /home/pi4b/PBL5/uros_ws/build/ydlidar_robot_bringup
