[0.058s] Invoking command in '/home/pi4b/PBL5/uros_ws/build/ydlidar_robot_bringup': CMAKE_PREFIX_PATH=${CMAKE_PREFIX_PATH}:/opt/ros/humble /usr/bin/cmake --build /home/pi4b/PBL5/uros_ws/build/ydlidar_robot_bringup -- -j4 -l4
[0.248s] Invoked command in '/home/pi4b/PBL5/uros_ws/build/ydlidar_robot_bringup' returned '0': CMAKE_PREFIX_PATH=${CMAKE_PREFIX_PATH}:/opt/ros/humble /usr/bin/cmake --build /home/pi4b/PBL5/uros_ws/build/ydlidar_robot_bringup -- -j4 -l4
[0.298s] Invoking command in '/home/pi4b/PBL5/uros_ws/build/ydlidar_robot_bringup': CMAKE_PREFIX_PATH=${CMAKE_PREFIX_PATH}:/opt/ros/humble /usr/bin/cmake --install /home/pi4b/PBL5/uros_ws/build/ydlidar_robot_bringup
[0.331s] -- Install configuration: ""
[0.334s] -- Execute custom install script
[0.336s] -- Up-to-date symlink: /home/pi4b/PBL5/uros_ws/install/ydlidar_robot_bringup/share/ydlidar_robot_bringup//urdf/robot.urdf.xacro
[0.339s] -- Up-to-date symlink: /home/pi4b/PBL5/uros_ws/install/ydlidar_robot_bringup/share/ydlidar_robot_bringup//launch/bringup.launch.py
[0.339s] -- Up-to-date symlink: /home/pi4b/PBL5/uros_ws/install/ydlidar_robot_bringup/share/ydlidar_robot_bringup//launch/description.launch.py
[0.340s] -- Up-to-date symlink: /home/pi4b/PBL5/uros_ws/install/ydlidar_robot_bringup/share/ydlidar_robot_bringup//launch/sensors.launch.py
[0.342s] -- Up-to-date symlink: /home/pi4b/PBL5/uros_ws/install/ydlidar_robot_bringup/share/ydlidar_robot_bringup//config/ekf.yaml
[0.343s] -- Up-to-date symlink: /home/pi4b/PBL5/uros_ws/install/ydlidar_robot_bringup/share/ament_index/resource_index/package_run_dependencies/ydlidar_robot_bringup
[0.344s] -- Up-to-date symlink: /home/pi4b/PBL5/uros_ws/install/ydlidar_robot_bringup/share/ament_index/resource_index/parent_prefix_path/ydlidar_robot_bringup
[0.345s] -- Up-to-date symlink: /home/pi4b/PBL5/uros_ws/install/ydlidar_robot_bringup/share/ydlidar_robot_bringup/environment/ament_prefix_path.sh
[0.346s] -- Up-to-date symlink: /home/pi4b/PBL5/uros_ws/install/ydlidar_robot_bringup/share/ydlidar_robot_bringup/environment/ament_prefix_path.dsv
[0.347s] -- Up-to-date symlink: /home/pi4b/PBL5/uros_ws/install/ydlidar_robot_bringup/share/ydlidar_robot_bringup/environment/path.sh
[0.348s] -- Up-to-date symlink: /home/pi4b/PBL5/uros_ws/install/ydlidar_robot_bringup/share/ydlidar_robot_bringup/environment/path.dsv
[0.349s] -- Up-to-date symlink: /home/pi4b/PBL5/uros_ws/install/ydlidar_robot_bringup/share/ydlidar_robot_bringup/local_setup.bash
[0.350s] -- Up-to-date symlink: /home/pi4b/PBL5/uros_ws/install/ydlidar_robot_bringup/share/ydlidar_robot_bringup/local_setup.sh
[0.351s] -- Up-to-date symlink: /home/pi4b/PBL5/uros_ws/install/ydlidar_robot_bringup/share/ydlidar_robot_bringup/local_setup.zsh
[0.352s] -- Up-to-date symlink: /home/pi4b/PBL5/uros_ws/install/ydlidar_robot_bringup/share/ydlidar_robot_bringup/local_setup.dsv
[0.353s] -- Symlinking: /home/pi4b/PBL5/uros_ws/install/ydlidar_robot_bringup/share/ydlidar_robot_bringup/package.dsv
[0.390s] -- Up-to-date symlink: /home/pi4b/PBL5/uros_ws/install/ydlidar_robot_bringup/share/ament_index/resource_index/packages/ydlidar_robot_bringup
[0.391s] -- Up-to-date symlink: /home/pi4b/PBL5/uros_ws/install/ydlidar_robot_bringup/share/ydlidar_robot_bringup/cmake/ydlidar_robot_bringupConfig.cmake
[0.391s] -- Up-to-date symlink: /home/pi4b/PBL5/uros_ws/install/ydlidar_robot_bringup/share/ydlidar_robot_bringup/cmake/ydlidar_robot_bringupConfig-version.cmake
[0.392s] -- Up-to-date symlink: /home/pi4b/PBL5/uros_ws/install/ydlidar_robot_bringup/share/ydlidar_robot_bringup/package.xml
[0.399s] Invoked command in '/home/pi4b/PBL5/uros_ws/build/ydlidar_robot_bringup' returned '0': CMAKE_PREFIX_PATH=${CMAKE_PREFIX_PATH}:/opt/ros/humble /usr/bin/cmake --install /home/pi4b/PBL5/uros_ws/build/ydlidar_robot_bringup
