[0.056s] Invoking command in '/home/pi4b/PBL5/uros_ws/build/ydlidar_robot_bringup': CMAKE_PREFIX_PATH=${CMAKE_PREFIX_PATH}:/opt/ros/humble /usr/bin/cmake --build /home/pi4b/PBL5/uros_ws/build/ydlidar_robot_bringup -- -j4 -l4
[0.176s] -- Found ament_cmake: 1.3.14 (/opt/ros/humble/share/ament_cmake/cmake)
[0.751s] -- Override CMake install command with custom implementation using symlinks instead of copying resources
[0.786s] -- Found ament_lint_auto: 0.12.15 (/opt/ros/humble/share/ament_lint_auto/cmake)
[1.118s] -- Added test 'flake8' to check Python code syntax and style conventions
[1.121s] -- Added test 'lint_cmake' to check CMake code style
[1.124s] -- Added test 'pep257' to check Python code against some of the docstring style conventions in PEP 257
[1.137s] -- Added test 'xmllint' to check XML markup files
[1.142s] -- Configuring done
[1.161s] -- Generating done
[1.170s] -- Build files have been written to: /home/pi4b/PBL5/uros_ws/build/ydlidar_robot_bringup
[1.264s] Invoked command in '/home/pi4b/PBL5/uros_ws/build/ydlidar_robot_bringup' returned '0': CMAKE_PREFIX_PATH=${CMAKE_PREFIX_PATH}:/opt/ros/humble /usr/bin/cmake --build /home/pi4b/PBL5/uros_ws/build/ydlidar_robot_bringup -- -j4 -l4
[1.315s] Invoking command in '/home/pi4b/PBL5/uros_ws/build/ydlidar_robot_bringup': CMAKE_PREFIX_PATH=${CMAKE_PREFIX_PATH}:/opt/ros/humble /usr/bin/cmake --install /home/pi4b/PBL5/uros_ws/build/ydlidar_robot_bringup
[1.347s] -- Install configuration: ""
[1.349s] -- Execute custom install script
[1.350s] -- Symlinking: /home/pi4b/PBL5/uros_ws/install/ydlidar_robot_bringup/share/ydlidar_robot_bringup//urdf/robot.urdf.xacro
[1.390s] -- Up-to-date symlink: /home/pi4b/PBL5/uros_ws/install/ydlidar_robot_bringup/share/ydlidar_robot_bringup//launch/bringup.launch.py
[1.390s] -- Symlinking: /home/pi4b/PBL5/uros_ws/install/ydlidar_robot_bringup/share/ydlidar_robot_bringup//launch/description.launch.py
[1.430s] -- Up-to-date symlink: /home/pi4b/PBL5/uros_ws/install/ydlidar_robot_bringup/share/ydlidar_robot_bringup//launch/sensors.launch.py
[1.430s] [31mCMake Error at ament_cmake_symlink_install/ament_cmake_symlink_install.cmake:105 (message):
[1.431s]   ament_cmake_symlink_install_directory() can't find
[1.431s]   '/home/pi4b/PBL5/uros_ws/src/ydlidar_robot_bringup/meshes'
[1.432s] Call Stack (most recent call first):
[1.432s]   ament_cmake_symlink_install/ament_cmake_symlink_install.cmake:319 (ament_cmake_symlink_install_directory)
[1.433s]   cmake_install.cmake:46 (include)
[1.434s] 
[1.435s] [0m
[1.438s] Invoked command in '/home/pi4b/PBL5/uros_ws/build/ydlidar_robot_bringup' returned '1': CMAKE_PREFIX_PATH=${CMAKE_PREFIX_PATH}:/opt/ros/humble /usr/bin/cmake --install /home/pi4b/PBL5/uros_ws/build/ydlidar_robot_bringup
